[2025-06-30T09:00:12.782+0000] {taskinstance.py:1956} INFO - Dependencies all met for dep_context=non-requeueable deps ti=<TaskInstance: DAG_relatorio_revendas_diario.enviar_email_csvs scheduled__2025-06-29T09:00:00+00:00 [queued]>
[2025-06-30T09:00:12.799+0000] {taskinstance.py:1956} INFO - Dependencies all met for dep_context=requeueable deps ti=<TaskInstance: DAG_relatorio_revendas_diario.enviar_email_csvs scheduled__2025-06-29T09:00:00+00:00 [queued]>
[2025-06-30T09:00:12.800+0000] {taskinstance.py:2170} INFO - Starting attempt 1 of 1
[2025-06-30T09:00:12.864+0000] {taskinstance.py:2191} INFO - Executing <Task(PythonOperator): enviar_email_csvs> on 2025-06-29 09:00:00+00:00
[2025-06-30T09:00:12.876+0000] {standard_task_runner.py:60} INFO - Started process 496685 to run task
[2025-06-30T09:00:12.883+0000] {standard_task_runner.py:87} INFO - Running: ['***', 'tasks', 'run', 'DAG_relatorio_revendas_diario', 'enviar_email_csvs', 'scheduled__2025-06-29T09:00:00+00:00', '--job-id', '311', '--raw', '--subdir', 'DAGS_FOLDER/DagEnviarRelatorioDesempenho.py', '--cfg-path', '/tmp/tmpqaus4snl']
[2025-06-30T09:00:12.888+0000] {standard_task_runner.py:88} INFO - Job 311: Subtask enviar_email_csvs
[2025-06-30T09:00:13.014+0000] {task_command.py:423} INFO - Running <TaskInstance: DAG_relatorio_revendas_diario.enviar_email_csvs scheduled__2025-06-29T09:00:00+00:00 [running]> on host 99f5714845f7
[2025-06-30T09:00:13.307+0000] {taskinstance.py:2480} INFO - Exporting env vars: AIRFLOW_CTX_DAG_OWNER='***' AIRFLOW_CTX_DAG_ID='DAG_relatorio_revendas_diario' AIRFLOW_CTX_TASK_ID='enviar_email_csvs' AIRFLOW_CTX_EXECUTION_DATE='2025-06-29T09:00:00+00:00' AIRFLOW_CTX_TRY_NUMBER='1' AIRFLOW_CTX_DAG_RUN_ID='scheduled__2025-06-29T09:00:00+00:00'
[2025-06-30T09:00:16.748+0000] {logging_mixin.py:188} INFO - Email enviado para barbara.goedert@intelidata.inf.br
[2025-06-30T09:00:20.523+0000] {logging_mixin.py:188} INFO - Email enviado para comercial.coletivo@intelidata.inf.br
[2025-06-30T09:00:30.901+0000] {logging_mixin.py:188} INFO - Email enviado para emerson.mello@intelidata.inf.br
[2025-06-30T09:00:32.760+0000] {logging_mixin.py:188} INFO - Email enviado para harry.laube@intelidata.inf.br
[2025-06-30T09:00:34.799+0000] {logging_mixin.py:188} INFO - Email enviado para integração@intelidata.inf.br
[2025-06-30T09:00:36.828+0000] {logging_mixin.py:188} INFO - Email enviado para leticia.borges@intelidata.inf.br
[2025-06-30T09:00:38.750+0000] {logging_mixin.py:188} INFO - Email enviado para sabrina.lima@intelidata.inf.br
[2025-06-30T09:00:38.752+0000] {python.py:201} INFO - Done. Returned value was: None
[2025-06-30T09:00:38.773+0000] {taskinstance.py:1138} INFO - Marking task as SUCCESS. dag_id=DAG_relatorio_revendas_diario, task_id=enviar_email_csvs, execution_date=20250629T090000, start_date=20250630T090012, end_date=20250630T090038
[2025-06-30T09:00:38.850+0000] {local_task_job_runner.py:234} INFO - Task exited with return code 0
[2025-06-30T09:00:38.879+0000] {taskinstance.py:3280} INFO - 0 downstream tasks scheduled from follow-on schedule check
