[2025-07-04T04:30:07.924+0000] {taskinstance.py:1956} INFO - Dependencies all met for dep_context=non-requeueable deps ti=<TaskInstance: DAG_atualizacao_cadastral_revendas.insert_database scheduled__2025-07-03T04:30:00+00:00 [queued]>
[2025-07-04T04:30:07.940+0000] {taskinstance.py:1956} INFO - Dependencies all met for dep_context=requeueable deps ti=<TaskInstance: DAG_atualizacao_cadastral_revendas.insert_database scheduled__2025-07-03T04:30:00+00:00 [queued]>
[2025-07-04T04:30:07.941+0000] {taskinstance.py:2170} INFO - Starting attempt 1 of 1
[2025-07-04T04:30:08.004+0000] {taskinstance.py:2191} INFO - Executing <Task(PythonOperator): insert_database> on 2025-07-03 04:30:00+00:00
[2025-07-04T04:30:08.013+0000] {standard_task_runner.py:60} INFO - Started process 693003 to run task
[2025-07-04T04:30:08.019+0000] {standard_task_runner.py:87} INFO - Running: ['***', 'tasks', 'run', 'DAG_atualizacao_cadastral_revendas', 'insert_database', 'scheduled__2025-07-03T04:30:00+00:00', '--job-id', '365', '--raw', '--subdir', 'DAGS_FOLDER/DagDatasetComercial.py', '--cfg-path', '/tmp/tmpdpfky4eb']
[2025-07-04T04:30:08.021+0000] {standard_task_runner.py:88} INFO - Job 365: Subtask insert_database
[2025-07-04T04:30:08.148+0000] {task_command.py:423} INFO - Running <TaskInstance: DAG_atualizacao_cadastral_revendas.insert_database scheduled__2025-07-03T04:30:00+00:00 [running]> on host 99f5714845f7
[2025-07-04T04:30:08.394+0000] {taskinstance.py:2480} INFO - Exporting env vars: AIRFLOW_CTX_DAG_OWNER='***' AIRFLOW_CTX_DAG_ID='DAG_atualizacao_cadastral_revendas' AIRFLOW_CTX_TASK_ID='insert_database' AIRFLOW_CTX_EXECUTION_DATE='2025-07-03T04:30:00+00:00' AIRFLOW_CTX_TRY_NUMBER='1' AIRFLOW_CTX_DAG_RUN_ID='scheduled__2025-07-03T04:30:00+00:00'
[2025-07-04T04:30:08.463+0000] {base.py:83} INFO - Using connection ID 'dataset_comercial_database' for task execution.
[2025-07-04T04:30:09.810+0000] {logging_mixin.py:188} INFO - Revenda A7 Soluções Atualizada com sucesso !
[2025-07-04T04:30:10.089+0000] {logging_mixin.py:188} INFO - Revenda AB Soluções em TI Atualizada com sucesso !
[2025-07-04T04:30:10.374+0000] {logging_mixin.py:188} INFO - Revenda Adonai Automação Comercial Atualizada com sucesso !
[2025-07-04T04:30:10.655+0000] {logging_mixin.py:188} INFO - Revenda ADV SIG Atualizada com sucesso !
[2025-07-04T04:30:10.940+0000] {logging_mixin.py:188} INFO - Revenda A e A Dist. de Informática - Softart Atualizada com sucesso !
[2025-07-04T04:30:11.220+0000] {logging_mixin.py:188} INFO - Revenda Af Suporte Atualizada com sucesso !
[2025-07-04T04:30:11.499+0000] {logging_mixin.py:188} INFO - Revenda Agedata Sistemas Atualizada com sucesso !
[2025-07-04T04:30:11.778+0000] {logging_mixin.py:188} INFO - Revenda AIO Solucoes Atualizada com sucesso !
[2025-07-04T04:30:12.058+0000] {logging_mixin.py:188} INFO - Revenda AllTecInfo Atualizada com sucesso !
[2025-07-04T04:30:12.338+0000] {logging_mixin.py:188} INFO - Revenda Alpha Systemas e informática Atualizada com sucesso !
[2025-07-04T04:30:12.618+0000] {logging_mixin.py:188} INFO - Revenda Alternativa Automação Comercial Atualizada com sucesso !
[2025-07-04T04:30:12.897+0000] {logging_mixin.py:188} INFO - Revenda Amigo do Micro Atualizada com sucesso !
[2025-07-04T04:30:13.180+0000] {logging_mixin.py:188} INFO - Revenda AND Consultores Associados Atualizada com sucesso !
[2025-07-04T04:30:13.459+0000] {logging_mixin.py:188} INFO - Revenda APRN Soluções Atualizada com sucesso !
[2025-07-04T04:30:13.740+0000] {logging_mixin.py:188} INFO - Revenda Ary Sistemas de Gestão e Informatica (RNS) Atualizada com sucesso !
[2025-07-04T04:30:14.018+0000] {logging_mixin.py:188} INFO - Revenda Asteqesystem Atualizada com sucesso !
[2025-07-04T04:30:14.297+0000] {logging_mixin.py:188} INFO - Revenda Atrium Sistemas Atualizada com sucesso !
[2025-07-04T04:30:14.576+0000] {logging_mixin.py:188} INFO - Revenda Automac Digitron Atualizada com sucesso !
[2025-07-04T04:30:14.858+0000] {logging_mixin.py:188} INFO - Revenda Automaquinas - Automação Comercial Atualizada com sucesso !
[2025-07-04T04:30:15.137+0000] {logging_mixin.py:188} INFO - Revenda Autosyste Tecnologia e Inovação Atualizada com sucesso !
[2025-07-04T04:30:15.417+0000] {logging_mixin.py:188} INFO - Revenda Autotech Informática Atualizada com sucesso !
[2025-07-04T04:30:15.696+0000] {logging_mixin.py:188} INFO - Revenda Bellabyte Atualizada com sucesso !
[2025-07-04T04:30:15.980+0000] {logging_mixin.py:188} INFO - Revenda Bitech Atualizada com sucesso !
[2025-07-04T04:30:16.258+0000] {logging_mixin.py:188} INFO - Revenda Boldtsoft Sistemas Atualizada com sucesso !
[2025-07-04T04:30:16.537+0000] {logging_mixin.py:188} INFO - Revenda BRAZ TI Atualizada com sucesso !
[2025-07-04T04:30:16.817+0000] {logging_mixin.py:188} INFO - Revenda Brusoft Informatica Atualizada com sucesso !
[2025-07-04T04:30:17.096+0000] {logging_mixin.py:188} INFO - Revenda Brvatech Atualizada com sucesso !
[2025-07-04T04:30:17.375+0000] {logging_mixin.py:188} INFO - Revenda Canal Tecnico (Lumi) Atualizada com sucesso !
[2025-07-04T04:30:17.654+0000] {logging_mixin.py:188} INFO - Revenda Casa das Impressoras Atualizada com sucesso !
[2025-07-04T04:30:17.933+0000] {logging_mixin.py:188} INFO - Revenda CASTERS Atualizada com sucesso !
[2025-07-04T04:30:18.214+0000] {logging_mixin.py:188} INFO - Revenda Centec Equipamentos Atualizada com sucesso !
[2025-07-04T04:30:18.492+0000] {logging_mixin.py:188} INFO - Revenda CK Tech Consultoria Atualizada com sucesso !
[2025-07-04T04:30:18.770+0000] {logging_mixin.py:188} INFO - Revenda Compass Tecnologia da Informação Atualizada com sucesso !
[2025-07-04T04:30:19.049+0000] {logging_mixin.py:188} INFO - Revenda Compucenter Software Atualizada com sucesso !
[2025-07-04T04:30:19.329+0000] {logging_mixin.py:188} INFO - Revenda Conexão Informática Ltda Atualizada com sucesso !
[2025-07-04T04:30:19.609+0000] {logging_mixin.py:188} INFO - Revenda Connect System Soluções em Tecnologia Atualizada com sucesso !
[2025-07-04T04:30:19.888+0000] {logging_mixin.py:188} INFO - Revenda Conte Certo Serviços Atualizada com sucesso !
[2025-07-04T04:30:20.170+0000] {logging_mixin.py:188} INFO - Revenda Control Biz Atualizada com sucesso !
[2025-07-04T04:30:20.449+0000] {logging_mixin.py:188} INFO - Revenda CTi - Centro Técnico de Informática Atualizada com sucesso !
[2025-07-04T04:30:20.729+0000] {logging_mixin.py:188} INFO - Revenda D&A Automação Comercial Atualizada com sucesso !
[2025-07-04T04:30:21.008+0000] {logging_mixin.py:188} INFO - Revenda DALTEC Automacao Comercial Atualizada com sucesso !
[2025-07-04T04:30:21.288+0000] {logging_mixin.py:188} INFO - Revenda DataConta Gestão de Negócios Atualizada com sucesso !
[2025-07-04T04:30:21.571+0000] {logging_mixin.py:188} INFO - Revenda Dataproxy Atualizada com sucesso !
[2025-07-04T04:30:21.847+0000] {logging_mixin.py:188} INFO - Revenda DCODER Atualizada com sucesso !
[2025-07-04T04:30:22.127+0000] {logging_mixin.py:188} INFO - Revenda D Data Soluções Atualizada com sucesso !
[2025-07-04T04:30:22.407+0000] {logging_mixin.py:188} INFO - Revenda DGTEC Atualizada com sucesso !
[2025-07-04T04:30:22.685+0000] {logging_mixin.py:188} INFO - Revenda Digito Informatica Atualizada com sucesso !
[2025-07-04T04:30:22.964+0000] {logging_mixin.py:188} INFO - Revenda Dikoc Soluções em Software Atualizada com sucesso !
[2025-07-04T04:30:23.244+0000] {logging_mixin.py:188} INFO - Revenda DMK Sistemas e Soluções - HSI Atualizada com sucesso !
[2025-07-04T04:30:23.522+0000] {logging_mixin.py:188} INFO - Revenda DMZ Informatica Atualizada com sucesso !
[2025-07-04T04:30:23.801+0000] {logging_mixin.py:188} INFO - Revenda Dolphin Consultoria Atualizada com sucesso !
[2025-07-04T04:30:24.079+0000] {logging_mixin.py:188} INFO - Revenda DSM Consultoria em T.I. Atualizada com sucesso !
[2025-07-04T04:30:24.356+0000] {logging_mixin.py:188} INFO - Revenda Duall Tech Atualizada com sucesso !
[2025-07-04T04:30:24.635+0000] {logging_mixin.py:188} INFO - Revenda DWH Comercio de Alimentos Atualizada com sucesso !
[2025-07-04T04:30:24.914+0000] {logging_mixin.py:188} INFO - Revenda Edcom Automação Comercial Atualizada com sucesso !
[2025-07-04T04:30:25.192+0000] {logging_mixin.py:188} INFO - Revenda Eleve Tecnologia Atualizada com sucesso !
[2025-07-04T04:30:25.472+0000] {logging_mixin.py:188} INFO - Revenda Emlink Solucoes Empresariais Atualizada com sucesso !
[2025-07-04T04:30:25.752+0000] {logging_mixin.py:188} INFO - Revenda Exatop Certificação Digital e Sistemas Atualizada com sucesso !
[2025-07-04T04:30:26.032+0000] {logging_mixin.py:188} INFO - Revenda Exodus Informática Atualizada com sucesso !
[2025-07-04T04:30:26.313+0000] {logging_mixin.py:188} INFO - Revenda Extrema Software de Gestão Atualizada com sucesso !
[2025-07-04T04:30:26.595+0000] {logging_mixin.py:188} INFO - Revenda F5 Suporte e Automacão Comercial Atualizada com sucesso !
[2025-07-04T04:30:26.875+0000] {logging_mixin.py:188} INFO - Revenda Facilita Sistemas Atualizada com sucesso !
[2025-07-04T04:30:27.154+0000] {logging_mixin.py:188} INFO - Revenda Facilsys Atualizada com sucesso !
[2025-07-04T04:30:27.443+0000] {logging_mixin.py:188} INFO - Revenda F & F Soluções Empresariais Atualizada com sucesso !
[2025-07-04T04:30:27.723+0000] {logging_mixin.py:188} INFO - Revenda FKSIS - Sistemas de Gestão Atualizada com sucesso !
[2025-07-04T04:30:28.002+0000] {logging_mixin.py:188} INFO - Revenda FlorySoftt Atualizada com sucesso !
[2025-07-04T04:30:28.280+0000] {logging_mixin.py:188} INFO - Revenda Fn Info House Atualizada com sucesso !
[2025-07-04T04:30:28.560+0000] {logging_mixin.py:188} INFO - Revenda FS Informatica Atualizada com sucesso !
[2025-07-04T04:30:28.839+0000] {logging_mixin.py:188} INFO - Revenda Fusion Sistemas e Informatica Atualizada com sucesso !
[2025-07-04T04:30:29.119+0000] {logging_mixin.py:188} INFO - Revenda Gilmaq Automação Comercial Atualizada com sucesso !
[2025-07-04T04:30:29.400+0000] {logging_mixin.py:188} INFO - Revenda GM Soluções em Informática Atualizada com sucesso !
[2025-07-04T04:30:29.680+0000] {logging_mixin.py:188} INFO - Revenda Grupo GUUW Atualizada com sucesso !
[2025-07-04T04:30:29.960+0000] {logging_mixin.py:188} INFO - Revenda Guaxutec Atualizada com sucesso !
[2025-07-04T04:30:30.241+0000] {logging_mixin.py:188} INFO - Revenda HSI Automação Comercial Atualizada com sucesso !
[2025-07-04T04:30:30.521+0000] {logging_mixin.py:188} INFO - Revenda HWC Soluções Atualizada com sucesso !
[2025-07-04T04:30:30.804+0000] {logging_mixin.py:188} INFO - Revenda I7 Automação Comercial Atualizada com sucesso !
[2025-07-04T04:30:31.084+0000] {logging_mixin.py:188} INFO - Revenda Ideal Soluções Empresariais Atualizada com sucesso !
[2025-07-04T04:30:31.364+0000] {logging_mixin.py:188} INFO - Revenda ID Tecnologia Atualizada com sucesso !
[2025-07-04T04:30:31.642+0000] {logging_mixin.py:188} INFO - Revenda IFFI Soluções Atualizada com sucesso !
[2025-07-04T04:30:31.921+0000] {logging_mixin.py:188} INFO - Revenda IG TEC Atualizada com sucesso !
[2025-07-04T04:30:32.200+0000] {logging_mixin.py:188} INFO - Revenda INFOPRINTER Atualizada com sucesso !
[2025-07-04T04:30:32.480+0000] {logging_mixin.py:188} INFO - Revenda INFORMIT Atualizada com sucesso !
[2025-07-04T04:30:32.758+0000] {logging_mixin.py:188} INFO - Revenda Infor Serviços Atualizada com sucesso !
[2025-07-04T04:30:33.037+0000] {logging_mixin.py:188} INFO - Revenda Infortec Automacao Comercial Atualizada com sucesso !
[2025-07-04T04:30:33.316+0000] {logging_mixin.py:188} INFO - Revenda Infotek Atualizada com sucesso !
[2025-07-04T04:30:33.597+0000] {logging_mixin.py:188} INFO - Revenda Innovati Tecnologia (INW Store) Atualizada com sucesso !
[2025-07-04T04:30:33.880+0000] {logging_mixin.py:188} INFO - Revenda Inova Software Atualizada com sucesso !
[2025-07-04T04:30:34.158+0000] {logging_mixin.py:188} INFO - Revenda Inspire Consult & Informatica  Atualizada com sucesso !
[2025-07-04T04:30:34.436+0000] {logging_mixin.py:188} INFO - Revenda Inteltix Tecnologia (Center) Atualizada com sucesso !
[2025-07-04T04:30:34.716+0000] {logging_mixin.py:188} INFO - Revenda J7 Automação Comercial - System HD Atualizada com sucesso !
[2025-07-04T04:30:34.995+0000] {logging_mixin.py:188} INFO - Revenda Jann Informatica Atualizada com sucesso !
[2025-07-04T04:30:35.276+0000] {logging_mixin.py:188} INFO - Revenda JB Tecnologia Atualizada com sucesso !
[2025-07-04T04:30:35.555+0000] {logging_mixin.py:188} INFO - Revenda J & E Soluções Atualizada com sucesso !
[2025-07-04T04:30:35.833+0000] {logging_mixin.py:188} INFO - Revenda JExpress Atualizada com sucesso !
[2025-07-04T04:30:36.108+0000] {logging_mixin.py:188} INFO - Revenda J F Soluções Informatica Atualizada com sucesso !
[2025-07-04T04:30:36.384+0000] {logging_mixin.py:188} INFO - Revenda J F Tech Tecnologia & Sistemas Atualizada com sucesso !
[2025-07-04T04:30:36.661+0000] {logging_mixin.py:188} INFO - Revenda JHLS Automação Comercial Atualizada com sucesso !
[2025-07-04T04:30:36.939+0000] {logging_mixin.py:188} INFO - Revenda Jinsei Contabilidade Atualizada com sucesso !
[2025-07-04T04:30:37.218+0000] {logging_mixin.py:188} INFO - Revenda JJ Serviços Atualizada com sucesso !
[2025-07-04T04:30:37.498+0000] {logging_mixin.py:188} INFO - Revenda JM Informatica Atualizada com sucesso !
[2025-07-04T04:30:37.777+0000] {logging_mixin.py:188} INFO - Revenda JP Automação Comercial Atualizada com sucesso !
[2025-07-04T04:30:38.056+0000] {logging_mixin.py:188} INFO - Revenda JSR Automação Comercial  Atualizada com sucesso !
[2025-07-04T04:30:38.337+0000] {logging_mixin.py:188} INFO - Revenda Kernel Sistemas Atualizada com sucesso !
[2025-07-04T04:30:38.616+0000] {logging_mixin.py:188} INFO - Revenda KMCI Tecnologia em Automação Atualizada com sucesso !
[2025-07-04T04:30:38.893+0000] {logging_mixin.py:188} INFO - Revenda Komputronic do Brasil Atualizada com sucesso !
[2025-07-04T04:30:39.171+0000] {logging_mixin.py:188} INFO - Revenda KSC Sistemas Atualizada com sucesso !
[2025-07-04T04:30:39.450+0000] {logging_mixin.py:188} INFO - Revenda L&D Comercio e Tecnologia Atualizada com sucesso !
[2025-07-04T04:30:39.729+0000] {logging_mixin.py:188} INFO - Revenda LD Tech Atualizada com sucesso !
[2025-07-04T04:30:40.008+0000] {logging_mixin.py:188} INFO - Revenda LF Sistemas Atualizada com sucesso !
[2025-07-04T04:30:40.289+0000] {logging_mixin.py:188} INFO - Revenda LiderTech Atualizada com sucesso !
[2025-07-04T04:30:40.572+0000] {logging_mixin.py:188} INFO - Revenda Life Sistemas  Atualizada com sucesso !
[2025-07-04T04:30:40.852+0000] {logging_mixin.py:188} INFO - Revenda LL Tecnologia Atualizada com sucesso !
[2025-07-04T04:30:41.131+0000] {logging_mixin.py:188} INFO - Revenda LMD Sistemas Atualizada com sucesso !
[2025-07-04T04:30:41.409+0000] {logging_mixin.py:188} INFO - Revenda Logitec 2000 Informatica Atualizada com sucesso !
[2025-07-04T04:30:41.689+0000] {logging_mixin.py:188} INFO - Revenda Macmos Atualizada com sucesso !
[2025-07-04T04:30:41.968+0000] {logging_mixin.py:188} INFO - Revenda Mape Informatica Atualizada com sucesso !
[2025-07-04T04:30:42.254+0000] {logging_mixin.py:188} INFO - Revenda Marcka Informática e Sistemas Atualizada com sucesso !
[2025-07-04T04:30:42.533+0000] {logging_mixin.py:188} INFO - Revenda Matechinfo Atualizada com sucesso !
[2025-07-04T04:30:42.812+0000] {logging_mixin.py:188} INFO - Revenda MB Tecnologia Atualizada com sucesso !
[2025-07-04T04:30:43.092+0000] {logging_mixin.py:188} INFO - Revenda MC2 Tecnologia Atualizada com sucesso !
[2025-07-04T04:30:43.371+0000] {logging_mixin.py:188} INFO - Revenda MCR Sistemas (RS-AMX) Atualizada com sucesso !
[2025-07-04T04:30:43.650+0000] {logging_mixin.py:188} INFO - Revenda MD Tech Automação Atualizada com sucesso !
[2025-07-04T04:30:43.930+0000] {logging_mixin.py:188} INFO - Revenda Megasoft Informatica Atualizada com sucesso !
[2025-07-04T04:30:44.208+0000] {logging_mixin.py:188} INFO - Revenda Mercantec Soluções Atualizada com sucesso !
[2025-07-04T04:30:44.487+0000] {logging_mixin.py:188} INFO - Revenda Mikrox "Somadatta" Atualizada com sucesso !
[2025-07-04T04:30:44.765+0000] {logging_mixin.py:188} INFO - Revenda M. Nobre (Terabyte) Atualizada com sucesso !
[2025-07-04T04:30:45.044+0000] {logging_mixin.py:188} INFO - Revenda MRsis Automação Atualizada com sucesso !
[2025-07-04T04:30:45.325+0000] {logging_mixin.py:188} INFO - Revenda M&R Soluções - Grupo ATL Atualizada com sucesso !
[2025-07-04T04:30:45.606+0000] {logging_mixin.py:188} INFO - Revenda Multi Soft Atualizada com sucesso !
[2025-07-04T04:30:45.884+0000] {logging_mixin.py:188} INFO - Revenda NewCompras.com.br Atualizada com sucesso !
[2025-07-04T04:30:46.163+0000] {logging_mixin.py:188} INFO - Revenda NEWTEF Automação Atualizada com sucesso !
[2025-07-04T04:30:46.441+0000] {logging_mixin.py:188} INFO - Revenda Next Store Atualizada com sucesso !
[2025-07-04T04:30:46.721+0000] {logging_mixin.py:188} INFO - Revenda Nova Loja Atualizada com sucesso !
[2025-07-04T04:30:46.999+0000] {logging_mixin.py:188} INFO - Revenda NovaPC Atualizada com sucesso !
[2025-07-04T04:30:47.279+0000] {logging_mixin.py:188} INFO - Revenda Optimus - Gestão Atualizada com sucesso !
[2025-07-04T04:30:47.558+0000] {logging_mixin.py:188} INFO - Revenda Otimizer Consultoria em Sistemas Atualizada com sucesso !
[2025-07-04T04:30:47.837+0000] {logging_mixin.py:188} INFO - Revenda Otimize Soluções Atualizada com sucesso !
[2025-07-04T04:30:48.120+0000] {logging_mixin.py:188} INFO - Revenda P21 Software Atualizada com sucesso !
[2025-07-04T04:30:48.400+0000] {logging_mixin.py:188} INFO - Revenda PALM Soluções Atualizada com sucesso !
[2025-07-04T04:30:48.680+0000] {logging_mixin.py:188} INFO - Revenda Parceria Informatica Atualizada com sucesso !
[2025-07-04T04:30:48.959+0000] {logging_mixin.py:188} INFO - Revenda PDV Automação Atualizada com sucesso !
[2025-07-04T04:30:49.238+0000] {logging_mixin.py:188} INFO - Revenda PEG Informatica Atualizada com sucesso !
[2025-07-04T04:30:49.520+0000] {logging_mixin.py:188} INFO - Revenda Piramide Automação e Informatica Atualizada com sucesso !
[2025-07-04T04:30:49.799+0000] {logging_mixin.py:188} INFO - Revenda Plus Solutions Atualizada com sucesso !
[2025-07-04T04:30:50.078+0000] {logging_mixin.py:188} INFO - Revenda Ponte Atualizada com sucesso !
[2025-07-04T04:30:50.359+0000] {logging_mixin.py:188} INFO - Revenda Pratic Informática Atualizada com sucesso !
[2025-07-04T04:30:50.638+0000] {logging_mixin.py:188} INFO - Revenda PROFISC - Consultoria  Atualizada com sucesso !
[2025-07-04T04:30:50.918+0000] {logging_mixin.py:188} INFO - Revenda Pryamos Atualizada com sucesso !
[2025-07-04T04:30:51.199+0000] {logging_mixin.py:188} INFO - Revenda Quality Automação e Recargas Atualizada com sucesso !
[2025-07-04T04:30:51.479+0000] {logging_mixin.py:188} INFO - Revenda Rafah Soluções em Sistema Atualizada com sucesso !
[2025-07-04T04:30:51.759+0000] {logging_mixin.py:188} INFO - Revenda RC Automação Atualizada com sucesso !
[2025-07-04T04:30:52.038+0000] {logging_mixin.py:188} INFO - Revenda RCM Tecnologia Atualizada com sucesso !
[2025-07-04T04:30:52.317+0000] {logging_mixin.py:188} INFO - Revenda RedeEllo Atualizada com sucesso !
[2025-07-04T04:30:52.596+0000] {logging_mixin.py:188} INFO - Revenda Rieger Consultoria e Serviços  Atualizada com sucesso !
[2025-07-04T04:30:52.876+0000] {logging_mixin.py:188} INFO - Revenda RKS Tecnologia Atualizada com sucesso !
[2025-07-04T04:30:53.153+0000] {logging_mixin.py:188} INFO - Revenda Rondoniatec Sistemas e Soluções Atualizada com sucesso !
[2025-07-04T04:30:53.430+0000] {logging_mixin.py:188} INFO - Revenda Royal Ti Atualizada com sucesso !
[2025-07-04T04:30:53.710+0000] {logging_mixin.py:188} INFO - Revenda RPD Tech Soluções em T.I. Atualizada com sucesso !
[2025-07-04T04:30:53.992+0000] {logging_mixin.py:188} INFO - Revenda RPDV Soluções em Tecnologia Atualizada com sucesso !
[2025-07-04T04:30:54.270+0000] {logging_mixin.py:188} INFO - Revenda RS Informatica Atualizada com sucesso !
[2025-07-04T04:30:54.550+0000] {logging_mixin.py:188} INFO - Revenda Rtek Atualizada com sucesso !
[2025-07-04T04:30:54.829+0000] {logging_mixin.py:188} INFO - Revenda SDN Sistemas de Gestão Atualizada com sucesso !
[2025-07-04T04:30:55.108+0000] {logging_mixin.py:188} INFO - Revenda Seed Tecnologia Atualizada com sucesso !
[2025-07-04T04:30:55.385+0000] {logging_mixin.py:188} INFO - Revenda Shopseg Sistemas Atualizada com sucesso !
[2025-07-04T04:30:55.664+0000] {logging_mixin.py:188} INFO - Revenda Sig Sistemas Corporativos Atualizada com sucesso !
[2025-07-04T04:30:55.943+0000] {logging_mixin.py:188} INFO - Revenda Sistech Sistemas Atualizada com sucesso !
[2025-07-04T04:30:56.223+0000] {logging_mixin.py:188} INFO - Revenda Sistema Completo Atualizada com sucesso !
[2025-07-04T04:30:56.503+0000] {logging_mixin.py:188} INFO - Revenda Sistema Uniplus - Vitória da Conquista Atualizada com sucesso !
[2025-07-04T04:30:56.782+0000] {logging_mixin.py:188} INFO - Revenda Skill Automação Comercial Atualizada com sucesso !
[2025-07-04T04:30:57.064+0000] {logging_mixin.py:188} INFO - Revenda SM10 Sistemas de Gestão e Automação Comercial  (AM10) Atualizada com sucesso !
[2025-07-04T04:30:57.342+0000] {logging_mixin.py:188} INFO - Revenda Smith Tecnologias Atualizada com sucesso !
[2025-07-04T04:30:57.623+0000] {logging_mixin.py:188} INFO - Revenda SMQ Tecnologia Atualizada com sucesso !
[2025-07-04T04:30:57.902+0000] {logging_mixin.py:188} INFO - Revenda Softech Tecnologia Atualizada com sucesso !
[2025-07-04T04:30:58.182+0000] {logging_mixin.py:188} INFO - Revenda SoftGadol Atualizada com sucesso !
[2025-07-04T04:30:58.462+0000] {logging_mixin.py:188} INFO - Revenda Softkore Atualizada com sucesso !
[2025-07-04T04:30:58.740+0000] {logging_mixin.py:188} INFO - Revenda Softmaq Tecnologia Atualizada com sucesso !
[2025-07-04T04:30:59.019+0000] {logging_mixin.py:188} INFO - Revenda Softpollus Atualizada com sucesso !
[2025-07-04T04:30:59.300+0000] {logging_mixin.py:188} INFO - Revenda Solem Tecnologia Atualizada com sucesso !
[2025-07-04T04:30:59.580+0000] {logging_mixin.py:188} INFO - Revenda Sonaglio Automação Atualizada com sucesso !
[2025-07-04T04:30:59.859+0000] {logging_mixin.py:188} INFO - Revenda Sonsun Atualizada com sucesso !
[2025-07-04T04:31:00.184+0000] {logging_mixin.py:188} INFO - Revenda Sophos Projetos Atualizada com sucesso !
[2025-07-04T04:31:00.463+0000] {logging_mixin.py:188} INFO - Revenda Sparta Gestão e Contabilidade - DEOCLESYSTEM Atualizada com sucesso !
[2025-07-04T04:31:00.743+0000] {logging_mixin.py:188} INFO - Revenda Speed Automação Comercial Atualizada com sucesso !
[2025-07-04T04:31:01.023+0000] {logging_mixin.py:188} INFO - Revenda SS Informatica - Bahia Atualizada com sucesso !
[2025-07-04T04:31:01.303+0000] {logging_mixin.py:188} INFO - Revenda SS Informática - Maranhão Atualizada com sucesso !
[2025-07-04T04:31:01.582+0000] {logging_mixin.py:188} INFO - Revenda Syscom Sistemas Atualizada com sucesso !
[2025-07-04T04:31:01.871+0000] {logging_mixin.py:188} INFO - Revenda SYSFOUR - Intelligent Systems Atualizada com sucesso !
[2025-07-04T04:31:02.150+0000] {logging_mixin.py:188} INFO - Revenda System Bella Automação Comercial Atualizada com sucesso !
[2025-07-04T04:31:02.428+0000] {logging_mixin.py:188} INFO - Revenda TB Automação e Informática Atualizada com sucesso !
[2025-07-04T04:31:02.707+0000] {logging_mixin.py:188} INFO - Revenda TC Maquinas Atualizada com sucesso !
[2025-07-04T04:31:02.991+0000] {logging_mixin.py:188} INFO - Revenda Technoside Informatica Atualizada com sucesso !
[2025-07-04T04:31:03.271+0000] {logging_mixin.py:188} INFO - Revenda Tecmicro Informática Atualizada com sucesso !
[2025-07-04T04:31:03.551+0000] {logging_mixin.py:188} INFO - Revenda Tecnoinfo Atualizada com sucesso !
[2025-07-04T04:31:03.835+0000] {logging_mixin.py:188} INFO - Revenda TECSOLUTION Atualizada com sucesso !
[2025-07-04T04:31:04.115+0000] {logging_mixin.py:188} INFO - Revenda Tefcom Atualizada com sucesso !
[2025-07-04T04:31:04.393+0000] {logging_mixin.py:188} INFO - Revenda TFA Tecnologia e Soluções  Atualizada com sucesso !
[2025-07-04T04:31:04.672+0000] {logging_mixin.py:188} INFO - Revenda TI-Brasil Sistemas Atualizada com sucesso !
[2025-07-04T04:31:04.952+0000] {logging_mixin.py:188} INFO - Revenda Trends Solutions Atualizada com sucesso !
[2025-07-04T04:31:05.232+0000] {logging_mixin.py:188} INFO - Revenda TS TECH Atualizada com sucesso !
[2025-07-04T04:31:05.516+0000] {logging_mixin.py:188} INFO - Revenda Unisoft Sistemas ** Hardtech Atualizada com sucesso !
[2025-07-04T04:31:05.796+0000] {logging_mixin.py:188} INFO - Revenda Unitek Soluções Atualizada com sucesso !
[2025-07-04T04:31:06.074+0000] {logging_mixin.py:188} INFO - Revenda Uniup Sistema - Automação e CFTV Atualizada com sucesso !
[2025-07-04T04:31:06.353+0000] {logging_mixin.py:188} INFO - Revenda Universal Automação Comercial  Atualizada com sucesso !
[2025-07-04T04:31:06.633+0000] {logging_mixin.py:188} INFO - Revenda Universo Sistemas Atualizada com sucesso !
[2025-07-04T04:31:06.911+0000] {logging_mixin.py:188} INFO - Revenda VGI TECHNOLOGY Atualizada com sucesso !
[2025-07-04T04:31:07.189+0000] {logging_mixin.py:188} INFO - Revenda Via Nova Soluções em Tecnologia Atualizada com sucesso !
[2025-07-04T04:31:07.470+0000] {logging_mixin.py:188} INFO - Revenda Virtual Informatica_MG Atualizada com sucesso !
[2025-07-04T04:31:07.750+0000] {logging_mixin.py:188} INFO - Revenda Virtual Sistemas_SC Atualizada com sucesso !
[2025-07-04T04:31:08.030+0000] {logging_mixin.py:188} INFO - Revenda VPN Solucoes em Informatica Atualizada com sucesso !
[2025-07-04T04:31:08.308+0000] {logging_mixin.py:188} INFO - Revenda Vzan Automação Comercial Atualizada com sucesso !
[2025-07-04T04:31:08.587+0000] {logging_mixin.py:188} INFO - Revenda Walltech Informatica Atualizada com sucesso !
[2025-07-04T04:31:08.866+0000] {logging_mixin.py:188} INFO - Revenda W C Sistemas Atualizada com sucesso !
[2025-07-04T04:31:09.143+0000] {logging_mixin.py:188} INFO - Revenda WGE informatica Atualizada com sucesso !
[2025-07-04T04:31:09.420+0000] {logging_mixin.py:188} INFO - Revenda WMX Soluções em Tecnologia Atualizada com sucesso !
[2025-07-04T04:31:09.697+0000] {logging_mixin.py:188} INFO - Revenda X1 Automação Atualizada com sucesso !
[2025-07-04T04:31:09.839+0000] {python.py:201} INFO - Done. Returned value was: None
[2025-07-04T04:31:09.858+0000] {taskinstance.py:1138} INFO - Marking task as SUCCESS. dag_id=DAG_atualizacao_cadastral_revendas, task_id=insert_database, execution_date=20250703T043000, start_date=20250704T043007, end_date=20250704T043109
[2025-07-04T04:31:09.972+0000] {local_task_job_runner.py:234} INFO - Task exited with return code 0
[2025-07-04T04:31:10.003+0000] {taskinstance.py:3280} INFO - 0 downstream tasks scheduled from follow-on schedule check
