[2025-07-06T04:30:08.438+0000] {taskinstance.py:1956} INFO - Dependencies all met for dep_context=non-requeueable deps ti=<TaskInstance: DAG_atualizacao_cadastral_revendas.insert_database scheduled__2025-07-05T04:30:00+00:00 [queued]>
[2025-07-06T04:30:08.454+0000] {taskinstance.py:1956} INFO - Dependencies all met for dep_context=requeueable deps ti=<TaskInstance: DAG_atualizacao_cadastral_revendas.insert_database scheduled__2025-07-05T04:30:00+00:00 [queued]>
[2025-07-06T04:30:08.454+0000] {taskinstance.py:2170} INFO - Starting attempt 1 of 1
[2025-07-06T04:30:08.498+0000] {taskinstance.py:2191} INFO - Executing <Task(PythonOperator): insert_database> on 2025-07-05 04:30:00+00:00
[2025-07-06T04:30:08.508+0000] {standard_task_runner.py:60} INFO - Started process 796037 to run task
[2025-07-06T04:30:08.515+0000] {standard_task_runner.py:87} INFO - Running: ['***', 'tasks', 'run', 'DAG_atualizacao_cadastral_revendas', 'insert_database', 'scheduled__2025-07-05T04:30:00+00:00', '--job-id', '393', '--raw', '--subdir', 'DAGS_FOLDER/DagDatasetComercial.py', '--cfg-path', '/tmp/tmpyu16mco8']
[2025-07-06T04:30:08.519+0000] {standard_task_runner.py:88} INFO - Job 393: Subtask insert_database
[2025-07-06T04:30:08.649+0000] {task_command.py:423} INFO - Running <TaskInstance: DAG_atualizacao_cadastral_revendas.insert_database scheduled__2025-07-05T04:30:00+00:00 [running]> on host 99f5714845f7
[2025-07-06T04:30:08.850+0000] {taskinstance.py:2480} INFO - Exporting env vars: AIRFLOW_CTX_DAG_OWNER='***' AIRFLOW_CTX_DAG_ID='DAG_atualizacao_cadastral_revendas' AIRFLOW_CTX_TASK_ID='insert_database' AIRFLOW_CTX_EXECUTION_DATE='2025-07-05T04:30:00+00:00' AIRFLOW_CTX_TRY_NUMBER='1' AIRFLOW_CTX_DAG_RUN_ID='scheduled__2025-07-05T04:30:00+00:00'
[2025-07-06T04:30:08.906+0000] {base.py:83} INFO - Using connection ID 'dataset_comercial_database' for task execution.
[2025-07-06T04:30:10.251+0000] {logging_mixin.py:188} INFO - Revenda A7 Soluções Atualizada com sucesso !
[2025-07-06T04:30:10.524+0000] {logging_mixin.py:188} INFO - Revenda AB Soluções em TI Atualizada com sucesso !
[2025-07-06T04:30:10.798+0000] {logging_mixin.py:188} INFO - Revenda Adonai Automação Comercial Atualizada com sucesso !
[2025-07-06T04:30:11.072+0000] {logging_mixin.py:188} INFO - Revenda ADV SIG Atualizada com sucesso !
[2025-07-06T04:30:11.346+0000] {logging_mixin.py:188} INFO - Revenda A e A Dist. de Informática - Softart Atualizada com sucesso !
[2025-07-06T04:30:11.619+0000] {logging_mixin.py:188} INFO - Revenda Af Suporte Atualizada com sucesso !
[2025-07-06T04:30:11.892+0000] {logging_mixin.py:188} INFO - Revenda Agedata Sistemas Atualizada com sucesso !
[2025-07-06T04:30:12.166+0000] {logging_mixin.py:188} INFO - Revenda AIO Solucoes Atualizada com sucesso !
[2025-07-06T04:30:12.439+0000] {logging_mixin.py:188} INFO - Revenda AllTecInfo Atualizada com sucesso !
[2025-07-06T04:30:12.712+0000] {logging_mixin.py:188} INFO - Revenda Alpha Systemas e informática Atualizada com sucesso !
[2025-07-06T04:30:12.986+0000] {logging_mixin.py:188} INFO - Revenda Alternativa Automação Comercial Atualizada com sucesso !
[2025-07-06T04:30:13.259+0000] {logging_mixin.py:188} INFO - Revenda Amigo do Micro Atualizada com sucesso !
[2025-07-06T04:30:13.532+0000] {logging_mixin.py:188} INFO - Revenda AND Consultores Associados Atualizada com sucesso !
[2025-07-06T04:30:13.805+0000] {logging_mixin.py:188} INFO - Revenda APRN Soluções Atualizada com sucesso !
[2025-07-06T04:30:14.079+0000] {logging_mixin.py:188} INFO - Revenda Ary Sistemas de Gestão e Informatica (RNS) Atualizada com sucesso !
[2025-07-06T04:30:14.353+0000] {logging_mixin.py:188} INFO - Revenda Asteqesystem Atualizada com sucesso !
[2025-07-06T04:30:14.625+0000] {logging_mixin.py:188} INFO - Revenda Atrium Sistemas Atualizada com sucesso !
[2025-07-06T04:30:14.901+0000] {logging_mixin.py:188} INFO - Revenda Automac Digitron Atualizada com sucesso !
[2025-07-06T04:30:15.175+0000] {logging_mixin.py:188} INFO - Revenda Automaquinas - Automação Comercial Atualizada com sucesso !
[2025-07-06T04:30:15.448+0000] {logging_mixin.py:188} INFO - Revenda Autosyste Tecnologia e Inovação Atualizada com sucesso !
[2025-07-06T04:30:15.721+0000] {logging_mixin.py:188} INFO - Revenda Autotech Informática Atualizada com sucesso !
[2025-07-06T04:30:15.995+0000] {logging_mixin.py:188} INFO - Revenda Bellabyte Atualizada com sucesso !
[2025-07-06T04:30:16.268+0000] {logging_mixin.py:188} INFO - Revenda Bitech Atualizada com sucesso !
[2025-07-06T04:30:16.541+0000] {logging_mixin.py:188} INFO - Revenda Boldtsoft Sistemas Atualizada com sucesso !
[2025-07-06T04:30:16.812+0000] {logging_mixin.py:188} INFO - Revenda BRAZ TI Atualizada com sucesso !
[2025-07-06T04:30:17.085+0000] {logging_mixin.py:188} INFO - Revenda Brusoft Informatica Atualizada com sucesso !
[2025-07-06T04:30:17.358+0000] {logging_mixin.py:188} INFO - Revenda Brvatech Atualizada com sucesso !
[2025-07-06T04:30:17.631+0000] {logging_mixin.py:188} INFO - Revenda Canal Tecnico (Lumi) Atualizada com sucesso !
[2025-07-06T04:30:17.904+0000] {logging_mixin.py:188} INFO - Revenda Casa das Impressoras Atualizada com sucesso !
[2025-07-06T04:30:18.182+0000] {logging_mixin.py:188} INFO - Revenda CASTERS Atualizada com sucesso !
[2025-07-06T04:30:18.455+0000] {logging_mixin.py:188} INFO - Revenda Centec Equipamentos Atualizada com sucesso !
[2025-07-06T04:30:18.729+0000] {logging_mixin.py:188} INFO - Revenda CK Tech Consultoria Atualizada com sucesso !
[2025-07-06T04:30:19.003+0000] {logging_mixin.py:188} INFO - Revenda Compass Tecnologia da Informação Atualizada com sucesso !
[2025-07-06T04:30:19.276+0000] {logging_mixin.py:188} INFO - Revenda Compucenter Software Atualizada com sucesso !
[2025-07-06T04:30:19.550+0000] {logging_mixin.py:188} INFO - Revenda Conexão Informática Ltda Atualizada com sucesso !
[2025-07-06T04:30:19.824+0000] {logging_mixin.py:188} INFO - Revenda Connect System Soluções em Tecnologia Atualizada com sucesso !
[2025-07-06T04:30:20.099+0000] {logging_mixin.py:188} INFO - Revenda Conte Certo Serviços Atualizada com sucesso !
[2025-07-06T04:30:20.373+0000] {logging_mixin.py:188} INFO - Revenda Control Biz Atualizada com sucesso !
[2025-07-06T04:30:20.647+0000] {logging_mixin.py:188} INFO - Revenda CTi - Centro Técnico de Informática Atualizada com sucesso !
[2025-07-06T04:30:20.920+0000] {logging_mixin.py:188} INFO - Revenda D&A Automação Comercial Atualizada com sucesso !
[2025-07-06T04:30:21.193+0000] {logging_mixin.py:188} INFO - Revenda DALTEC Automacao Comercial Atualizada com sucesso !
[2025-07-06T04:30:21.465+0000] {logging_mixin.py:188} INFO - Revenda DataConta Gestão de Negócios Atualizada com sucesso !
[2025-07-06T04:30:21.740+0000] {logging_mixin.py:188} INFO - Revenda Dataproxy Atualizada com sucesso !
[2025-07-06T04:30:22.014+0000] {logging_mixin.py:188} INFO - Revenda DCODER Atualizada com sucesso !
[2025-07-06T04:30:22.287+0000] {logging_mixin.py:188} INFO - Revenda D Data Soluções Atualizada com sucesso !
[2025-07-06T04:30:22.559+0000] {logging_mixin.py:188} INFO - Revenda DGTEC Atualizada com sucesso !
[2025-07-06T04:30:22.832+0000] {logging_mixin.py:188} INFO - Revenda Digito Informatica Atualizada com sucesso !
[2025-07-06T04:30:23.105+0000] {logging_mixin.py:188} INFO - Revenda Dikoc Soluções em Software Atualizada com sucesso !
[2025-07-06T04:30:23.381+0000] {logging_mixin.py:188} INFO - Revenda DMK Sistemas e Soluções - HSI Atualizada com sucesso !
[2025-07-06T04:30:23.653+0000] {logging_mixin.py:188} INFO - Revenda DMZ Informatica Atualizada com sucesso !
[2025-07-06T04:30:23.927+0000] {logging_mixin.py:188} INFO - Revenda Dolphin Consultoria Atualizada com sucesso !
[2025-07-06T04:30:24.201+0000] {logging_mixin.py:188} INFO - Revenda DSM Consultoria em T.I. Atualizada com sucesso !
[2025-07-06T04:30:24.474+0000] {logging_mixin.py:188} INFO - Revenda Duall Tech Atualizada com sucesso !
[2025-07-06T04:30:24.748+0000] {logging_mixin.py:188} INFO - Revenda DWH Comercio de Alimentos Atualizada com sucesso !
[2025-07-06T04:30:25.021+0000] {logging_mixin.py:188} INFO - Revenda Edcom Automação Comercial Atualizada com sucesso !
[2025-07-06T04:30:25.294+0000] {logging_mixin.py:188} INFO - Revenda Eleve Tecnologia Atualizada com sucesso !
[2025-07-06T04:30:25.569+0000] {logging_mixin.py:188} INFO - Revenda Emlink Solucoes Empresariais Atualizada com sucesso !
[2025-07-06T04:30:25.844+0000] {logging_mixin.py:188} INFO - Revenda Exatop Certificação Digital e Sistemas Atualizada com sucesso !
[2025-07-06T04:30:26.122+0000] {logging_mixin.py:188} INFO - Revenda Exodus Informática Atualizada com sucesso !
[2025-07-06T04:30:26.396+0000] {logging_mixin.py:188} INFO - Revenda Extrema Software de Gestão Atualizada com sucesso !
[2025-07-06T04:30:26.669+0000] {logging_mixin.py:188} INFO - Revenda F5 Suporte e Automacão Comercial Atualizada com sucesso !
[2025-07-06T04:30:26.943+0000] {logging_mixin.py:188} INFO - Revenda Facilita Sistemas Atualizada com sucesso !
[2025-07-06T04:30:27.217+0000] {logging_mixin.py:188} INFO - Revenda Facilsys Atualizada com sucesso !
[2025-07-06T04:30:27.495+0000] {logging_mixin.py:188} INFO - Revenda F & F Soluções Empresariais Atualizada com sucesso !
[2025-07-06T04:30:27.769+0000] {logging_mixin.py:188} INFO - Revenda FKSIS - Sistemas de Gestão Atualizada com sucesso !
[2025-07-06T04:30:28.042+0000] {logging_mixin.py:188} INFO - Revenda FlorySoftt Atualizada com sucesso !
[2025-07-06T04:30:28.315+0000] {logging_mixin.py:188} INFO - Revenda Fn Info House Atualizada com sucesso !
[2025-07-06T04:30:28.588+0000] {logging_mixin.py:188} INFO - Revenda FS Informatica Atualizada com sucesso !
[2025-07-06T04:30:28.862+0000] {logging_mixin.py:188} INFO - Revenda Fusion Sistemas e Informatica Atualizada com sucesso !
[2025-07-06T04:30:29.135+0000] {logging_mixin.py:188} INFO - Revenda Gilmaq Automação Comercial Atualizada com sucesso !
[2025-07-06T04:30:29.408+0000] {logging_mixin.py:188} INFO - Revenda GM Soluções em Informática Atualizada com sucesso !
[2025-07-06T04:30:29.682+0000] {logging_mixin.py:188} INFO - Revenda Grupo GUUW Atualizada com sucesso !
[2025-07-06T04:30:29.955+0000] {logging_mixin.py:188} INFO - Revenda Guaxutec Atualizada com sucesso !
[2025-07-06T04:30:30.239+0000] {logging_mixin.py:188} INFO - Revenda HSI Automação Comercial Atualizada com sucesso !
[2025-07-06T04:30:30.513+0000] {logging_mixin.py:188} INFO - Revenda HWC Soluções Atualizada com sucesso !
[2025-07-06T04:30:30.788+0000] {logging_mixin.py:188} INFO - Revenda I7 Automação Comercial Atualizada com sucesso !
[2025-07-06T04:30:31.062+0000] {logging_mixin.py:188} INFO - Revenda Ideal Soluções Empresariais Atualizada com sucesso !
[2025-07-06T04:30:31.336+0000] {logging_mixin.py:188} INFO - Revenda ID Tecnologia Atualizada com sucesso !
[2025-07-06T04:30:31.610+0000] {logging_mixin.py:188} INFO - Revenda IFFI Soluções Atualizada com sucesso !
[2025-07-06T04:30:31.883+0000] {logging_mixin.py:188} INFO - Revenda IG TEC Atualizada com sucesso !
[2025-07-06T04:30:32.155+0000] {logging_mixin.py:188} INFO - Revenda INFOPRINTER Atualizada com sucesso !
[2025-07-06T04:30:32.429+0000] {logging_mixin.py:188} INFO - Revenda INFORMIT Atualizada com sucesso !
[2025-07-06T04:30:32.702+0000] {logging_mixin.py:188} INFO - Revenda Infor Serviços Atualizada com sucesso !
[2025-07-06T04:30:32.975+0000] {logging_mixin.py:188} INFO - Revenda Infortec Automacao Comercial Atualizada com sucesso !
[2025-07-06T04:30:33.248+0000] {logging_mixin.py:188} INFO - Revenda Infotek Atualizada com sucesso !
[2025-07-06T04:30:33.522+0000] {logging_mixin.py:188} INFO - Revenda Innovati Tecnologia (INW Store) Atualizada com sucesso !
[2025-07-06T04:30:33.795+0000] {logging_mixin.py:188} INFO - Revenda Inova Software Atualizada com sucesso !
[2025-07-06T04:30:34.068+0000] {logging_mixin.py:188} INFO - Revenda Inspire Consult & Informatica  Atualizada com sucesso !
[2025-07-06T04:30:34.342+0000] {logging_mixin.py:188} INFO - Revenda Inteltix Tecnologia (Center) Atualizada com sucesso !
[2025-07-06T04:30:34.615+0000] {logging_mixin.py:188} INFO - Revenda J7 Automação Comercial - System HD Atualizada com sucesso !
[2025-07-06T04:30:34.887+0000] {logging_mixin.py:188} INFO - Revenda Jann Informatica Atualizada com sucesso !
[2025-07-06T04:30:35.160+0000] {logging_mixin.py:188} INFO - Revenda JB Tecnologia Atualizada com sucesso !
[2025-07-06T04:30:35.434+0000] {logging_mixin.py:188} INFO - Revenda J & E Soluções Atualizada com sucesso !
[2025-07-06T04:30:35.708+0000] {logging_mixin.py:188} INFO - Revenda JExpress Atualizada com sucesso !
[2025-07-06T04:30:35.981+0000] {logging_mixin.py:188} INFO - Revenda J F Soluções Informatica Atualizada com sucesso !
[2025-07-06T04:30:36.255+0000] {logging_mixin.py:188} INFO - Revenda J F Tech Tecnologia & Sistemas Atualizada com sucesso !
[2025-07-06T04:30:36.528+0000] {logging_mixin.py:188} INFO - Revenda JHLS Automação Comercial Atualizada com sucesso !
[2025-07-06T04:30:36.802+0000] {logging_mixin.py:188} INFO - Revenda Jinsei Contabilidade Atualizada com sucesso !
[2025-07-06T04:30:37.077+0000] {logging_mixin.py:188} INFO - Revenda JJ Serviços Atualizada com sucesso !
[2025-07-06T04:30:37.351+0000] {logging_mixin.py:188} INFO - Revenda JM Informatica Atualizada com sucesso !
[2025-07-06T04:30:37.625+0000] {logging_mixin.py:188} INFO - Revenda JP Automação Comercial Atualizada com sucesso !
[2025-07-06T04:30:37.897+0000] {logging_mixin.py:188} INFO - Revenda JSR Automação Comercial  Atualizada com sucesso !
[2025-07-06T04:30:38.170+0000] {logging_mixin.py:188} INFO - Revenda Kernel Sistemas Atualizada com sucesso !
[2025-07-06T04:30:38.446+0000] {logging_mixin.py:188} INFO - Revenda KMCI Tecnologia em Automação Atualizada com sucesso !
[2025-07-06T04:30:38.719+0000] {logging_mixin.py:188} INFO - Revenda Komputronic do Brasil Atualizada com sucesso !
[2025-07-06T04:30:38.993+0000] {logging_mixin.py:188} INFO - Revenda KSC Sistemas Atualizada com sucesso !
[2025-07-06T04:30:39.266+0000] {logging_mixin.py:188} INFO - Revenda L&D Comercio e Tecnologia Atualizada com sucesso !
[2025-07-06T04:30:39.540+0000] {logging_mixin.py:188} INFO - Revenda LD Tech Atualizada com sucesso !
[2025-07-06T04:30:39.813+0000] {logging_mixin.py:188} INFO - Revenda LF Sistemas Atualizada com sucesso !
[2025-07-06T04:30:40.086+0000] {logging_mixin.py:188} INFO - Revenda LiderTech Atualizada com sucesso !
[2025-07-06T04:30:40.360+0000] {logging_mixin.py:188} INFO - Revenda Life Sistemas  Atualizada com sucesso !
[2025-07-06T04:30:40.634+0000] {logging_mixin.py:188} INFO - Revenda LL Tecnologia Atualizada com sucesso !
[2025-07-06T04:30:40.907+0000] {logging_mixin.py:188} INFO - Revenda LMD Sistemas Atualizada com sucesso !
[2025-07-06T04:30:41.180+0000] {logging_mixin.py:188} INFO - Revenda Logitec 2000 Informatica Atualizada com sucesso !
[2025-07-06T04:30:41.453+0000] {logging_mixin.py:188} INFO - Revenda Macmos Atualizada com sucesso !
[2025-07-06T04:30:41.726+0000] {logging_mixin.py:188} INFO - Revenda Mape Informatica Atualizada com sucesso !
[2025-07-06T04:30:41.999+0000] {logging_mixin.py:188} INFO - Revenda Marcka Informática e Sistemas Atualizada com sucesso !
[2025-07-06T04:30:42.276+0000] {logging_mixin.py:188} INFO - Revenda Matechinfo Atualizada com sucesso !
[2025-07-06T04:30:42.549+0000] {logging_mixin.py:188} INFO - Revenda MB Tecnologia Atualizada com sucesso !
[2025-07-06T04:30:42.822+0000] {logging_mixin.py:188} INFO - Revenda MC2 Tecnologia Atualizada com sucesso !
[2025-07-06T04:30:43.096+0000] {logging_mixin.py:188} INFO - Revenda MCR Sistemas (RS-AMX) Atualizada com sucesso !
[2025-07-06T04:30:43.369+0000] {logging_mixin.py:188} INFO - Revenda MD Tech Automação Atualizada com sucesso !
[2025-07-06T04:30:43.642+0000] {logging_mixin.py:188} INFO - Revenda Megasoft Informatica Atualizada com sucesso !
[2025-07-06T04:30:43.916+0000] {logging_mixin.py:188} INFO - Revenda Mercantec Soluções Atualizada com sucesso !
[2025-07-06T04:30:44.193+0000] {logging_mixin.py:188} INFO - Revenda Mikrox "Somadatta" Atualizada com sucesso !
[2025-07-06T04:30:44.466+0000] {logging_mixin.py:188} INFO - Revenda M. Nobre (Terabyte) Atualizada com sucesso !
[2025-07-06T04:30:44.739+0000] {logging_mixin.py:188} INFO - Revenda MRsis Automação Atualizada com sucesso !
[2025-07-06T04:30:45.013+0000] {logging_mixin.py:188} INFO - Revenda M&R Soluções - Grupo ATL Atualizada com sucesso !
[2025-07-06T04:30:45.287+0000] {logging_mixin.py:188} INFO - Revenda Multi Soft Atualizada com sucesso !
[2025-07-06T04:30:45.560+0000] {logging_mixin.py:188} INFO - Revenda NewCompras.com.br Atualizada com sucesso !
[2025-07-06T04:30:45.833+0000] {logging_mixin.py:188} INFO - Revenda NEWTEF Automação Atualizada com sucesso !
[2025-07-06T04:30:46.105+0000] {logging_mixin.py:188} INFO - Revenda Next Store Atualizada com sucesso !
[2025-07-06T04:30:46.378+0000] {logging_mixin.py:188} INFO - Revenda Nova Loja Atualizada com sucesso !
[2025-07-06T04:30:46.649+0000] {logging_mixin.py:188} INFO - Revenda NovaPC Atualizada com sucesso !
[2025-07-06T04:30:46.922+0000] {logging_mixin.py:188} INFO - Revenda Optimus - Gestão Atualizada com sucesso !
[2025-07-06T04:30:47.195+0000] {logging_mixin.py:188} INFO - Revenda Otimizer Consultoria em Sistemas Atualizada com sucesso !
[2025-07-06T04:30:47.468+0000] {logging_mixin.py:188} INFO - Revenda Otimize Soluções Atualizada com sucesso !
[2025-07-06T04:30:47.741+0000] {logging_mixin.py:188} INFO - Revenda P21 Software Atualizada com sucesso !
[2025-07-06T04:30:48.014+0000] {logging_mixin.py:188} INFO - Revenda PALM Soluções Atualizada com sucesso !
[2025-07-06T04:30:48.289+0000] {logging_mixin.py:188} INFO - Revenda Parceria Informatica Atualizada com sucesso !
[2025-07-06T04:30:48.562+0000] {logging_mixin.py:188} INFO - Revenda PDV Automação Atualizada com sucesso !
[2025-07-06T04:30:48.835+0000] {logging_mixin.py:188} INFO - Revenda PEG Informatica Atualizada com sucesso !
[2025-07-06T04:30:49.109+0000] {logging_mixin.py:188} INFO - Revenda Piramide Automação e Informatica Atualizada com sucesso !
[2025-07-06T04:30:49.382+0000] {logging_mixin.py:188} INFO - Revenda Plus Solutions Atualizada com sucesso !
[2025-07-06T04:30:49.655+0000] {logging_mixin.py:188} INFO - Revenda Ponte Atualizada com sucesso !
[2025-07-06T04:30:49.928+0000] {logging_mixin.py:188} INFO - Revenda Pratic Informática Atualizada com sucesso !
[2025-07-06T04:30:50.205+0000] {logging_mixin.py:188} INFO - Revenda PROFISC - Consultoria  Atualizada com sucesso !
[2025-07-06T04:30:50.479+0000] {logging_mixin.py:188} INFO - Revenda Pryamos Atualizada com sucesso !
[2025-07-06T04:30:50.753+0000] {logging_mixin.py:188} INFO - Revenda Quality Automação e Recargas Atualizada com sucesso !
[2025-07-06T04:30:51.027+0000] {logging_mixin.py:188} INFO - Revenda Rafah Soluções em Sistema Atualizada com sucesso !
[2025-07-06T04:30:51.300+0000] {logging_mixin.py:188} INFO - Revenda RC Automação Atualizada com sucesso !
[2025-07-06T04:30:51.574+0000] {logging_mixin.py:188} INFO - Revenda RCM Tecnologia Atualizada com sucesso !
[2025-07-06T04:30:51.848+0000] {logging_mixin.py:188} INFO - Revenda RedeEllo Atualizada com sucesso !
[2025-07-06T04:30:52.122+0000] {logging_mixin.py:188} INFO - Revenda Rieger Consultoria e Serviços  Atualizada com sucesso !
[2025-07-06T04:30:52.395+0000] {logging_mixin.py:188} INFO - Revenda RKS Tecnologia Atualizada com sucesso !
[2025-07-06T04:30:52.667+0000] {logging_mixin.py:188} INFO - Revenda Rondoniatec Sistemas e Soluções Atualizada com sucesso !
[2025-07-06T04:30:52.939+0000] {logging_mixin.py:188} INFO - Revenda Royal Ti Atualizada com sucesso !
[2025-07-06T04:30:53.213+0000] {logging_mixin.py:188} INFO - Revenda RPD Tech Soluções em T.I. Atualizada com sucesso !
[2025-07-06T04:30:53.487+0000] {logging_mixin.py:188} INFO - Revenda RPDV Soluções em Tecnologia Atualizada com sucesso !
[2025-07-06T04:30:53.761+0000] {logging_mixin.py:188} INFO - Revenda RS Informatica Atualizada com sucesso !
[2025-07-06T04:30:54.034+0000] {logging_mixin.py:188} INFO - Revenda Rtek Atualizada com sucesso !
[2025-07-06T04:30:54.306+0000] {logging_mixin.py:188} INFO - Revenda SDN Sistemas de Gestão Atualizada com sucesso !
[2025-07-06T04:30:54.579+0000] {logging_mixin.py:188} INFO - Revenda Seed Tecnologia Atualizada com sucesso !
[2025-07-06T04:30:54.853+0000] {logging_mixin.py:188} INFO - Revenda Shopseg Sistemas Atualizada com sucesso !
[2025-07-06T04:30:55.127+0000] {logging_mixin.py:188} INFO - Revenda Sig Sistemas Corporativos Atualizada com sucesso !
[2025-07-06T04:30:55.400+0000] {logging_mixin.py:188} INFO - Revenda Sistech Sistemas Atualizada com sucesso !
[2025-07-06T04:30:55.673+0000] {logging_mixin.py:188} INFO - Revenda Sistema Completo Atualizada com sucesso !
[2025-07-06T04:30:55.947+0000] {logging_mixin.py:188} INFO - Revenda Sistema Uniplus - Vitória da Conquista Atualizada com sucesso !
[2025-07-06T04:30:56.220+0000] {logging_mixin.py:188} INFO - Revenda Skill Automação Comercial Atualizada com sucesso !
[2025-07-06T04:30:56.493+0000] {logging_mixin.py:188} INFO - Revenda SM10 Sistemas de Gestão e Automação Comercial  (AM10) Atualizada com sucesso !
[2025-07-06T04:30:56.767+0000] {logging_mixin.py:188} INFO - Revenda Smith Tecnologias Atualizada com sucesso !
[2025-07-06T04:30:57.040+0000] {logging_mixin.py:188} INFO - Revenda SMQ Tecnologia Atualizada com sucesso !
[2025-07-06T04:30:57.314+0000] {logging_mixin.py:188} INFO - Revenda Softech Tecnologia Atualizada com sucesso !
[2025-07-06T04:30:57.587+0000] {logging_mixin.py:188} INFO - Revenda SoftGadol Atualizada com sucesso !
[2025-07-06T04:30:57.860+0000] {logging_mixin.py:188} INFO - Revenda Softkore Atualizada com sucesso !
[2025-07-06T04:30:58.134+0000] {logging_mixin.py:188} INFO - Revenda Softmaq Tecnologia Atualizada com sucesso !
[2025-07-06T04:30:58.404+0000] {logging_mixin.py:188} INFO - Revenda Softpollus Atualizada com sucesso !
[2025-07-06T04:30:58.681+0000] {logging_mixin.py:188} INFO - Revenda Solem Tecnologia Atualizada com sucesso !
[2025-07-06T04:30:58.955+0000] {logging_mixin.py:188} INFO - Revenda Sonaglio Automação Atualizada com sucesso !
[2025-07-06T04:30:59.228+0000] {logging_mixin.py:188} INFO - Revenda Sonsun Atualizada com sucesso !
[2025-07-06T04:30:59.503+0000] {logging_mixin.py:188} INFO - Revenda Sophos Projetos Atualizada com sucesso !
[2025-07-06T04:30:59.774+0000] {logging_mixin.py:188} INFO - Revenda Sparta Gestão e Contabilidade - DEOCLESYSTEM Atualizada com sucesso !
[2025-07-06T04:31:00.047+0000] {logging_mixin.py:188} INFO - Revenda Speed Automação Comercial Atualizada com sucesso !
[2025-07-06T04:31:00.321+0000] {logging_mixin.py:188} INFO - Revenda SS Informatica - Bahia Atualizada com sucesso !
[2025-07-06T04:31:00.592+0000] {logging_mixin.py:188} INFO - Revenda SS Informática - Maranhão Atualizada com sucesso !
[2025-07-06T04:31:00.864+0000] {logging_mixin.py:188} INFO - Revenda Syscom Sistemas Atualizada com sucesso !
[2025-07-06T04:31:01.137+0000] {logging_mixin.py:188} INFO - Revenda SYSFOUR - Intelligent Systems Atualizada com sucesso !
[2025-07-06T04:31:01.425+0000] {logging_mixin.py:188} INFO - Revenda System Bella Automação Comercial Atualizada com sucesso !
[2025-07-06T04:31:01.700+0000] {logging_mixin.py:188} INFO - Revenda TB Automação e Informática Atualizada com sucesso !
[2025-07-06T04:31:01.975+0000] {logging_mixin.py:188} INFO - Revenda TC Maquinas Atualizada com sucesso !
[2025-07-06T04:31:02.250+0000] {logging_mixin.py:188} INFO - Revenda Technoside Informatica Atualizada com sucesso !
[2025-07-06T04:31:02.523+0000] {logging_mixin.py:188} INFO - Revenda Tecmicro Informática Atualizada com sucesso !
[2025-07-06T04:31:02.798+0000] {logging_mixin.py:188} INFO - Revenda Tecnoinfo Atualizada com sucesso !
[2025-07-06T04:31:03.070+0000] {logging_mixin.py:188} INFO - Revenda TECSOLUTION Atualizada com sucesso !
[2025-07-06T04:31:03.343+0000] {logging_mixin.py:188} INFO - Revenda Tefcom Atualizada com sucesso !
[2025-07-06T04:31:03.616+0000] {logging_mixin.py:188} INFO - Revenda TFA Tecnologia e Soluções  Atualizada com sucesso !
[2025-07-06T04:31:03.890+0000] {logging_mixin.py:188} INFO - Revenda TI-Brasil Sistemas Atualizada com sucesso !
[2025-07-06T04:31:04.163+0000] {logging_mixin.py:188} INFO - Revenda Trends Solutions Atualizada com sucesso !
[2025-07-06T04:31:04.437+0000] {logging_mixin.py:188} INFO - Revenda TS TECH Atualizada com sucesso !
[2025-07-06T04:31:04.710+0000] {logging_mixin.py:188} INFO - Revenda Unisoft Sistemas ** Hardtech Atualizada com sucesso !
[2025-07-06T04:31:04.984+0000] {logging_mixin.py:188} INFO - Revenda Unitek Soluções Atualizada com sucesso !
[2025-07-06T04:31:05.258+0000] {logging_mixin.py:188} INFO - Revenda Uniup Sistema - Automação e CFTV Atualizada com sucesso !
[2025-07-06T04:31:05.531+0000] {logging_mixin.py:188} INFO - Revenda Universal Automação Comercial  Atualizada com sucesso !
[2025-07-06T04:31:05.803+0000] {logging_mixin.py:188} INFO - Revenda Universo Sistemas Atualizada com sucesso !
[2025-07-06T04:31:06.076+0000] {logging_mixin.py:188} INFO - Revenda VGI TECHNOLOGY Atualizada com sucesso !
[2025-07-06T04:31:06.349+0000] {logging_mixin.py:188} INFO - Revenda Via Nova Soluções em Tecnologia Atualizada com sucesso !
[2025-07-06T04:31:06.623+0000] {logging_mixin.py:188} INFO - Revenda Virtual Informatica_MG Atualizada com sucesso !
[2025-07-06T04:31:06.896+0000] {logging_mixin.py:188} INFO - Revenda Virtual Sistemas_SC Atualizada com sucesso !
[2025-07-06T04:31:07.167+0000] {logging_mixin.py:188} INFO - Revenda VPN Solucoes em Informatica Atualizada com sucesso !
[2025-07-06T04:31:07.439+0000] {logging_mixin.py:188} INFO - Revenda Vzan Automação Comercial Atualizada com sucesso !
[2025-07-06T04:31:07.717+0000] {logging_mixin.py:188} INFO - Revenda Walltech Informatica Atualizada com sucesso !
[2025-07-06T04:31:07.990+0000] {logging_mixin.py:188} INFO - Revenda W C Sistemas Atualizada com sucesso !
[2025-07-06T04:31:08.263+0000] {logging_mixin.py:188} INFO - Revenda WGE informatica Atualizada com sucesso !
[2025-07-06T04:31:08.537+0000] {logging_mixin.py:188} INFO - Revenda WMX Soluções em Tecnologia Atualizada com sucesso !
[2025-07-06T04:31:08.811+0000] {logging_mixin.py:188} INFO - Revenda X1 Automação Atualizada com sucesso !
[2025-07-06T04:31:08.951+0000] {python.py:201} INFO - Done. Returned value was: None
[2025-07-06T04:31:08.974+0000] {taskinstance.py:1138} INFO - Marking task as SUCCESS. dag_id=DAG_atualizacao_cadastral_revendas, task_id=insert_database, execution_date=20250705T043000, start_date=20250706T043008, end_date=20250706T043108
[2025-07-06T04:31:09.032+0000] {local_task_job_runner.py:234} INFO - Task exited with return code 0
[2025-07-06T04:31:09.062+0000] {taskinstance.py:3280} INFO - 0 downstream tasks scheduled from follow-on schedule check
