[2025-07-06T09:00:14.097+0000] {taskinstance.py:1956} INFO - Dependencies all met for dep_context=non-requeueable deps ti=<TaskInstance: DAG_relatorio_revendas_diario.enviar_email_csvs scheduled__2025-07-05T09:00:00+00:00 [queued]>
[2025-07-06T09:00:14.113+0000] {taskinstance.py:1956} INFO - Dependencies all met for dep_context=requeueable deps ti=<TaskInstance: DAG_relatorio_revendas_diario.enviar_email_csvs scheduled__2025-07-05T09:00:00+00:00 [queued]>
[2025-07-06T09:00:14.113+0000] {taskinstance.py:2170} INFO - Starting attempt 1 of 1
[2025-07-06T09:00:14.165+0000] {taskinstance.py:2191} INFO - Executing <Task(PythonOperator): enviar_email_csvs> on 2025-07-05 09:00:00+00:00
[2025-07-06T09:00:14.176+0000] {standard_task_runner.py:60} INFO - Started process 805707 to run task
[2025-07-06T09:00:14.182+0000] {standard_task_runner.py:87} INFO - Running: ['***', 'tasks', 'run', 'DAG_relatorio_revendas_diario', 'enviar_email_csvs', 'scheduled__2025-07-05T09:00:00+00:00', '--job-id', '399', '--raw', '--subdir', 'DAGS_FOLDER/DagEnviarRelatorioDesempenho.py', '--cfg-path', '/tmp/tmpwl53i43k']
[2025-07-06T09:00:14.186+0000] {standard_task_runner.py:88} INFO - Job 399: Subtask enviar_email_csvs
[2025-07-06T09:00:14.293+0000] {task_command.py:423} INFO - Running <TaskInstance: DAG_relatorio_revendas_diario.enviar_email_csvs scheduled__2025-07-05T09:00:00+00:00 [running]> on host 99f5714845f7
[2025-07-06T09:00:14.508+0000] {taskinstance.py:2480} INFO - Exporting env vars: AIRFLOW_CTX_DAG_OWNER='***' AIRFLOW_CTX_DAG_ID='DAG_relatorio_revendas_diario' AIRFLOW_CTX_TASK_ID='enviar_email_csvs' AIRFLOW_CTX_EXECUTION_DATE='2025-07-05T09:00:00+00:00' AIRFLOW_CTX_TRY_NUMBER='1' AIRFLOW_CTX_DAG_RUN_ID='scheduled__2025-07-05T09:00:00+00:00'
[2025-07-06T09:00:21.602+0000] {logging_mixin.py:188} INFO - Email enviado para barbara.goedert@intelidata.inf.br
[2025-07-06T09:00:23.694+0000] {logging_mixin.py:188} INFO - Email enviado para comercial.coletivo@intelidata.inf.br
[2025-07-06T09:00:25.722+0000] {logging_mixin.py:188} INFO - Email enviado para emerson.mello@intelidata.inf.br
[2025-07-06T09:00:27.383+0000] {logging_mixin.py:188} INFO - Email enviado para harry.laube@intelidata.inf.br
[2025-07-06T09:00:29.070+0000] {logging_mixin.py:188} INFO - Email enviado para integração@intelidata.inf.br
[2025-07-06T09:00:31.193+0000] {logging_mixin.py:188} INFO - Email enviado para leticia.borges@intelidata.inf.br
[2025-07-06T09:00:32.817+0000] {logging_mixin.py:188} INFO - Email enviado para sabrina.lima@intelidata.inf.br
[2025-07-06T09:00:32.819+0000] {python.py:201} INFO - Done. Returned value was: None
[2025-07-06T09:00:32.843+0000] {taskinstance.py:1138} INFO - Marking task as SUCCESS. dag_id=DAG_relatorio_revendas_diario, task_id=enviar_email_csvs, execution_date=20250705T090000, start_date=20250706T090014, end_date=20250706T090032
[2025-07-06T09:00:32.924+0000] {local_task_job_runner.py:234} INFO - Task exited with return code 0
[2025-07-06T09:00:32.960+0000] {taskinstance.py:3280} INFO - 0 downstream tasks scheduled from follow-on schedule check
