[2025-06-24T17:37:11.165+0000] {taskinstance.py:1956} INFO - Dependencies all met for dep_context=non-requeueable deps ti=<TaskInstance: relatorio_revendas_diario.enviar_email_csvs manual__2025-06-24T17:36:56.218166+00:00 [queued]>
[2025-06-24T17:37:11.185+0000] {taskinstance.py:1956} INFO - Dependencies all met for dep_context=requeueable deps ti=<TaskInstance: relatorio_revendas_diario.enviar_email_csvs manual__2025-06-24T17:36:56.218166+00:00 [queued]>
[2025-06-24T17:37:11.186+0000] {taskinstance.py:2170} INFO - Starting attempt 1 of 1
[2025-06-24T17:37:11.244+0000] {taskinstance.py:2191} INFO - Executing <Task(PythonOperator): enviar_email_csvs> on 2025-06-24 17:36:56.218166+00:00
[2025-06-24T17:37:11.253+0000] {standard_task_runner.py:60} INFO - Started process 206362 to run task
[2025-06-24T17:37:11.260+0000] {standard_task_runner.py:87} INFO - Running: ['***', 'tasks', 'run', 'relatorio_revendas_diario', 'enviar_email_csvs', 'manual__2025-06-24T17:36:56.218166+00:00', '--job-id', '216', '--raw', '--subdir', 'DAGS_FOLDER/DagEnviarRelatorioDesempenho.py', '--cfg-path', '/tmp/tmpm_m72qcv']
[2025-06-24T17:37:11.264+0000] {standard_task_runner.py:88} INFO - Job 216: Subtask enviar_email_csvs
[2025-06-24T17:37:11.391+0000] {task_command.py:423} INFO - Running <TaskInstance: relatorio_revendas_diario.enviar_email_csvs manual__2025-06-24T17:36:56.218166+00:00 [running]> on host 99f5714845f7
[2025-06-24T17:37:11.610+0000] {taskinstance.py:2480} INFO - Exporting env vars: AIRFLOW_CTX_DAG_OWNER='***' AIRFLOW_CTX_DAG_ID='relatorio_revendas_diario' AIRFLOW_CTX_TASK_ID='enviar_email_csvs' AIRFLOW_CTX_EXECUTION_DATE='2025-06-24T17:36:56.218166+00:00' AIRFLOW_CTX_TRY_NUMBER='1' AIRFLOW_CTX_DAG_RUN_ID='manual__2025-06-24T17:36:56.218166+00:00'
[2025-06-24T17:37:13.907+0000] {logging_mixin.py:188} INFO - Email enviado para barbara.goedert@intelidata.inf.br
[2025-06-24T17:37:15.686+0000] {logging_mixin.py:188} INFO - Email enviado para comercial.coletivo@intelidata.inf.br
[2025-06-24T17:37:17.701+0000] {logging_mixin.py:188} INFO - Email enviado para emerson.mello@intelidata.inf.br
[2025-06-24T17:37:19.656+0000] {logging_mixin.py:188} INFO - Email enviado para harry.laube@intelidata.inf.br
[2025-06-24T17:37:21.747+0000] {logging_mixin.py:188} INFO - Email enviado para integração@intelidata.inf.br
[2025-06-24T17:37:23.768+0000] {logging_mixin.py:188} INFO - Email enviado para leticia.borges@intelidata.inf.br
[2025-06-24T17:37:25.589+0000] {logging_mixin.py:188} INFO - Email enviado para sabrina.lima@intelidata.inf.br
[2025-06-24T17:37:25.590+0000] {python.py:201} INFO - Done. Returned value was: None
[2025-06-24T17:37:25.607+0000] {taskinstance.py:1138} INFO - Marking task as SUCCESS. dag_id=relatorio_revendas_diario, task_id=enviar_email_csvs, execution_date=20250624T173656, start_date=20250624T173711, end_date=20250624T173725
[2025-06-24T17:37:25.752+0000] {local_task_job_runner.py:234} INFO - Task exited with return code 0
[2025-06-24T17:37:25.790+0000] {taskinstance.py:3280} INFO - 0 downstream tasks scheduled from follow-on schedule check
