[2025-06-21T04:30:05.495+0000] {taskinstance.py:1956} INFO - Dependencies all met for dep_context=non-requeueable deps ti=<TaskInstance: DAG_atualizacao_cadastral_revendas.organized_response_database scheduled__2025-06-20T04:30:00+00:00 [queued]>
[2025-06-21T04:30:05.515+0000] {taskinstance.py:1956} INFO - Dependencies all met for dep_context=requeueable deps ti=<TaskInstance: DAG_atualizacao_cadastral_revendas.organized_response_database scheduled__2025-06-20T04:30:00+00:00 [queued]>
[2025-06-21T04:30:05.515+0000] {taskinstance.py:2170} INFO - Starting attempt 1 of 1
[2025-06-21T04:30:05.574+0000] {taskinstance.py:2191} INFO - Executing <Task(PythonOperator): organized_response_database> on 2025-06-20 04:30:00+00:00
[2025-06-21T04:30:05.582+0000] {standard_task_runner.py:60} INFO - Started process 24026 to run task
[2025-06-21T04:30:05.588+0000] {standard_task_runner.py:87} INFO - Running: ['***', 'tasks', 'run', 'DAG_atualizacao_cadastral_revendas', 'organized_response_database', 'scheduled__2025-06-20T04:30:00+00:00', '--job-id', '87', '--raw', '--subdir', 'DAGS_FOLDER/DagDatasetComercial.py', '--cfg-path', '/tmp/tmpqal2yzwp']
[2025-06-21T04:30:05.591+0000] {standard_task_runner.py:88} INFO - Job 87: Subtask organized_response_database
[2025-06-21T04:30:05.702+0000] {task_command.py:423} INFO - Running <TaskInstance: DAG_atualizacao_cadastral_revendas.organized_response_database scheduled__2025-06-20T04:30:00+00:00 [running]> on host 99f5714845f7
[2025-06-21T04:30:05.937+0000] {taskinstance.py:2480} INFO - Exporting env vars: AIRFLOW_CTX_DAG_OWNER='***' AIRFLOW_CTX_DAG_ID='DAG_atualizacao_cadastral_revendas' AIRFLOW_CTX_TASK_ID='organized_response_database' AIRFLOW_CTX_EXECUTION_DATE='2025-06-20T04:30:00+00:00' AIRFLOW_CTX_TRY_NUMBER='1' AIRFLOW_CTX_DAG_RUN_ID='scheduled__2025-06-20T04:30:00+00:00'
[2025-06-21T04:30:07.411+0000] {logging_mixin.py:188} INFO - Revenda A7 Soluções organizada com sucesso !
[2025-06-21T04:30:08.726+0000] {logging_mixin.py:188} INFO - Revenda AB Soluções em TI organizada com sucesso !
[2025-06-21T04:30:09.990+0000] {logging_mixin.py:188} INFO - Revenda Adonai Automação Comercial organizada com sucesso !
[2025-06-21T04:30:11.271+0000] {logging_mixin.py:188} INFO - Revenda ADV SIG organizada com sucesso !
[2025-06-21T04:30:12.513+0000] {logging_mixin.py:188} INFO - Revenda A e A Dist. de Informática - Softart organizada com sucesso !
[2025-06-21T04:30:13.737+0000] {logging_mixin.py:188} INFO - Revenda Af Suporte organizada com sucesso !
[2025-06-21T04:30:14.962+0000] {logging_mixin.py:188} INFO - Revenda Agedata Sistemas organizada com sucesso !
[2025-06-21T04:30:16.386+0000] {logging_mixin.py:188} INFO - Revenda AIO Solucoes organizada com sucesso !
[2025-06-21T04:30:17.739+0000] {logging_mixin.py:188} INFO - Revenda AllTecInfo organizada com sucesso !
[2025-06-21T04:30:18.931+0000] {logging_mixin.py:188} INFO - Revenda Alpha Systemas e informática organizada com sucesso !
[2025-06-21T04:30:20.255+0000] {logging_mixin.py:188} INFO - Revenda Alternativa Automação Comercial organizada com sucesso !
[2025-06-21T04:30:21.511+0000] {logging_mixin.py:188} INFO - Revenda Amigo do Micro organizada com sucesso !
[2025-06-21T04:30:22.000+0000] {logging_mixin.py:188} INFO - Revenda AND Consultores Associados organizada com sucesso !
[2025-06-21T04:30:23.160+0000] {logging_mixin.py:188} INFO - Revenda APRN Soluções organizada com sucesso !
[2025-06-21T04:30:24.368+0000] {logging_mixin.py:188} INFO - Revenda Ary Sistemas de Gestão e Informatica (RNS) organizada com sucesso !
[2025-06-21T04:30:25.540+0000] {logging_mixin.py:188} INFO - Revenda Asteqesystem organizada com sucesso !
[2025-06-21T04:30:26.771+0000] {logging_mixin.py:188} INFO - Revenda Atrium Sistemas organizada com sucesso !
[2025-06-21T04:30:28.195+0000] {logging_mixin.py:188} INFO - Revenda Automac Digitron organizada com sucesso !
[2025-06-21T04:30:29.413+0000] {logging_mixin.py:188} INFO - Revenda Automaquinas - Automação Comercial organizada com sucesso !
[2025-06-21T04:30:30.811+0000] {logging_mixin.py:188} INFO - Revenda Autosyste Tecnologia e Inovação organizada com sucesso !
[2025-06-21T04:30:32.041+0000] {logging_mixin.py:188} INFO - Revenda Autotech Informática organizada com sucesso !
[2025-06-21T04:30:33.326+0000] {logging_mixin.py:188} INFO - Revenda Bellabyte organizada com sucesso !
[2025-06-21T04:30:34.485+0000] {logging_mixin.py:188} INFO - Revenda Bitech organizada com sucesso !
[2025-06-21T04:30:35.636+0000] {logging_mixin.py:188} INFO - Revenda Boldtsoft Sistemas organizada com sucesso !
[2025-06-21T04:30:36.806+0000] {logging_mixin.py:188} INFO - Revenda BRAZ TI organizada com sucesso !
[2025-06-21T04:30:38.104+0000] {logging_mixin.py:188} INFO - Revenda Brusoft Informatica organizada com sucesso !
[2025-06-21T04:30:39.266+0000] {logging_mixin.py:188} INFO - Revenda Brvatech organizada com sucesso !
[2025-06-21T04:30:40.580+0000] {logging_mixin.py:188} INFO - Revenda Canal Tecnico (Lumi) organizada com sucesso !
[2025-06-21T04:30:41.753+0000] {logging_mixin.py:188} INFO - Revenda Casa das Impressoras organizada com sucesso !
[2025-06-21T04:30:43.002+0000] {logging_mixin.py:188} INFO - Revenda CASTERS organizada com sucesso !
[2025-06-21T04:30:44.145+0000] {logging_mixin.py:188} INFO - Revenda Centec Equipamentos organizada com sucesso !
[2025-06-21T04:30:45.434+0000] {logging_mixin.py:188} INFO - Revenda CK Tech Consultoria organizada com sucesso !
[2025-06-21T04:30:46.762+0000] {logging_mixin.py:188} INFO - Revenda Compass Tecnologia da Informação organizada com sucesso !
[2025-06-21T04:30:47.934+0000] {logging_mixin.py:188} INFO - Revenda Compucenter Software organizada com sucesso !
[2025-06-21T04:30:48.407+0000] {logging_mixin.py:188} INFO - Revenda Conexão Informática Ltda organizada com sucesso !
[2025-06-21T04:30:49.597+0000] {logging_mixin.py:188} INFO - Revenda Connect System Soluções em Tecnologia organizada com sucesso !
[2025-06-21T04:30:50.765+0000] {logging_mixin.py:188} INFO - Revenda Conte Certo Serviços organizada com sucesso !
[2025-06-21T04:30:52.064+0000] {logging_mixin.py:188} INFO - Revenda Control Biz organizada com sucesso !
[2025-06-21T04:30:53.349+0000] {logging_mixin.py:188} INFO - Revenda CTi - Centro Técnico de Informática organizada com sucesso !
[2025-06-21T04:30:54.553+0000] {logging_mixin.py:188} INFO - Revenda D&A Automação Comercial organizada com sucesso !
[2025-06-21T04:30:55.713+0000] {logging_mixin.py:188} INFO - Revenda DALTEC Automacao Comercial organizada com sucesso !
[2025-06-21T04:30:57.129+0000] {logging_mixin.py:188} INFO - Revenda DataConta Gestão de Negócios organizada com sucesso !
[2025-06-21T04:30:58.329+0000] {logging_mixin.py:188} INFO - Revenda Dataproxy organizada com sucesso !
[2025-06-21T04:30:59.604+0000] {logging_mixin.py:188} INFO - Revenda DCODER organizada com sucesso !
[2025-06-21T04:31:00.962+0000] {logging_mixin.py:188} INFO - Revenda D Data Soluções organizada com sucesso !
[2025-06-21T04:31:02.384+0000] {logging_mixin.py:188} INFO - Revenda DGTEC organizada com sucesso !
[2025-06-21T04:31:03.656+0000] {logging_mixin.py:188} INFO - Revenda Digito Informatica organizada com sucesso !
[2025-06-21T04:31:04.926+0000] {logging_mixin.py:188} INFO - Revenda Dikoc Soluções em Software organizada com sucesso !
[2025-06-21T04:31:06.083+0000] {logging_mixin.py:188} INFO - Revenda DMK Sistemas e Soluções - HSI organizada com sucesso !
[2025-06-21T04:31:07.391+0000] {logging_mixin.py:188} INFO - Revenda DMZ Informatica organizada com sucesso !
[2025-06-21T04:31:08.743+0000] {logging_mixin.py:188} INFO - Revenda Dolphin Consultoria organizada com sucesso !
[2025-06-21T04:31:10.142+0000] {logging_mixin.py:188} INFO - Revenda DSM Consultoria em T.I. organizada com sucesso !
[2025-06-21T04:31:11.491+0000] {logging_mixin.py:188} INFO - Revenda Duall Tech organizada com sucesso !
[2025-06-21T04:31:12.684+0000] {logging_mixin.py:188} INFO - Revenda DWH Comercio de Alimentos organizada com sucesso !
[2025-06-21T04:31:14.037+0000] {logging_mixin.py:188} INFO - Revenda Edcom Automação Comercial organizada com sucesso !
[2025-06-21T04:31:15.334+0000] {logging_mixin.py:188} INFO - Revenda Eleve Tecnologia organizada com sucesso !
[2025-06-21T04:31:16.573+0000] {logging_mixin.py:188} INFO - Revenda Emlink Solucoes Empresariais organizada com sucesso !
[2025-06-21T04:31:17.810+0000] {logging_mixin.py:188} INFO - Revenda Exatop Certificação Digital e Sistemas organizada com sucesso !
[2025-06-21T04:31:19.024+0000] {logging_mixin.py:188} INFO - Revenda Exodus Informática organizada com sucesso !
[2025-06-21T04:31:20.241+0000] {logging_mixin.py:188} INFO - Revenda Extrema Software de Gestão organizada com sucesso !
[2025-06-21T04:31:21.458+0000] {logging_mixin.py:188} INFO - Revenda F5 Suporte e Automacão Comercial organizada com sucesso !
[2025-06-21T04:31:22.637+0000] {logging_mixin.py:188} INFO - Revenda Facilita Sistemas organizada com sucesso !
[2025-06-21T04:31:23.113+0000] {logging_mixin.py:188} INFO - Revenda Facilsys organizada com sucesso !
[2025-06-21T04:31:24.448+0000] {logging_mixin.py:188} INFO - Revenda F & F Soluções Empresariais organizada com sucesso !
[2025-06-21T04:31:25.674+0000] {logging_mixin.py:188} INFO - Revenda FKSIS - Sistemas de Gestão organizada com sucesso !
[2025-06-21T04:31:26.908+0000] {logging_mixin.py:188} INFO - Revenda FlorySoftt organizada com sucesso !
[2025-06-21T04:31:28.075+0000] {logging_mixin.py:188} INFO - Revenda Fn Info House organizada com sucesso !
[2025-06-21T04:31:29.213+0000] {logging_mixin.py:188} INFO - Revenda FS Informatica organizada com sucesso !
[2025-06-21T04:31:30.695+0000] {logging_mixin.py:188} INFO - Revenda Fusion Sistemas e Informatica organizada com sucesso !
[2025-06-21T04:31:31.891+0000] {logging_mixin.py:188} INFO - Revenda Gilmaq Automação Comercial organizada com sucesso !
[2025-06-21T04:31:33.056+0000] {logging_mixin.py:188} INFO - Revenda GM Soluções em Informática organizada com sucesso !
[2025-06-21T04:31:34.265+0000] {logging_mixin.py:188} INFO - Revenda Grupo GUUW organizada com sucesso !
[2025-06-21T04:31:34.743+0000] {logging_mixin.py:188} INFO - Revenda Guaxutec organizada com sucesso !
[2025-06-21T04:31:36.045+0000] {logging_mixin.py:188} INFO - Revenda HSI Automação Comercial organizada com sucesso !
[2025-06-21T04:31:37.927+0000] {logging_mixin.py:188} INFO - Revenda HWC Soluções organizada com sucesso !
[2025-06-21T04:31:39.128+0000] {logging_mixin.py:188} INFO - Revenda I7 Automação Comercial organizada com sucesso !
[2025-06-21T04:31:40.346+0000] {logging_mixin.py:188} INFO - Revenda Ideal Soluções Empresariais organizada com sucesso !
[2025-06-21T04:31:41.515+0000] {logging_mixin.py:188} INFO - Revenda ID Tecnologia organizada com sucesso !
[2025-06-21T04:31:42.798+0000] {logging_mixin.py:188} INFO - Revenda IFFI Soluções organizada com sucesso !
[2025-06-21T04:31:44.362+0000] {logging_mixin.py:188} INFO - Revenda IG TEC organizada com sucesso !
[2025-06-21T04:31:45.507+0000] {logging_mixin.py:188} INFO - Revenda INFOPRINTER organizada com sucesso !
[2025-06-21T04:31:46.719+0000] {logging_mixin.py:188} INFO - Revenda INFORMIT organizada com sucesso !
[2025-06-21T04:31:47.910+0000] {logging_mixin.py:188} INFO - Revenda Infor Serviços organizada com sucesso !
[2025-06-21T04:31:49.219+0000] {logging_mixin.py:188} INFO - Revenda Infortec Automacao Comercial organizada com sucesso !
[2025-06-21T04:31:50.494+0000] {logging_mixin.py:188} INFO - Revenda Infotek organizada com sucesso !
[2025-06-21T04:31:51.676+0000] {logging_mixin.py:188} INFO - Revenda Innovati Tecnologia (INW Store) organizada com sucesso !
[2025-06-21T04:31:52.813+0000] {logging_mixin.py:188} INFO - Revenda Inova Software organizada com sucesso !
[2025-06-21T04:31:54.310+0000] {logging_mixin.py:188} INFO - Revenda Inspire Consult & Informatica  organizada com sucesso !
[2025-06-21T04:31:55.497+0000] {logging_mixin.py:188} INFO - Revenda Inteltix Tecnologia (Center) organizada com sucesso !
[2025-06-21T04:31:56.919+0000] {logging_mixin.py:188} INFO - Revenda J7 Automação Comercial - System HD organizada com sucesso !
[2025-06-21T04:31:58.247+0000] {logging_mixin.py:188} INFO - Revenda Jann Informatica organizada com sucesso !
[2025-06-21T04:31:59.458+0000] {logging_mixin.py:188} INFO - Revenda JB Tecnologia organizada com sucesso !
[2025-06-21T04:32:00.853+0000] {logging_mixin.py:188} INFO - Revenda J & E Soluções organizada com sucesso !
[2025-06-21T04:32:02.074+0000] {logging_mixin.py:188} INFO - Revenda JExpress organizada com sucesso !
[2025-06-21T04:32:03.504+0000] {logging_mixin.py:188} INFO - Revenda J F Soluções Informatica organizada com sucesso !
[2025-06-21T04:32:04.709+0000] {logging_mixin.py:188} INFO - Revenda J F Tech Tecnologia & Sistemas organizada com sucesso !
[2025-06-21T04:32:06.076+0000] {logging_mixin.py:188} INFO - Revenda JHLS Automação Comercial organizada com sucesso !
[2025-06-21T04:32:08.346+0000] {logging_mixin.py:188} INFO - Revenda Jinsei Contabilidade organizada com sucesso !
[2025-06-21T04:32:09.519+0000] {logging_mixin.py:188} INFO - Revenda JJ Serviços organizada com sucesso !
[2025-06-21T04:32:10.749+0000] {logging_mixin.py:188} INFO - Revenda JM Informatica organizada com sucesso !
[2025-06-21T04:32:11.931+0000] {logging_mixin.py:188} INFO - Revenda JP Automação Comercial organizada com sucesso !
[2025-06-21T04:32:13.265+0000] {logging_mixin.py:188} INFO - Revenda JSR Automação Comercial  organizada com sucesso !
[2025-06-21T04:32:14.400+0000] {logging_mixin.py:188} INFO - Revenda Kernel Sistemas organizada com sucesso !
[2025-06-21T04:32:16.500+0000] {logging_mixin.py:188} INFO - Revenda KMCI Tecnologia em Automação organizada com sucesso !
[2025-06-21T04:32:17.714+0000] {logging_mixin.py:188} INFO - Revenda Komputronic do Brasil organizada com sucesso !
[2025-06-21T04:32:18.921+0000] {logging_mixin.py:188} INFO - Revenda KSC Sistemas organizada com sucesso !
[2025-06-21T04:32:20.162+0000] {logging_mixin.py:188} INFO - Revenda L&D Comercio e Tecnologia organizada com sucesso !
[2025-06-21T04:32:22.409+0000] {logging_mixin.py:188} INFO - Revenda LD Tech organizada com sucesso !
[2025-06-21T04:32:23.609+0000] {logging_mixin.py:188} INFO - Revenda LF Sistemas organizada com sucesso !
[2025-06-21T04:32:24.759+0000] {logging_mixin.py:188} INFO - Revenda LiderTech organizada com sucesso !
[2025-06-21T04:32:25.963+0000] {logging_mixin.py:188} INFO - Revenda Life Sistemas  organizada com sucesso !
[2025-06-21T04:32:27.310+0000] {logging_mixin.py:188} INFO - Revenda LL Tecnologia organizada com sucesso !
[2025-06-21T04:32:28.692+0000] {logging_mixin.py:188} INFO - Revenda LMD Sistemas organizada com sucesso !
[2025-06-21T04:32:29.915+0000] {logging_mixin.py:188} INFO - Revenda Logitec 2000 Informatica organizada com sucesso !
[2025-06-21T04:32:31.140+0000] {logging_mixin.py:188} INFO - Revenda Macmos organizada com sucesso !
[2025-06-21T04:32:32.332+0000] {logging_mixin.py:188} INFO - Revenda Mape Informatica organizada com sucesso !
[2025-06-21T04:32:33.602+0000] {logging_mixin.py:188} INFO - Revenda Marcka Informática e Sistemas organizada com sucesso !
[2025-06-21T04:32:35.004+0000] {logging_mixin.py:188} INFO - Revenda Matechinfo organizada com sucesso !
[2025-06-21T04:32:36.191+0000] {logging_mixin.py:188} INFO - Revenda MB Tecnologia organizada com sucesso !
[2025-06-21T04:32:37.344+0000] {logging_mixin.py:188} INFO - Revenda MC2 Tecnologia organizada com sucesso !
[2025-06-21T04:32:38.500+0000] {logging_mixin.py:188} INFO - Revenda MCR Sistemas (RS-AMX) organizada com sucesso !
[2025-06-21T04:32:39.678+0000] {logging_mixin.py:188} INFO - Revenda MD Tech Automação organizada com sucesso !
[2025-06-21T04:32:40.907+0000] {logging_mixin.py:188} INFO - Revenda Megasoft Informatica organizada com sucesso !
[2025-06-21T04:32:42.158+0000] {logging_mixin.py:188} INFO - Revenda Mercantec Soluções organizada com sucesso !
[2025-06-21T04:32:43.305+0000] {logging_mixin.py:188} INFO - Revenda Mikrox "Somadatta" organizada com sucesso !
[2025-06-21T04:32:44.638+0000] {logging_mixin.py:188} INFO - Revenda M. Nobre (Terabyte) organizada com sucesso !
[2025-06-21T04:32:45.833+0000] {logging_mixin.py:188} INFO - Revenda MRsis Automação organizada com sucesso !
[2025-06-21T04:32:47.009+0000] {logging_mixin.py:188} INFO - Revenda M&R Soluções - Grupo ATL organizada com sucesso !
[2025-06-21T04:32:48.357+0000] {logging_mixin.py:188} INFO - Revenda Multi Soft organizada com sucesso !
[2025-06-21T04:32:49.642+0000] {logging_mixin.py:188} INFO - Revenda NewCompras.com.br organizada com sucesso !
[2025-06-21T04:32:50.895+0000] {logging_mixin.py:188} INFO - Revenda NEWTEF Automação organizada com sucesso !
[2025-06-21T04:32:52.080+0000] {logging_mixin.py:188} INFO - Revenda Next Store organizada com sucesso !
[2025-06-21T04:32:53.279+0000] {logging_mixin.py:188} INFO - Revenda Nova Loja organizada com sucesso !
[2025-06-21T04:32:54.564+0000] {logging_mixin.py:188} INFO - Revenda NovaPC organizada com sucesso !
[2025-06-21T04:32:55.851+0000] {logging_mixin.py:188} INFO - Revenda Optimus - Gestão organizada com sucesso !
[2025-06-21T04:32:57.854+0000] {logging_mixin.py:188} INFO - Revenda Otimizer Consultoria em Sistemas organizada com sucesso !
[2025-06-21T04:32:58.329+0000] {logging_mixin.py:188} INFO - Revenda Otimize Soluções organizada com sucesso !
[2025-06-21T04:32:59.555+0000] {logging_mixin.py:188} INFO - Revenda P21 Software organizada com sucesso !
[2025-06-21T04:33:00.698+0000] {logging_mixin.py:188} INFO - Revenda PALM Soluções organizada com sucesso !
[2025-06-21T04:33:01.942+0000] {logging_mixin.py:188} INFO - Revenda Parceria Informatica organizada com sucesso !
[2025-06-21T04:33:03.301+0000] {logging_mixin.py:188} INFO - Revenda PDV Automação organizada com sucesso !
[2025-06-21T04:33:04.608+0000] {logging_mixin.py:188} INFO - Revenda PEG Informatica organizada com sucesso !
[2025-06-21T04:33:05.102+0000] {logging_mixin.py:188} INFO - Revenda Piramide Automação e Informatica organizada com sucesso !
[2025-06-21T04:33:06.466+0000] {logging_mixin.py:188} INFO - Revenda Plus Solutions organizada com sucesso !
[2025-06-21T04:33:07.660+0000] {logging_mixin.py:188} INFO - Revenda Ponte organizada com sucesso !
[2025-06-21T04:33:08.770+0000] {logging_mixin.py:188} INFO - Revenda Pratic Informática organizada com sucesso !
[2025-06-21T04:33:10.000+0000] {logging_mixin.py:188} INFO - Revenda PROFISC - Consultoria  organizada com sucesso !
[2025-06-21T04:33:10.462+0000] {logging_mixin.py:188} INFO - Erro no get_geolocalization: Expecting value: line 1 column 1 (char 0)
[2025-06-21T04:33:10.465+0000] {logging_mixin.py:188} INFO - Revenda Pryamos organizada com sucesso !
[2025-06-21T04:33:11.674+0000] {logging_mixin.py:188} INFO - Revenda Quality Automação e Recargas organizada com sucesso !
[2025-06-21T04:33:12.884+0000] {logging_mixin.py:188} INFO - Revenda Rafah Soluções em Sistema organizada com sucesso !
[2025-06-21T04:33:14.054+0000] {logging_mixin.py:188} INFO - Revenda RC Automação organizada com sucesso !
[2025-06-21T04:33:15.296+0000] {logging_mixin.py:188} INFO - Revenda RCM Tecnologia organizada com sucesso !
[2025-06-21T04:33:16.459+0000] {logging_mixin.py:188} INFO - Revenda RedeEllo organizada com sucesso !
[2025-06-21T04:33:17.658+0000] {logging_mixin.py:188} INFO - Revenda Rieger Consultoria e Serviços  organizada com sucesso !
[2025-06-21T04:33:18.922+0000] {logging_mixin.py:188} INFO - Revenda RKS Tecnologia organizada com sucesso !
[2025-06-21T04:33:20.264+0000] {logging_mixin.py:188} INFO - Revenda Rondoniatec Sistemas e Soluções organizada com sucesso !
[2025-06-21T04:33:21.539+0000] {logging_mixin.py:188} INFO - Revenda Royal Ti organizada com sucesso !
[2025-06-21T04:33:22.797+0000] {logging_mixin.py:188} INFO - Revenda RPD Tech Soluções em T.I. organizada com sucesso !
[2025-06-21T04:33:23.995+0000] {logging_mixin.py:188} INFO - Revenda RPDV Soluções em Tecnologia organizada com sucesso !
[2025-06-21T04:33:25.175+0000] {logging_mixin.py:188} INFO - Revenda RS Informatica organizada com sucesso !
[2025-06-21T04:33:26.390+0000] {logging_mixin.py:188} INFO - Revenda Rtek organizada com sucesso !
[2025-06-21T04:33:27.565+0000] {logging_mixin.py:188} INFO - Revenda SDN Sistemas de Gestão organizada com sucesso !
[2025-06-21T04:33:29.795+0000] {logging_mixin.py:188} INFO - Revenda Seed Tecnologia organizada com sucesso !
[2025-06-21T04:33:30.976+0000] {logging_mixin.py:188} INFO - Revenda Shopseg Sistemas organizada com sucesso !
[2025-06-21T04:33:32.160+0000] {logging_mixin.py:188} INFO - Revenda Sig Sistemas Corporativos organizada com sucesso !
[2025-06-21T04:33:33.438+0000] {logging_mixin.py:188} INFO - Revenda Sistech Sistemas organizada com sucesso !
[2025-06-21T04:33:34.650+0000] {logging_mixin.py:188} INFO - Revenda Sistema Completo organizada com sucesso !
[2025-06-21T04:33:35.974+0000] {logging_mixin.py:188} INFO - Revenda Sistema Uniplus - Vitória da Conquista organizada com sucesso !
[2025-06-21T04:33:36.448+0000] {logging_mixin.py:188} INFO - Revenda Skill Automação Comercial organizada com sucesso !
[2025-06-21T04:33:37.638+0000] {logging_mixin.py:188} INFO - Revenda SM10 Sistemas de Gestão e Automação Comercial  (AM10) organizada com sucesso !
[2025-06-21T04:33:38.879+0000] {logging_mixin.py:188} INFO - Revenda Smith Tecnologias organizada com sucesso !
[2025-06-21T04:33:40.076+0000] {logging_mixin.py:188} INFO - Revenda SMQ Tecnologia organizada com sucesso !
[2025-06-21T04:33:41.310+0000] {logging_mixin.py:188} INFO - Revenda Softech Tecnologia organizada com sucesso !
[2025-06-21T04:33:42.521+0000] {logging_mixin.py:188} INFO - Revenda SoftGadol organizada com sucesso !
[2025-06-21T04:33:43.680+0000] {logging_mixin.py:188} INFO - Revenda Softkore organizada com sucesso !
[2025-06-21T04:33:44.889+0000] {logging_mixin.py:188} INFO - Revenda Softmaq organizada com sucesso !
[2025-06-21T04:33:46.229+0000] {logging_mixin.py:188} INFO - Revenda Solem Tecnologia organizada com sucesso !
[2025-06-21T04:33:46.709+0000] {logging_mixin.py:188} INFO - Revenda Sonaglio Automação organizada com sucesso !
[2025-06-21T04:33:47.875+0000] {logging_mixin.py:188} INFO - Revenda Sonsun organizada com sucesso !
[2025-06-21T04:33:49.096+0000] {logging_mixin.py:188} INFO - Revenda Sophos Projetos organizada com sucesso !
[2025-06-21T04:33:50.285+0000] {logging_mixin.py:188} INFO - Revenda Sparta Gestão e Contabilidade - DEOCLESYSTEM organizada com sucesso !
[2025-06-21T04:33:51.504+0000] {logging_mixin.py:188} INFO - Revenda Speed Automação Comercial organizada com sucesso !
[2025-06-21T04:33:52.731+0000] {logging_mixin.py:188} INFO - Revenda SS Informatica - Bahia organizada com sucesso !
[2025-06-21T04:33:54.003+0000] {logging_mixin.py:188} INFO - Revenda SS Informática - Maranhão organizada com sucesso !
[2025-06-21T04:33:55.205+0000] {logging_mixin.py:188} INFO - Revenda Syscom Sistemas organizada com sucesso !
[2025-06-21T04:33:56.446+0000] {logging_mixin.py:188} INFO - Revenda SYSFOUR - Intelligent Systems organizada com sucesso !
[2025-06-21T04:33:56.917+0000] {logging_mixin.py:188} INFO - Revenda System Bella Automação Comercial organizada com sucesso !
[2025-06-21T04:33:58.170+0000] {logging_mixin.py:188} INFO - Revenda TB Automação e Informática organizada com sucesso !
[2025-06-21T04:33:59.369+0000] {logging_mixin.py:188} INFO - Revenda TC Maquinas organizada com sucesso !
[2025-06-21T04:34:00.548+0000] {logging_mixin.py:188} INFO - Revenda Technoside Informatica organizada com sucesso !
[2025-06-21T04:34:01.793+0000] {logging_mixin.py:188} INFO - Revenda Tecmicro Informática organizada com sucesso !
[2025-06-21T04:34:03.076+0000] {logging_mixin.py:188} INFO - Revenda Tecnoinfo organizada com sucesso !
[2025-06-21T04:34:04.352+0000] {logging_mixin.py:188} INFO - Revenda TECSOLUTION organizada com sucesso !
[2025-06-21T04:34:05.640+0000] {logging_mixin.py:188} INFO - Revenda Tefcom organizada com sucesso !
[2025-06-21T04:34:06.873+0000] {logging_mixin.py:188} INFO - Revenda TFA Tecnologia e Soluções  organizada com sucesso !
[2025-06-21T04:34:08.078+0000] {logging_mixin.py:188} INFO - Revenda TI-Brasil Sistemas organizada com sucesso !
[2025-06-21T04:34:09.449+0000] {logging_mixin.py:188} INFO - Revenda Trends Solutions organizada com sucesso !
[2025-06-21T04:34:10.618+0000] {logging_mixin.py:188} INFO - Revenda TS TECH organizada com sucesso !
[2025-06-21T04:34:11.856+0000] {logging_mixin.py:188} INFO - Revenda Unisoft Sistemas ** Hardtech organizada com sucesso !
[2025-06-21T04:34:13.088+0000] {logging_mixin.py:188} INFO - Revenda Unitek Soluções organizada com sucesso !
[2025-06-21T04:34:14.525+0000] {logging_mixin.py:188} INFO - Revenda Uniup Sistema - Automação e CFTV organizada com sucesso !
[2025-06-21T04:34:15.664+0000] {logging_mixin.py:188} INFO - Revenda Universal Automação Comercial  organizada com sucesso !
[2025-06-21T04:34:16.971+0000] {logging_mixin.py:188} INFO - Revenda Universo Sistemas organizada com sucesso !
[2025-06-21T04:34:18.235+0000] {logging_mixin.py:188} INFO - Revenda Valor Tecnologia organizada com sucesso !
[2025-06-21T04:34:19.392+0000] {logging_mixin.py:188} INFO - Revenda VGI TECHNOLOGY organizada com sucesso !
[2025-06-21T04:34:20.614+0000] {logging_mixin.py:188} INFO - Revenda Via Nova Soluções em Tecnologia organizada com sucesso !
[2025-06-21T04:34:21.794+0000] {logging_mixin.py:188} INFO - Revenda Virtual Informatica_MG organizada com sucesso !
[2025-06-21T04:34:23.041+0000] {logging_mixin.py:188} INFO - Revenda Virtual Sistemas_SC organizada com sucesso !
[2025-06-21T04:34:24.630+0000] {logging_mixin.py:188} INFO - Revenda VPN Solucoes em Informatica organizada com sucesso !
[2025-06-21T04:34:25.896+0000] {logging_mixin.py:188} INFO - Revenda Vzan Automação Comercial organizada com sucesso !
[2025-06-21T04:34:27.085+0000] {logging_mixin.py:188} INFO - Revenda Walltech Informatica organizada com sucesso !
[2025-06-21T04:34:28.305+0000] {logging_mixin.py:188} INFO - Revenda W C Sistemas organizada com sucesso !
[2025-06-21T04:34:29.489+0000] {logging_mixin.py:188} INFO - Revenda WGE informatica organizada com sucesso !
[2025-06-21T04:34:30.698+0000] {logging_mixin.py:188} INFO - Revenda WMX Soluções em Tecnologia organizada com sucesso !
[2025-06-21T04:34:31.917+0000] {logging_mixin.py:188} INFO - Revenda X1 Automação organizada com sucesso !
[2025-06-21T04:34:32.230+0000] {python.py:201} INFO - Done. Returned value was: None
[2025-06-21T04:34:32.257+0000] {taskinstance.py:1138} INFO - Marking task as SUCCESS. dag_id=DAG_atualizacao_cadastral_revendas, task_id=organized_response_database, execution_date=20250620T043000, start_date=20250621T043005, end_date=20250621T043432
[2025-06-21T04:34:32.499+0000] {local_task_job_runner.py:234} INFO - Task exited with return code 0
[2025-06-21T04:34:32.537+0000] {taskinstance.py:3280} INFO - 1 downstream tasks scheduled from follow-on schedule check
