[2025-07-12T04:30:07.063+0000] {taskinstance.py:1956} INFO - Dependencies all met for dep_context=non-requeueable deps ti=<TaskInstance: DAG_atualizacao_cadastral_revendas.insert_database scheduled__2025-07-11T04:30:00+00:00 [queued]>
[2025-07-12T04:30:07.081+0000] {taskinstance.py:1956} INFO - Dependencies all met for dep_context=requeueable deps ti=<TaskInstance: DAG_atualizacao_cadastral_revendas.insert_database scheduled__2025-07-11T04:30:00+00:00 [queued]>
[2025-07-12T04:30:07.081+0000] {taskinstance.py:2170} INFO - Starting attempt 1 of 1
[2025-07-12T04:30:07.118+0000] {taskinstance.py:2191} INFO - Executing <Task(PythonOperator): insert_database> on 2025-07-11 04:30:00+00:00
[2025-07-12T04:30:07.125+0000] {standard_task_runner.py:60} INFO - Started process 1105225 to run task
[2025-07-12T04:30:07.131+0000] {standard_task_runner.py:87} INFO - Running: ['***', 'tasks', 'run', 'DAG_atualizacao_cadastral_revendas', 'insert_database', 'scheduled__2025-07-11T04:30:00+00:00', '--job-id', '486', '--raw', '--subdir', 'DAGS_FOLDER/DagDatasetComercial.py', '--cfg-path', '/tmp/tmpg304dpcr']
[2025-07-12T04:30:07.133+0000] {standard_task_runner.py:88} INFO - Job 486: Subtask insert_database
[2025-07-12T04:30:07.241+0000] {task_command.py:423} INFO - Running <TaskInstance: DAG_atualizacao_cadastral_revendas.insert_database scheduled__2025-07-11T04:30:00+00:00 [running]> on host 99f5714845f7
[2025-07-12T04:30:07.439+0000] {taskinstance.py:2480} INFO - Exporting env vars: AIRFLOW_CTX_DAG_OWNER='***' AIRFLOW_CTX_DAG_ID='DAG_atualizacao_cadastral_revendas' AIRFLOW_CTX_TASK_ID='insert_database' AIRFLOW_CTX_EXECUTION_DATE='2025-07-11T04:30:00+00:00' AIRFLOW_CTX_TRY_NUMBER='1' AIRFLOW_CTX_DAG_RUN_ID='scheduled__2025-07-11T04:30:00+00:00'
[2025-07-12T04:30:07.501+0000] {base.py:83} INFO - Using connection ID 'dataset_comercial_database' for task execution.
[2025-07-12T04:30:08.852+0000] {logging_mixin.py:188} INFO - Revenda A7 Soluções Atualizada com sucesso !
[2025-07-12T04:30:09.127+0000] {logging_mixin.py:188} INFO - Revenda AB Soluções em TI Atualizada com sucesso !
[2025-07-12T04:30:09.400+0000] {logging_mixin.py:188} INFO - Revenda Adonai Automação Comercial Atualizada com sucesso !
[2025-07-12T04:30:09.675+0000] {logging_mixin.py:188} INFO - Revenda ADV SIG Atualizada com sucesso !
[2025-07-12T04:30:09.950+0000] {logging_mixin.py:188} INFO - Revenda A e A Dist. de Informática - Softart Atualizada com sucesso !
[2025-07-12T04:30:10.225+0000] {logging_mixin.py:188} INFO - Revenda Af Suporte Atualizada com sucesso !
[2025-07-12T04:30:10.501+0000] {logging_mixin.py:188} INFO - Revenda Agedata Sistemas Atualizada com sucesso !
[2025-07-12T04:30:10.776+0000] {logging_mixin.py:188} INFO - Revenda AIO Solucoes Atualizada com sucesso !
[2025-07-12T04:30:11.050+0000] {logging_mixin.py:188} INFO - Revenda AllTecInfo Atualizada com sucesso !
[2025-07-12T04:30:11.325+0000] {logging_mixin.py:188} INFO - Revenda Alpha Systemas e informática Atualizada com sucesso !
[2025-07-12T04:30:11.600+0000] {logging_mixin.py:188} INFO - Revenda Alternativa Automação Comercial Atualizada com sucesso !
[2025-07-12T04:30:11.874+0000] {logging_mixin.py:188} INFO - Revenda Amigo do Micro Atualizada com sucesso !
[2025-07-12T04:30:12.157+0000] {logging_mixin.py:188} INFO - Revenda AND Consultores Associados Atualizada com sucesso !
[2025-07-12T04:30:12.432+0000] {logging_mixin.py:188} INFO - Revenda APRN Soluções Atualizada com sucesso !
[2025-07-12T04:30:12.707+0000] {logging_mixin.py:188} INFO - Revenda Ary Sistemas de Gestão e Informatica (RNS) Atualizada com sucesso !
[2025-07-12T04:30:12.983+0000] {logging_mixin.py:188} INFO - Revenda Asteqesystem Atualizada com sucesso !
[2025-07-12T04:30:13.258+0000] {logging_mixin.py:188} INFO - Revenda Atrium Sistemas Atualizada com sucesso !
[2025-07-12T04:30:13.533+0000] {logging_mixin.py:188} INFO - Revenda Automac Digitron Atualizada com sucesso !
[2025-07-12T04:30:13.809+0000] {logging_mixin.py:188} INFO - Revenda Automaquinas - Automação Comercial Atualizada com sucesso !
[2025-07-12T04:30:14.086+0000] {logging_mixin.py:188} INFO - Revenda Autosyste Tecnologia e Inovação Atualizada com sucesso !
[2025-07-12T04:30:14.361+0000] {logging_mixin.py:188} INFO - Revenda Autotech Informática Atualizada com sucesso !
[2025-07-12T04:30:14.636+0000] {logging_mixin.py:188} INFO - Revenda Bellabyte Atualizada com sucesso !
[2025-07-12T04:30:14.911+0000] {logging_mixin.py:188} INFO - Revenda Bitech Atualizada com sucesso !
[2025-07-12T04:30:15.189+0000] {logging_mixin.py:188} INFO - Revenda Boldtsoft Sistemas Atualizada com sucesso !
[2025-07-12T04:30:15.464+0000] {logging_mixin.py:188} INFO - Revenda BRAZ TI Atualizada com sucesso !
[2025-07-12T04:30:15.738+0000] {logging_mixin.py:188} INFO - Revenda Brusoft Informatica Atualizada com sucesso !
[2025-07-12T04:30:16.013+0000] {logging_mixin.py:188} INFO - Revenda Brvatech Atualizada com sucesso !
[2025-07-12T04:30:16.292+0000] {logging_mixin.py:188} INFO - Revenda Canal Tecnico (Lumi) Atualizada com sucesso !
[2025-07-12T04:30:16.569+0000] {logging_mixin.py:188} INFO - Revenda Casa das Impressoras Atualizada com sucesso !
[2025-07-12T04:30:16.844+0000] {logging_mixin.py:188} INFO - Revenda CASTERS Atualizada com sucesso !
[2025-07-12T04:30:17.119+0000] {logging_mixin.py:188} INFO - Revenda Centec Equipamentos Atualizada com sucesso !
[2025-07-12T04:30:17.395+0000] {logging_mixin.py:188} INFO - Revenda CK Tech Consultoria Atualizada com sucesso !
[2025-07-12T04:30:17.671+0000] {logging_mixin.py:188} INFO - Revenda Compass Tecnologia da Informação Atualizada com sucesso !
[2025-07-12T04:30:17.946+0000] {logging_mixin.py:188} INFO - Revenda Compucenter Software Atualizada com sucesso !
[2025-07-12T04:30:18.221+0000] {logging_mixin.py:188} INFO - Revenda Conexão Informática Ltda Atualizada com sucesso !
[2025-07-12T04:30:18.497+0000] {logging_mixin.py:188} INFO - Revenda Connect System Soluções em Tecnologia Atualizada com sucesso !
[2025-07-12T04:30:18.772+0000] {logging_mixin.py:188} INFO - Revenda Conte Certo Serviços Atualizada com sucesso !
[2025-07-12T04:30:19.048+0000] {logging_mixin.py:188} INFO - Revenda Control Biz Atualizada com sucesso !
[2025-07-12T04:30:19.325+0000] {logging_mixin.py:188} INFO - Revenda CTi - Centro Técnico de Informática Atualizada com sucesso !
[2025-07-12T04:30:19.600+0000] {logging_mixin.py:188} INFO - Revenda D&A Automação Comercial Atualizada com sucesso !
[2025-07-12T04:30:19.874+0000] {logging_mixin.py:188} INFO - Revenda DALTEC Automacao Comercial Atualizada com sucesso !
[2025-07-12T04:30:20.150+0000] {logging_mixin.py:188} INFO - Revenda DataConta Gestão de Negócios Atualizada com sucesso !
[2025-07-12T04:30:20.422+0000] {logging_mixin.py:188} INFO - Revenda Dataproxy Atualizada com sucesso !
[2025-07-12T04:30:20.697+0000] {logging_mixin.py:188} INFO - Revenda DCODER Atualizada com sucesso !
[2025-07-12T04:30:20.973+0000] {logging_mixin.py:188} INFO - Revenda D Data Soluções Atualizada com sucesso !
[2025-07-12T04:30:21.248+0000] {logging_mixin.py:188} INFO - Revenda DGTEC Atualizada com sucesso !
[2025-07-12T04:30:21.526+0000] {logging_mixin.py:188} INFO - Revenda Digito Informatica Atualizada com sucesso !
[2025-07-12T04:30:21.800+0000] {logging_mixin.py:188} INFO - Revenda Dikoc Soluções em Software Atualizada com sucesso !
[2025-07-12T04:30:22.075+0000] {logging_mixin.py:188} INFO - Revenda DMK Sistemas e Soluções - HSI Atualizada com sucesso !
[2025-07-12T04:30:22.349+0000] {logging_mixin.py:188} INFO - Revenda DMZ Informatica Atualizada com sucesso !
[2025-07-12T04:30:22.624+0000] {logging_mixin.py:188} INFO - Revenda Dolphin Consultoria Atualizada com sucesso !
[2025-07-12T04:30:22.900+0000] {logging_mixin.py:188} INFO - Revenda DSM Consultoria em T.I. Atualizada com sucesso !
[2025-07-12T04:30:23.176+0000] {logging_mixin.py:188} INFO - Revenda Duall Tech Atualizada com sucesso !
[2025-07-12T04:30:23.450+0000] {logging_mixin.py:188} INFO - Revenda DWH Comercio de Alimentos Atualizada com sucesso !
[2025-07-12T04:30:23.726+0000] {logging_mixin.py:188} INFO - Revenda Edcom Automação Comercial Atualizada com sucesso !
[2025-07-12T04:30:24.002+0000] {logging_mixin.py:188} INFO - Revenda Eleve Tecnologia Atualizada com sucesso !
[2025-07-12T04:30:24.277+0000] {logging_mixin.py:188} INFO - Revenda Emlink Solucoes Empresariais Atualizada com sucesso !
[2025-07-12T04:30:24.553+0000] {logging_mixin.py:188} INFO - Revenda Exatop Certificação Digital e Sistemas Atualizada com sucesso !
[2025-07-12T04:30:24.829+0000] {logging_mixin.py:188} INFO - Revenda Exodus Informática Atualizada com sucesso !
[2025-07-12T04:30:25.105+0000] {logging_mixin.py:188} INFO - Revenda Extrema Software de Gestão Atualizada com sucesso !
[2025-07-12T04:30:25.381+0000] {logging_mixin.py:188} INFO - Revenda F5 Suporte e Automacão Comercial Atualizada com sucesso !
[2025-07-12T04:30:25.655+0000] {logging_mixin.py:188} INFO - Revenda Facilita Sistemas Atualizada com sucesso !
[2025-07-12T04:30:25.931+0000] {logging_mixin.py:188} INFO - Revenda Facilsys Atualizada com sucesso !
[2025-07-12T04:30:26.206+0000] {logging_mixin.py:188} INFO - Revenda F & F Soluções Empresariais Atualizada com sucesso !
[2025-07-12T04:30:26.481+0000] {logging_mixin.py:188} INFO - Revenda FKSIS - Sistemas de Gestão Atualizada com sucesso !
[2025-07-12T04:30:26.757+0000] {logging_mixin.py:188} INFO - Revenda FlorySoftt Atualizada com sucesso !
[2025-07-12T04:30:27.031+0000] {logging_mixin.py:188} INFO - Revenda Fn Info House Atualizada com sucesso !
[2025-07-12T04:30:27.306+0000] {logging_mixin.py:188} INFO - Revenda FS Informatica Atualizada com sucesso !
[2025-07-12T04:30:27.581+0000] {logging_mixin.py:188} INFO - Revenda Fusion Sistemas e Informatica Atualizada com sucesso !
[2025-07-12T04:30:27.857+0000] {logging_mixin.py:188} INFO - Revenda Gilmaq Automação Comercial Atualizada com sucesso !
[2025-07-12T04:30:28.132+0000] {logging_mixin.py:188} INFO - Revenda GM Soluções em Informática Atualizada com sucesso !
[2025-07-12T04:30:28.408+0000] {logging_mixin.py:188} INFO - Revenda Grupo GUUW Atualizada com sucesso !
[2025-07-12T04:30:28.685+0000] {logging_mixin.py:188} INFO - Revenda Guaxutec Atualizada com sucesso !
[2025-07-12T04:30:28.961+0000] {logging_mixin.py:188} INFO - Revenda HSI Automação Comercial Atualizada com sucesso !
[2025-07-12T04:30:29.236+0000] {logging_mixin.py:188} INFO - Revenda HWC Soluções Atualizada com sucesso !
[2025-07-12T04:30:29.511+0000] {logging_mixin.py:188} INFO - Revenda I7 Automação Comercial Atualizada com sucesso !
[2025-07-12T04:30:29.786+0000] {logging_mixin.py:188} INFO - Revenda Ideal Soluções Empresariais Atualizada com sucesso !
[2025-07-12T04:30:30.061+0000] {logging_mixin.py:188} INFO - Revenda ID Tecnologia Atualizada com sucesso !
[2025-07-12T04:30:30.336+0000] {logging_mixin.py:188} INFO - Revenda IFFI Soluções Atualizada com sucesso !
[2025-07-12T04:30:30.612+0000] {logging_mixin.py:188} INFO - Revenda IG TEC Atualizada com sucesso !
[2025-07-12T04:30:30.886+0000] {logging_mixin.py:188} INFO - Revenda INFOPRINTER Atualizada com sucesso !
[2025-07-12T04:30:31.161+0000] {logging_mixin.py:188} INFO - Revenda INFORMIT Atualizada com sucesso !
[2025-07-12T04:30:31.435+0000] {logging_mixin.py:188} INFO - Revenda Infor Serviços Atualizada com sucesso !
[2025-07-12T04:30:31.710+0000] {logging_mixin.py:188} INFO - Revenda Infortec Automacao Comercial Atualizada com sucesso !
[2025-07-12T04:30:31.985+0000] {logging_mixin.py:188} INFO - Revenda Infotek Atualizada com sucesso !
[2025-07-12T04:30:32.261+0000] {logging_mixin.py:188} INFO - Revenda Innovati Tecnologia (INW Store) Atualizada com sucesso !
[2025-07-12T04:30:32.536+0000] {logging_mixin.py:188} INFO - Revenda Inova Software Atualizada com sucesso !
[2025-07-12T04:30:32.813+0000] {logging_mixin.py:188} INFO - Revenda Inspire Consult & Informatica  Atualizada com sucesso !
[2025-07-12T04:30:33.091+0000] {logging_mixin.py:188} INFO - Revenda Inteltix Tecnologia (Center) Atualizada com sucesso !
[2025-07-12T04:30:33.365+0000] {logging_mixin.py:188} INFO - Revenda J7 Automação Comercial - System HD Atualizada com sucesso !
[2025-07-12T04:30:33.641+0000] {logging_mixin.py:188} INFO - Revenda Jann Informatica Atualizada com sucesso !
[2025-07-12T04:30:33.917+0000] {logging_mixin.py:188} INFO - Revenda JB Tecnologia Atualizada com sucesso !
[2025-07-12T04:30:34.194+0000] {logging_mixin.py:188} INFO - Revenda J & E Soluções Atualizada com sucesso !
[2025-07-12T04:30:34.471+0000] {logging_mixin.py:188} INFO - Revenda JExpress Atualizada com sucesso !
[2025-07-12T04:30:34.746+0000] {logging_mixin.py:188} INFO - Revenda J F Soluções Informatica Atualizada com sucesso !
[2025-07-12T04:30:35.021+0000] {logging_mixin.py:188} INFO - Revenda J F Tech Tecnologia & Sistemas Atualizada com sucesso !
[2025-07-12T04:30:35.295+0000] {logging_mixin.py:188} INFO - Revenda JHLS Automação Comercial Atualizada com sucesso !
[2025-07-12T04:30:35.570+0000] {logging_mixin.py:188} INFO - Revenda Jinsei Contabilidade Atualizada com sucesso !
[2025-07-12T04:30:35.843+0000] {logging_mixin.py:188} INFO - Revenda JJ Serviços Atualizada com sucesso !
[2025-07-12T04:30:36.119+0000] {logging_mixin.py:188} INFO - Revenda JM Informatica Atualizada com sucesso !
[2025-07-12T04:30:36.395+0000] {logging_mixin.py:188} INFO - Revenda JP Automação Comercial Atualizada com sucesso !
[2025-07-12T04:30:36.670+0000] {logging_mixin.py:188} INFO - Revenda JSR Automação Comercial  Atualizada com sucesso !
[2025-07-12T04:30:36.945+0000] {logging_mixin.py:188} INFO - Revenda Kernel Sistemas Atualizada com sucesso !
[2025-07-12T04:30:37.221+0000] {logging_mixin.py:188} INFO - Revenda KMCI Tecnologia em Automação Atualizada com sucesso !
[2025-07-12T04:30:37.496+0000] {logging_mixin.py:188} INFO - Revenda Komputronic do Brasil Atualizada com sucesso !
[2025-07-12T04:30:37.769+0000] {logging_mixin.py:188} INFO - Revenda KSC Sistemas Atualizada com sucesso !
[2025-07-12T04:30:38.045+0000] {logging_mixin.py:188} INFO - Revenda L&D Comercio e Tecnologia Atualizada com sucesso !
[2025-07-12T04:30:38.319+0000] {logging_mixin.py:188} INFO - Revenda LD Tech Atualizada com sucesso !
[2025-07-12T04:30:38.596+0000] {logging_mixin.py:188} INFO - Revenda LF Sistemas Atualizada com sucesso !
[2025-07-12T04:30:38.872+0000] {logging_mixin.py:188} INFO - Revenda LiderTech Atualizada com sucesso !
[2025-07-12T04:30:39.147+0000] {logging_mixin.py:188} INFO - Revenda Life Sistemas  Atualizada com sucesso !
[2025-07-12T04:30:39.423+0000] {logging_mixin.py:188} INFO - Revenda LL Tecnologia Atualizada com sucesso !
[2025-07-12T04:30:39.697+0000] {logging_mixin.py:188} INFO - Revenda LMD Sistemas Atualizada com sucesso !
[2025-07-12T04:30:39.975+0000] {logging_mixin.py:188} INFO - Revenda Logitec 2000 Informatica Atualizada com sucesso !
[2025-07-12T04:30:40.250+0000] {logging_mixin.py:188} INFO - Revenda Macmos Atualizada com sucesso !
[2025-07-12T04:30:40.526+0000] {logging_mixin.py:188} INFO - Revenda Mape Informatica Atualizada com sucesso !
[2025-07-12T04:30:40.801+0000] {logging_mixin.py:188} INFO - Revenda Marcka Informática e Sistemas Atualizada com sucesso !
[2025-07-12T04:30:41.076+0000] {logging_mixin.py:188} INFO - Revenda Matechinfo Atualizada com sucesso !
[2025-07-12T04:30:41.352+0000] {logging_mixin.py:188} INFO - Revenda MB Tecnologia Atualizada com sucesso !
[2025-07-12T04:30:41.627+0000] {logging_mixin.py:188} INFO - Revenda MC2 Tecnologia Atualizada com sucesso !
[2025-07-12T04:30:41.903+0000] {logging_mixin.py:188} INFO - Revenda MCR Sistemas (RS-AMX) Atualizada com sucesso !
[2025-07-12T04:30:42.178+0000] {logging_mixin.py:188} INFO - Revenda MD Tech Automação Atualizada com sucesso !
[2025-07-12T04:30:42.452+0000] {logging_mixin.py:188} INFO - Revenda Megasoft Informatica Atualizada com sucesso !
[2025-07-12T04:30:42.726+0000] {logging_mixin.py:188} INFO - Revenda Mercantec Soluções Atualizada com sucesso !
[2025-07-12T04:30:43.001+0000] {logging_mixin.py:188} INFO - Revenda Mikrox "Somadatta" Atualizada com sucesso !
[2025-07-12T04:30:43.276+0000] {logging_mixin.py:188} INFO - Revenda M. Nobre (Terabyte) Atualizada com sucesso !
[2025-07-12T04:30:43.550+0000] {logging_mixin.py:188} INFO - Revenda MRsis Automação Atualizada com sucesso !
[2025-07-12T04:30:43.826+0000] {logging_mixin.py:188} INFO - Revenda M&R Soluções - Grupo ATL Atualizada com sucesso !
[2025-07-12T04:30:44.101+0000] {logging_mixin.py:188} INFO - Revenda Multi Soft Atualizada com sucesso !
[2025-07-12T04:30:44.377+0000] {logging_mixin.py:188} INFO - Revenda NewCompras.com.br Atualizada com sucesso !
[2025-07-12T04:30:44.653+0000] {logging_mixin.py:188} INFO - Revenda NEWTEF Automação Atualizada com sucesso !
[2025-07-12T04:30:44.928+0000] {logging_mixin.py:188} INFO - Revenda Next Store Atualizada com sucesso !
[2025-07-12T04:30:45.206+0000] {logging_mixin.py:188} INFO - Revenda Nova Loja Atualizada com sucesso !
[2025-07-12T04:30:45.483+0000] {logging_mixin.py:188} INFO - Revenda NovaPC Atualizada com sucesso !
[2025-07-12T04:30:45.757+0000] {logging_mixin.py:188} INFO - Revenda Optimus - Gestão Atualizada com sucesso !
[2025-07-12T04:30:46.032+0000] {logging_mixin.py:188} INFO - Revenda Otimizer Consultoria em Sistemas Atualizada com sucesso !
[2025-07-12T04:30:46.308+0000] {logging_mixin.py:188} INFO - Revenda Otimize Soluções Atualizada com sucesso !
[2025-07-12T04:30:46.583+0000] {logging_mixin.py:188} INFO - Revenda P21 Software Atualizada com sucesso !
[2025-07-12T04:30:46.858+0000] {logging_mixin.py:188} INFO - Revenda PALM Soluções Atualizada com sucesso !
[2025-07-12T04:30:47.134+0000] {logging_mixin.py:188} INFO - Revenda Parceria Informatica Atualizada com sucesso !
[2025-07-12T04:30:47.410+0000] {logging_mixin.py:188} INFO - Revenda PDV Automação Atualizada com sucesso !
[2025-07-12T04:30:47.685+0000] {logging_mixin.py:188} INFO - Revenda PEG Informatica Atualizada com sucesso !
[2025-07-12T04:30:47.960+0000] {logging_mixin.py:188} INFO - Revenda Piramide Automação e Informatica Atualizada com sucesso !
[2025-07-12T04:30:48.235+0000] {logging_mixin.py:188} INFO - Revenda Plus Solutions Atualizada com sucesso !
[2025-07-12T04:30:48.510+0000] {logging_mixin.py:188} INFO - Revenda Ponte Atualizada com sucesso !
[2025-07-12T04:30:48.785+0000] {logging_mixin.py:188} INFO - Revenda Pratic Informática Atualizada com sucesso !
[2025-07-12T04:30:49.063+0000] {logging_mixin.py:188} INFO - Revenda PROFISC - Consultoria  Atualizada com sucesso !
[2025-07-12T04:30:49.344+0000] {logging_mixin.py:188} INFO - Revenda Pryamos Atualizada com sucesso !
[2025-07-12T04:30:49.621+0000] {logging_mixin.py:188} INFO - Revenda Quality Automação e Recargas Atualizada com sucesso !
[2025-07-12T04:30:49.896+0000] {logging_mixin.py:188} INFO - Revenda Rafah Soluções em Sistema Atualizada com sucesso !
[2025-07-12T04:30:50.171+0000] {logging_mixin.py:188} INFO - Revenda RC Automação Atualizada com sucesso !
[2025-07-12T04:30:50.447+0000] {logging_mixin.py:188} INFO - Revenda RCM Tecnologia Atualizada com sucesso !
[2025-07-12T04:30:50.722+0000] {logging_mixin.py:188} INFO - Revenda RedeEllo Atualizada com sucesso !
[2025-07-12T04:30:50.998+0000] {logging_mixin.py:188} INFO - Revenda Rieger Consultoria e Serviços  Atualizada com sucesso !
[2025-07-12T04:30:51.273+0000] {logging_mixin.py:188} INFO - Revenda RKS Tecnologia Atualizada com sucesso !
[2025-07-12T04:30:51.548+0000] {logging_mixin.py:188} INFO - Revenda Rondoniatec Sistemas e Soluções Atualizada com sucesso !
[2025-07-12T04:30:51.822+0000] {logging_mixin.py:188} INFO - Revenda Royal Ti Atualizada com sucesso !
[2025-07-12T04:30:52.114+0000] {logging_mixin.py:188} INFO - Revenda RPD Tech Soluções em T.I. Atualizada com sucesso !
[2025-07-12T04:30:52.389+0000] {logging_mixin.py:188} INFO - Revenda RPDV Soluções em Tecnologia Atualizada com sucesso !
[2025-07-12T04:30:52.665+0000] {logging_mixin.py:188} INFO - Revenda RS Informatica Atualizada com sucesso !
[2025-07-12T04:30:52.939+0000] {logging_mixin.py:188} INFO - Revenda Rtek Atualizada com sucesso !
[2025-07-12T04:30:53.215+0000] {logging_mixin.py:188} INFO - Revenda SDN Sistemas de Gestão Atualizada com sucesso !
[2025-07-12T04:30:53.490+0000] {logging_mixin.py:188} INFO - Revenda Seed Tecnologia Atualizada com sucesso !
[2025-07-12T04:30:53.766+0000] {logging_mixin.py:188} INFO - Revenda Shopseg Sistemas Atualizada com sucesso !
[2025-07-12T04:30:54.041+0000] {logging_mixin.py:188} INFO - Revenda Sig Sistemas Corporativos Atualizada com sucesso !
[2025-07-12T04:30:54.316+0000] {logging_mixin.py:188} INFO - Revenda Sistech Sistemas Atualizada com sucesso !
[2025-07-12T04:30:54.591+0000] {logging_mixin.py:188} INFO - Revenda Sistema Completo Atualizada com sucesso !
[2025-07-12T04:30:54.866+0000] {logging_mixin.py:188} INFO - Revenda Sistema Uniplus - Vitória da Conquista Atualizada com sucesso !
[2025-07-12T04:30:55.141+0000] {logging_mixin.py:188} INFO - Revenda Skill Automação Comercial Atualizada com sucesso !
[2025-07-12T04:30:55.416+0000] {logging_mixin.py:188} INFO - Revenda SM10 Sistemas de Gestão e Automação Comercial  (AM10) Atualizada com sucesso !
[2025-07-12T04:30:55.689+0000] {logging_mixin.py:188} INFO - Revenda Smith Tecnologias Atualizada com sucesso !
[2025-07-12T04:30:55.964+0000] {logging_mixin.py:188} INFO - Revenda SMQ Tecnologia Atualizada com sucesso !
[2025-07-12T04:30:56.242+0000] {logging_mixin.py:188} INFO - Revenda Softech Tecnologia Atualizada com sucesso !
[2025-07-12T04:30:56.517+0000] {logging_mixin.py:188} INFO - Revenda SoftGadol Atualizada com sucesso !
[2025-07-12T04:30:56.792+0000] {logging_mixin.py:188} INFO - Revenda Softkore Atualizada com sucesso !
[2025-07-12T04:30:57.067+0000] {logging_mixin.py:188} INFO - Revenda Softmaq Tecnologia Atualizada com sucesso !
[2025-07-12T04:30:57.342+0000] {logging_mixin.py:188} INFO - Revenda Softpollus Atualizada com sucesso !
[2025-07-12T04:30:57.617+0000] {logging_mixin.py:188} INFO - Revenda Solem Tecnologia Atualizada com sucesso !
[2025-07-12T04:30:57.893+0000] {logging_mixin.py:188} INFO - Revenda Sonaglio Automação Atualizada com sucesso !
[2025-07-12T04:30:58.168+0000] {logging_mixin.py:188} INFO - Revenda Sonsun Atualizada com sucesso !
[2025-07-12T04:30:58.443+0000] {logging_mixin.py:188} INFO - Revenda Sophos Projetos Atualizada com sucesso !
[2025-07-12T04:30:58.719+0000] {logging_mixin.py:188} INFO - Revenda Sparta Gestão e Contabilidade - DEOCLESYSTEM Atualizada com sucesso !
[2025-07-12T04:30:58.995+0000] {logging_mixin.py:188} INFO - Revenda Speed Automação Comercial Atualizada com sucesso !
[2025-07-12T04:30:59.272+0000] {logging_mixin.py:188} INFO - Revenda SS Informatica - Bahia Atualizada com sucesso !
[2025-07-12T04:30:59.547+0000] {logging_mixin.py:188} INFO - Revenda SS Informática - Maranhão Atualizada com sucesso !
[2025-07-12T04:30:59.823+0000] {logging_mixin.py:188} INFO - Revenda Syscom Sistemas Atualizada com sucesso !
[2025-07-12T04:31:00.141+0000] {logging_mixin.py:188} INFO - Revenda SYSFOUR - Intelligent Systems Atualizada com sucesso !
[2025-07-12T04:31:00.417+0000] {logging_mixin.py:188} INFO - Revenda System Bella Automação Comercial Atualizada com sucesso !
[2025-07-12T04:31:00.692+0000] {logging_mixin.py:188} INFO - Revenda TB Automação e Informática Atualizada com sucesso !
[2025-07-12T04:31:00.965+0000] {logging_mixin.py:188} INFO - Revenda TC Maquinas Atualizada com sucesso !
[2025-07-12T04:31:01.241+0000] {logging_mixin.py:188} INFO - Revenda Technoside Informatica Atualizada com sucesso !
[2025-07-12T04:31:01.516+0000] {logging_mixin.py:188} INFO - Revenda Tecmicro Informática Atualizada com sucesso !
[2025-07-12T04:31:01.791+0000] {logging_mixin.py:188} INFO - Revenda Tecnoinfo Atualizada com sucesso !
[2025-07-12T04:31:02.067+0000] {logging_mixin.py:188} INFO - Revenda TECSOLUTION Atualizada com sucesso !
[2025-07-12T04:31:02.342+0000] {logging_mixin.py:188} INFO - Revenda Tefcom Atualizada com sucesso !
[2025-07-12T04:31:02.617+0000] {logging_mixin.py:188} INFO - Revenda TFA Tecnologia e Soluções  Atualizada com sucesso !
[2025-07-12T04:31:02.894+0000] {logging_mixin.py:188} INFO - Revenda TI-Brasil Sistemas Atualizada com sucesso !
[2025-07-12T04:31:03.170+0000] {logging_mixin.py:188} INFO - Revenda Trends Solutions Atualizada com sucesso !
[2025-07-12T04:31:03.445+0000] {logging_mixin.py:188} INFO - Revenda TS TECH Atualizada com sucesso !
[2025-07-12T04:31:03.719+0000] {logging_mixin.py:188} INFO - Revenda Unisoft Sistemas ** Hardtech Atualizada com sucesso !
[2025-07-12T04:31:03.994+0000] {logging_mixin.py:188} INFO - Revenda Unitek Soluções Atualizada com sucesso !
[2025-07-12T04:31:04.270+0000] {logging_mixin.py:188} INFO - Revenda Uniup Sistema - Automação e CFTV Atualizada com sucesso !
[2025-07-12T04:31:04.543+0000] {logging_mixin.py:188} INFO - Revenda Universal Automação Comercial  Atualizada com sucesso !
[2025-07-12T04:31:04.820+0000] {logging_mixin.py:188} INFO - Revenda Universo Sistemas Atualizada com sucesso !
[2025-07-12T04:31:05.096+0000] {logging_mixin.py:188} INFO - Revenda VGI TECHNOLOGY Atualizada com sucesso !
[2025-07-12T04:31:05.374+0000] {logging_mixin.py:188} INFO - Revenda Via Nova Soluções em Tecnologia Atualizada com sucesso !
[2025-07-12T04:31:05.651+0000] {logging_mixin.py:188} INFO - Revenda Virtual Informatica_MG Atualizada com sucesso !
[2025-07-12T04:31:05.924+0000] {logging_mixin.py:188} INFO - Revenda Virtual Sistemas_SC Atualizada com sucesso !
[2025-07-12T04:31:06.200+0000] {logging_mixin.py:188} INFO - Revenda VPN Solucoes em Informatica Atualizada com sucesso !
[2025-07-12T04:31:06.475+0000] {logging_mixin.py:188} INFO - Revenda Vzan Automação Comercial Atualizada com sucesso !
[2025-07-12T04:31:06.750+0000] {logging_mixin.py:188} INFO - Revenda Walltech Informatica Atualizada com sucesso !
[2025-07-12T04:31:07.025+0000] {logging_mixin.py:188} INFO - Revenda W C Sistemas Atualizada com sucesso !
[2025-07-12T04:31:07.299+0000] {logging_mixin.py:188} INFO - Revenda WGE informatica Atualizada com sucesso !
[2025-07-12T04:31:07.574+0000] {logging_mixin.py:188} INFO - Revenda WMX Soluções em Tecnologia Atualizada com sucesso !
[2025-07-12T04:31:07.850+0000] {logging_mixin.py:188} INFO - Revenda X1 Automação Atualizada com sucesso !
[2025-07-12T04:31:07.988+0000] {python.py:201} INFO - Done. Returned value was: None
[2025-07-12T04:31:08.010+0000] {taskinstance.py:1138} INFO - Marking task as SUCCESS. dag_id=DAG_atualizacao_cadastral_revendas, task_id=insert_database, execution_date=20250711T043000, start_date=20250712T043007, end_date=20250712T043108
[2025-07-12T04:31:08.070+0000] {local_task_job_runner.py:234} INFO - Task exited with return code 0
[2025-07-12T04:31:08.099+0000] {taskinstance.py:3280} INFO - 0 downstream tasks scheduled from follow-on schedule check
