[2025-06-27T04:30:05.361+0000] {taskinstance.py:1956} INFO - Dependencies all met for dep_context=non-requeueable deps ti=<TaskInstance: DAG_atualizacao_cadastral_revendas.organized_response_database scheduled__2025-06-26T04:30:00+00:00 [queued]>
[2025-06-27T04:30:05.376+0000] {taskinstance.py:1956} INFO - Dependencies all met for dep_context=requeueable deps ti=<TaskInstance: DAG_atualizacao_cadastral_revendas.organized_response_database scheduled__2025-06-26T04:30:00+00:00 [queued]>
[2025-06-27T04:30:05.377+0000] {taskinstance.py:2170} INFO - Starting attempt 1 of 1
[2025-06-27T04:30:05.421+0000] {taskinstance.py:2191} INFO - Executing <Task(PythonOperator): organized_response_database> on 2025-06-26 04:30:00+00:00
[2025-06-27T04:30:05.429+0000] {standard_task_runner.py:60} INFO - Started process 332537 to run task
[2025-06-27T04:30:05.436+0000] {standard_task_runner.py:87} INFO - Running: ['***', 'tasks', 'run', 'DAG_atualizacao_cadastral_revendas', 'organized_response_database', 'scheduled__2025-06-26T04:30:00+00:00', '--job-id', '263', '--raw', '--subdir', 'DAGS_FOLDER/DagDatasetComercial.py', '--cfg-path', '/tmp/tmpnof43yf4']
[2025-06-27T04:30:05.438+0000] {standard_task_runner.py:88} INFO - Job 263: Subtask organized_response_database
[2025-06-27T04:30:05.553+0000] {task_command.py:423} INFO - Running <TaskInstance: DAG_atualizacao_cadastral_revendas.organized_response_database scheduled__2025-06-26T04:30:00+00:00 [running]> on host 99f5714845f7
[2025-06-27T04:30:05.808+0000] {taskinstance.py:2480} INFO - Exporting env vars: AIRFLOW_CTX_DAG_OWNER='***' AIRFLOW_CTX_DAG_ID='DAG_atualizacao_cadastral_revendas' AIRFLOW_CTX_TASK_ID='organized_response_database' AIRFLOW_CTX_EXECUTION_DATE='2025-06-26T04:30:00+00:00' AIRFLOW_CTX_TRY_NUMBER='1' AIRFLOW_CTX_DAG_RUN_ID='scheduled__2025-06-26T04:30:00+00:00'
[2025-06-27T04:30:07.322+0000] {logging_mixin.py:188} INFO - Revenda A7 Soluções organizada com sucesso !
[2025-06-27T04:30:08.648+0000] {logging_mixin.py:188} INFO - Revenda AB Soluções em TI organizada com sucesso !
[2025-06-27T04:30:09.990+0000] {logging_mixin.py:188} INFO - Revenda Adonai Automação Comercial organizada com sucesso !
[2025-06-27T04:30:11.253+0000] {logging_mixin.py:188} INFO - Revenda ADV SIG organizada com sucesso !
[2025-06-27T04:30:12.574+0000] {logging_mixin.py:188} INFO - Revenda A e A Dist. de Informática - Softart organizada com sucesso !
[2025-06-27T04:30:13.914+0000] {logging_mixin.py:188} INFO - Revenda Af Suporte organizada com sucesso !
[2025-06-27T04:30:15.211+0000] {logging_mixin.py:188} INFO - Revenda Agedata Sistemas organizada com sucesso !
[2025-06-27T04:30:16.711+0000] {logging_mixin.py:188} INFO - Revenda AIO Solucoes organizada com sucesso !
[2025-06-27T04:30:18.138+0000] {logging_mixin.py:188} INFO - Revenda AllTecInfo organizada com sucesso !
[2025-06-27T04:30:19.369+0000] {logging_mixin.py:188} INFO - Revenda Alpha Systemas e informática organizada com sucesso !
[2025-06-27T04:30:20.733+0000] {logging_mixin.py:188} INFO - Revenda Alternativa Automação Comercial organizada com sucesso !
[2025-06-27T04:30:22.061+0000] {logging_mixin.py:188} INFO - Revenda Amigo do Micro organizada com sucesso !
[2025-06-27T04:30:22.536+0000] {logging_mixin.py:188} INFO - Revenda AND Consultores Associados organizada com sucesso !
[2025-06-27T04:30:23.734+0000] {logging_mixin.py:188} INFO - Revenda APRN Soluções organizada com sucesso !
[2025-06-27T04:30:25.026+0000] {logging_mixin.py:188} INFO - Revenda Ary Sistemas de Gestão e Informatica (RNS) organizada com sucesso !
[2025-06-27T04:30:26.282+0000] {logging_mixin.py:188} INFO - Revenda Asteqesystem organizada com sucesso !
[2025-06-27T04:30:27.644+0000] {logging_mixin.py:188} INFO - Revenda Atrium Sistemas organizada com sucesso !
[2025-06-27T04:30:29.199+0000] {logging_mixin.py:188} INFO - Revenda Automac Digitron organizada com sucesso !
[2025-06-27T04:30:30.457+0000] {logging_mixin.py:188} INFO - Revenda Automaquinas - Automação Comercial organizada com sucesso !
[2025-06-27T04:30:32.065+0000] {logging_mixin.py:188} INFO - Revenda Autosyste Tecnologia e Inovação organizada com sucesso !
[2025-06-27T04:30:33.423+0000] {logging_mixin.py:188} INFO - Revenda Autotech Informática organizada com sucesso !
[2025-06-27T04:30:34.887+0000] {logging_mixin.py:188} INFO - Revenda Bellabyte organizada com sucesso !
[2025-06-27T04:30:36.119+0000] {logging_mixin.py:188} INFO - Revenda Bitech organizada com sucesso !
[2025-06-27T04:30:37.344+0000] {logging_mixin.py:188} INFO - Revenda Boldtsoft Sistemas organizada com sucesso !
[2025-06-27T04:30:38.559+0000] {logging_mixin.py:188} INFO - Revenda BRAZ TI organizada com sucesso !
[2025-06-27T04:30:39.951+0000] {logging_mixin.py:188} INFO - Revenda Brusoft Informatica organizada com sucesso !
[2025-06-27T04:30:41.173+0000] {logging_mixin.py:188} INFO - Revenda Brvatech organizada com sucesso !
[2025-06-27T04:30:42.648+0000] {logging_mixin.py:188} INFO - Revenda Canal Tecnico (Lumi) organizada com sucesso !
[2025-06-27T04:30:43.866+0000] {logging_mixin.py:188} INFO - Revenda Casa das Impressoras organizada com sucesso !
[2025-06-27T04:30:45.237+0000] {logging_mixin.py:188} INFO - Revenda CASTERS organizada com sucesso !
[2025-06-27T04:30:46.474+0000] {logging_mixin.py:188} INFO - Revenda Centec Equipamentos organizada com sucesso !
[2025-06-27T04:30:47.860+0000] {logging_mixin.py:188} INFO - Revenda CK Tech Consultoria organizada com sucesso !
[2025-06-27T04:30:49.248+0000] {logging_mixin.py:188} INFO - Revenda Compass Tecnologia da Informação organizada com sucesso !
[2025-06-27T04:30:50.456+0000] {logging_mixin.py:188} INFO - Revenda Compucenter Software organizada com sucesso !
[2025-06-27T04:30:50.923+0000] {logging_mixin.py:188} INFO - Revenda Conexão Informática Ltda organizada com sucesso !
[2025-06-27T04:30:52.246+0000] {logging_mixin.py:188} INFO - Revenda Connect System Soluções em Tecnologia organizada com sucesso !
[2025-06-27T04:30:53.486+0000] {logging_mixin.py:188} INFO - Revenda Conte Certo Serviços organizada com sucesso !
[2025-06-27T04:30:54.911+0000] {logging_mixin.py:188} INFO - Revenda Control Biz organizada com sucesso !
[2025-06-27T04:30:56.261+0000] {logging_mixin.py:188} INFO - Revenda CTi - Centro Técnico de Informática organizada com sucesso !
[2025-06-27T04:30:57.536+0000] {logging_mixin.py:188} INFO - Revenda D&A Automação Comercial organizada com sucesso !
[2025-06-27T04:30:58.801+0000] {logging_mixin.py:188} INFO - Revenda DALTEC Automacao Comercial organizada com sucesso !
[2025-06-27T04:31:01.414+0000] {logging_mixin.py:188} INFO - Revenda DataConta Gestão de Negócios organizada com sucesso !
[2025-06-27T04:31:02.753+0000] {logging_mixin.py:188} INFO - Revenda Dataproxy organizada com sucesso !
[2025-06-27T04:31:04.118+0000] {logging_mixin.py:188} INFO - Revenda DCODER organizada com sucesso !
[2025-06-27T04:31:05.560+0000] {logging_mixin.py:188} INFO - Revenda D Data Soluções organizada com sucesso !
[2025-06-27T04:31:07.664+0000] {logging_mixin.py:188} INFO - Revenda DGTEC organizada com sucesso !
[2025-06-27T04:31:09.033+0000] {logging_mixin.py:188} INFO - Revenda Digito Informatica organizada com sucesso !
[2025-06-27T04:31:10.406+0000] {logging_mixin.py:188} INFO - Revenda Dikoc Soluções em Software organizada com sucesso !
[2025-06-27T04:31:11.646+0000] {logging_mixin.py:188} INFO - Revenda DMK Sistemas e Soluções - HSI organizada com sucesso !
[2025-06-27T04:31:13.061+0000] {logging_mixin.py:188} INFO - Revenda DMZ Informatica organizada com sucesso !
[2025-06-27T04:31:14.489+0000] {logging_mixin.py:188} INFO - Revenda Dolphin Consultoria organizada com sucesso !
[2025-06-27T04:31:16.117+0000] {logging_mixin.py:188} INFO - Revenda DSM Consultoria em T.I. organizada com sucesso !
[2025-06-27T04:31:17.656+0000] {logging_mixin.py:188} INFO - Revenda Duall Tech organizada com sucesso !
[2025-06-27T04:31:18.948+0000] {logging_mixin.py:188} INFO - Revenda DWH Comercio de Alimentos organizada com sucesso !
[2025-06-27T04:31:20.615+0000] {logging_mixin.py:188} INFO - Revenda Edcom Automação Comercial organizada com sucesso !
[2025-06-27T04:31:22.024+0000] {logging_mixin.py:188} INFO - Revenda Eleve Tecnologia organizada com sucesso !
[2025-06-27T04:31:23.379+0000] {logging_mixin.py:188} INFO - Revenda Emlink Solucoes Empresariais organizada com sucesso !
[2025-06-27T04:31:24.641+0000] {logging_mixin.py:188} INFO - Revenda Exatop Certificação Digital e Sistemas organizada com sucesso !
[2025-06-27T04:31:25.924+0000] {logging_mixin.py:188} INFO - Revenda Exodus Informática organizada com sucesso !
[2025-06-27T04:31:27.229+0000] {logging_mixin.py:188} INFO - Revenda Extrema Software de Gestão organizada com sucesso !
[2025-06-27T04:31:28.534+0000] {logging_mixin.py:188} INFO - Revenda F5 Suporte e Automacão Comercial organizada com sucesso !
[2025-06-27T04:31:29.765+0000] {logging_mixin.py:188} INFO - Revenda Facilita Sistemas organizada com sucesso !
[2025-06-27T04:31:30.241+0000] {logging_mixin.py:188} INFO - Revenda Facilsys organizada com sucesso !
[2025-06-27T04:31:31.706+0000] {logging_mixin.py:188} INFO - Revenda F & F Soluções Empresariais organizada com sucesso !
[2025-06-27T04:31:33.077+0000] {logging_mixin.py:188} INFO - Revenda FKSIS - Sistemas de Gestão organizada com sucesso !
[2025-06-27T04:31:34.419+0000] {logging_mixin.py:188} INFO - Revenda FlorySoftt organizada com sucesso !
[2025-06-27T04:31:35.667+0000] {logging_mixin.py:188} INFO - Revenda Fn Info House organizada com sucesso !
[2025-06-27T04:31:36.882+0000] {logging_mixin.py:188} INFO - Revenda FS Informatica organizada com sucesso !
[2025-06-27T04:31:38.385+0000] {logging_mixin.py:188} INFO - Revenda Fusion Sistemas e Informatica organizada com sucesso !
[2025-06-27T04:31:39.674+0000] {logging_mixin.py:188} INFO - Revenda Gilmaq Automação Comercial organizada com sucesso !
[2025-06-27T04:31:40.900+0000] {logging_mixin.py:188} INFO - Revenda GM Soluções em Informática organizada com sucesso !
[2025-06-27T04:31:42.206+0000] {logging_mixin.py:188} INFO - Revenda Grupo GUUW organizada com sucesso !
[2025-06-27T04:31:42.682+0000] {logging_mixin.py:188} INFO - Revenda Guaxutec organizada com sucesso !
[2025-06-27T04:31:44.037+0000] {logging_mixin.py:188} INFO - Revenda HSI Automação Comercial organizada com sucesso !
[2025-06-27T04:31:45.988+0000] {logging_mixin.py:188} INFO - Revenda HWC Soluções organizada com sucesso !
[2025-06-27T04:31:47.280+0000] {logging_mixin.py:188} INFO - Revenda I7 Automação Comercial organizada com sucesso !
[2025-06-27T04:31:48.586+0000] {logging_mixin.py:188} INFO - Revenda Ideal Soluções Empresariais organizada com sucesso !
[2025-06-27T04:31:49.825+0000] {logging_mixin.py:188} INFO - Revenda ID Tecnologia organizada com sucesso !
[2025-06-27T04:31:51.212+0000] {logging_mixin.py:188} INFO - Revenda IFFI Soluções organizada com sucesso !
[2025-06-27T04:31:52.857+0000] {logging_mixin.py:188} INFO - Revenda IG TEC organizada com sucesso !
[2025-06-27T04:31:54.058+0000] {logging_mixin.py:188} INFO - Revenda INFOPRINTER organizada com sucesso !
[2025-06-27T04:31:55.422+0000] {logging_mixin.py:188} INFO - Revenda INFORMIT organizada com sucesso !
[2025-06-27T04:31:56.733+0000] {logging_mixin.py:188} INFO - Revenda Infor Serviços organizada com sucesso !
[2025-06-27T04:31:58.115+0000] {logging_mixin.py:188} INFO - Revenda Infortec Automacao Comercial organizada com sucesso !
[2025-06-27T04:31:59.481+0000] {logging_mixin.py:188} INFO - Revenda Infotek organizada com sucesso !
[2025-06-27T04:32:00.716+0000] {logging_mixin.py:188} INFO - Revenda Innovati Tecnologia (INW Store) organizada com sucesso !
[2025-06-27T04:32:01.944+0000] {logging_mixin.py:188} INFO - Revenda Inova Software organizada com sucesso !
[2025-06-27T04:32:03.591+0000] {logging_mixin.py:188} INFO - Revenda Inspire Consult & Informatica  organizada com sucesso !
[2025-06-27T04:32:04.847+0000] {logging_mixin.py:188} INFO - Revenda Inteltix Tecnologia (Center) organizada com sucesso !
[2025-06-27T04:32:06.322+0000] {logging_mixin.py:188} INFO - Revenda J7 Automação Comercial - System HD organizada com sucesso !
[2025-06-27T04:32:07.766+0000] {logging_mixin.py:188} INFO - Revenda Jann Informatica organizada com sucesso !
[2025-06-27T04:32:09.049+0000] {logging_mixin.py:188} INFO - Revenda JB Tecnologia organizada com sucesso !
[2025-06-27T04:32:10.560+0000] {logging_mixin.py:188} INFO - Revenda J & E Soluções organizada com sucesso !
[2025-06-27T04:32:11.953+0000] {logging_mixin.py:188} INFO - Revenda JExpress organizada com sucesso !
[2025-06-27T04:32:14.315+0000] {logging_mixin.py:188} INFO - Revenda J F Soluções Informatica organizada com sucesso !
[2025-06-27T04:32:15.580+0000] {logging_mixin.py:188} INFO - Revenda J F Tech Tecnologia & Sistemas organizada com sucesso !
[2025-06-27T04:32:17.039+0000] {logging_mixin.py:188} INFO - Revenda JHLS Automação Comercial organizada com sucesso !
[2025-06-27T04:32:19.314+0000] {logging_mixin.py:188} INFO - Revenda Jinsei Contabilidade organizada com sucesso !
[2025-06-27T04:32:20.549+0000] {logging_mixin.py:188} INFO - Revenda JJ Serviços organizada com sucesso !
[2025-06-27T04:32:21.846+0000] {logging_mixin.py:188} INFO - Revenda JM Informatica organizada com sucesso !
[2025-06-27T04:32:23.084+0000] {logging_mixin.py:188} INFO - Revenda JP Automação Comercial organizada com sucesso !
[2025-06-27T04:32:24.544+0000] {logging_mixin.py:188} INFO - Revenda JSR Automação Comercial  organizada com sucesso !
[2025-06-27T04:32:25.796+0000] {logging_mixin.py:188} INFO - Revenda Kernel Sistemas organizada com sucesso !
[2025-06-27T04:32:28.695+0000] {logging_mixin.py:188} INFO - Revenda KMCI Tecnologia em Automação organizada com sucesso !
[2025-06-27T04:32:29.990+0000] {logging_mixin.py:188} INFO - Revenda Komputronic do Brasil organizada com sucesso !
[2025-06-27T04:32:31.318+0000] {logging_mixin.py:188} INFO - Revenda KSC Sistemas organizada com sucesso !
[2025-06-27T04:32:32.624+0000] {logging_mixin.py:188} INFO - Revenda L&D Comercio e Tecnologia organizada com sucesso !
[2025-06-27T04:32:34.231+0000] {logging_mixin.py:188} INFO - Revenda LD Tech organizada com sucesso !
[2025-06-27T04:32:35.520+0000] {logging_mixin.py:188} INFO - Revenda LF Sistemas organizada com sucesso !
[2025-06-27T04:32:36.810+0000] {logging_mixin.py:188} INFO - Revenda LiderTech organizada com sucesso !
[2025-06-27T04:32:38.091+0000] {logging_mixin.py:188} INFO - Revenda Life Sistemas  organizada com sucesso !
[2025-06-27T04:32:39.476+0000] {logging_mixin.py:188} INFO - Revenda LL Tecnologia organizada com sucesso !
[2025-06-27T04:32:40.958+0000] {logging_mixin.py:188} INFO - Revenda LMD Sistemas organizada com sucesso !
[2025-06-27T04:32:42.289+0000] {logging_mixin.py:188} INFO - Revenda Logitec 2000 Informatica organizada com sucesso !
[2025-06-27T04:32:43.606+0000] {logging_mixin.py:188} INFO - Revenda Macmos organizada com sucesso !
[2025-06-27T04:32:45.087+0000] {logging_mixin.py:188} INFO - Revenda Mape Informatica organizada com sucesso !
[2025-06-27T04:32:46.429+0000] {logging_mixin.py:188} INFO - Revenda Marcka Informática e Sistemas organizada com sucesso !
[2025-06-27T04:32:47.866+0000] {logging_mixin.py:188} INFO - Revenda Matechinfo organizada com sucesso !
[2025-06-27T04:32:49.093+0000] {logging_mixin.py:188} INFO - Revenda MB Tecnologia organizada com sucesso !
[2025-06-27T04:32:50.305+0000] {logging_mixin.py:188} INFO - Revenda MC2 Tecnologia organizada com sucesso !
[2025-06-27T04:32:51.549+0000] {logging_mixin.py:188} INFO - Revenda MCR Sistemas (RS-AMX) organizada com sucesso !
[2025-06-27T04:32:52.815+0000] {logging_mixin.py:188} INFO - Revenda MD Tech Automação organizada com sucesso !
[2025-06-27T04:32:54.128+0000] {logging_mixin.py:188} INFO - Revenda Megasoft Informatica organizada com sucesso !
[2025-06-27T04:32:55.426+0000] {logging_mixin.py:188} INFO - Revenda Mercantec Soluções organizada com sucesso !
[2025-06-27T04:32:56.640+0000] {logging_mixin.py:188} INFO - Revenda Mikrox "Somadatta" organizada com sucesso !
[2025-06-27T04:32:58.088+0000] {logging_mixin.py:188} INFO - Revenda M. Nobre (Terabyte) organizada com sucesso !
[2025-06-27T04:32:59.357+0000] {logging_mixin.py:188} INFO - Revenda MRsis Automação organizada com sucesso !
[2025-06-27T04:33:00.572+0000] {logging_mixin.py:188} INFO - Revenda M&R Soluções - Grupo ATL organizada com sucesso !
[2025-06-27T04:33:02.055+0000] {logging_mixin.py:188} INFO - Revenda Multi Soft organizada com sucesso !
[2025-06-27T04:33:03.428+0000] {logging_mixin.py:188} INFO - Revenda NewCompras.com.br organizada com sucesso !
[2025-06-27T04:33:04.762+0000] {logging_mixin.py:188} INFO - Revenda NEWTEF Automação organizada com sucesso !
[2025-06-27T04:33:05.986+0000] {logging_mixin.py:188} INFO - Revenda Next Store organizada com sucesso !
[2025-06-27T04:33:07.281+0000] {logging_mixin.py:188} INFO - Revenda Nova Loja organizada com sucesso !
[2025-06-27T04:33:08.734+0000] {logging_mixin.py:188} INFO - Revenda NovaPC organizada com sucesso !
[2025-06-27T04:33:10.121+0000] {logging_mixin.py:188} INFO - Revenda Optimus - Gestão organizada com sucesso !
[2025-06-27T04:33:12.299+0000] {logging_mixin.py:188} INFO - Revenda Otimizer Consultoria em Sistemas organizada com sucesso !
[2025-06-27T04:33:12.766+0000] {logging_mixin.py:188} INFO - Revenda Otimize Soluções organizada com sucesso !
[2025-06-27T04:33:14.089+0000] {logging_mixin.py:188} INFO - Revenda P21 Software organizada com sucesso !
[2025-06-27T04:33:15.317+0000] {logging_mixin.py:188} INFO - Revenda PALM Soluções organizada com sucesso !
[2025-06-27T04:33:16.684+0000] {logging_mixin.py:188} INFO - Revenda Parceria Informatica organizada com sucesso !
[2025-06-27T04:33:18.251+0000] {logging_mixin.py:188} INFO - Revenda PDV Automação organizada com sucesso !
[2025-06-27T04:33:19.687+0000] {logging_mixin.py:188} INFO - Revenda PEG Informatica organizada com sucesso !
[2025-06-27T04:33:20.152+0000] {logging_mixin.py:188} INFO - Revenda Piramide Automação e Informatica organizada com sucesso !
[2025-06-27T04:33:21.634+0000] {logging_mixin.py:188} INFO - Revenda Plus Solutions organizada com sucesso !
[2025-06-27T04:33:22.911+0000] {logging_mixin.py:188} INFO - Revenda Ponte organizada com sucesso !
[2025-06-27T04:33:24.110+0000] {logging_mixin.py:188} INFO - Revenda Pratic Informática organizada com sucesso !
[2025-06-27T04:33:25.425+0000] {logging_mixin.py:188} INFO - Revenda PROFISC - Consultoria  organizada com sucesso !
[2025-06-27T04:33:25.890+0000] {logging_mixin.py:188} INFO - Erro no get_geolocalization: Expecting value: line 1 column 1 (char 0)
[2025-06-27T04:33:25.893+0000] {logging_mixin.py:188} INFO - Revenda Pryamos organizada com sucesso !
[2025-06-27T04:33:27.182+0000] {logging_mixin.py:188} INFO - Revenda Quality Automação e Recargas organizada com sucesso !
[2025-06-27T04:33:28.533+0000] {logging_mixin.py:188} INFO - Revenda Rafah Soluções em Sistema organizada com sucesso !
[2025-06-27T04:33:29.819+0000] {logging_mixin.py:188} INFO - Revenda RC Automação organizada com sucesso !
[2025-06-27T04:33:31.164+0000] {logging_mixin.py:188} INFO - Revenda RCM Tecnologia organizada com sucesso !
[2025-06-27T04:33:32.426+0000] {logging_mixin.py:188} INFO - Revenda RedeEllo organizada com sucesso !
[2025-06-27T04:33:33.651+0000] {logging_mixin.py:188} INFO - Revenda Rieger Consultoria e Serviços  organizada com sucesso !
[2025-06-27T04:33:34.951+0000] {logging_mixin.py:188} INFO - Revenda RKS Tecnologia organizada com sucesso !
[2025-06-27T04:33:36.383+0000] {logging_mixin.py:188} INFO - Revenda Rondoniatec Sistemas e Soluções organizada com sucesso !
[2025-06-27T04:33:37.804+0000] {logging_mixin.py:188} INFO - Revenda Royal Ti organizada com sucesso !
[2025-06-27T04:33:39.093+0000] {logging_mixin.py:188} INFO - Revenda RPD Tech Soluções em T.I. organizada com sucesso !
[2025-06-27T04:33:40.489+0000] {logging_mixin.py:188} INFO - Revenda RPDV Soluções em Tecnologia organizada com sucesso !
[2025-06-27T04:33:41.762+0000] {logging_mixin.py:188} INFO - Revenda RS Informatica organizada com sucesso !
[2025-06-27T04:33:43.053+0000] {logging_mixin.py:188} INFO - Revenda Rtek organizada com sucesso !
[2025-06-27T04:33:44.286+0000] {logging_mixin.py:188} INFO - Revenda SDN Sistemas de Gestão organizada com sucesso !
[2025-06-27T04:33:46.651+0000] {logging_mixin.py:188} INFO - Revenda Seed Tecnologia organizada com sucesso !
[2025-06-27T04:33:47.902+0000] {logging_mixin.py:188} INFO - Revenda Shopseg Sistemas organizada com sucesso !
[2025-06-27T04:33:49.176+0000] {logging_mixin.py:188} INFO - Revenda Sig Sistemas Corporativos organizada com sucesso !
[2025-06-27T04:33:51.365+0000] {logging_mixin.py:188} INFO - Revenda Sistech Sistemas organizada com sucesso !
[2025-06-27T04:33:52.644+0000] {logging_mixin.py:188} INFO - Revenda Sistema Completo organizada com sucesso !
[2025-06-27T04:33:54.071+0000] {logging_mixin.py:188} INFO - Revenda Sistema Uniplus - Vitória da Conquista organizada com sucesso !
[2025-06-27T04:33:54.546+0000] {logging_mixin.py:188} INFO - Revenda Skill Automação Comercial organizada com sucesso !
[2025-06-27T04:33:55.813+0000] {logging_mixin.py:188} INFO - Revenda SM10 Sistemas de Gestão e Automação Comercial  (AM10) organizada com sucesso !
[2025-06-27T04:33:57.114+0000] {logging_mixin.py:188} INFO - Revenda Smith Tecnologias organizada com sucesso !
[2025-06-27T04:33:58.366+0000] {logging_mixin.py:188} INFO - Revenda SMQ Tecnologia organizada com sucesso !
[2025-06-27T04:33:59.712+0000] {logging_mixin.py:188} INFO - Revenda Softech Tecnologia organizada com sucesso !
[2025-06-27T04:34:01.051+0000] {logging_mixin.py:188} INFO - Revenda SoftGadol organizada com sucesso !
[2025-06-27T04:34:02.283+0000] {logging_mixin.py:188} INFO - Revenda Softkore organizada com sucesso !
[2025-06-27T04:34:03.562+0000] {logging_mixin.py:188} INFO - Revenda Softmaq Tecnologia organizada com sucesso !
[2025-06-27T04:34:04.887+0000] {logging_mixin.py:188} INFO - Revenda Softpollus organizada com sucesso !
[2025-06-27T04:34:06.301+0000] {logging_mixin.py:188} INFO - Revenda Solem Tecnologia organizada com sucesso !
[2025-06-27T04:34:06.782+0000] {logging_mixin.py:188} INFO - Revenda Sonaglio Automação organizada com sucesso !
[2025-06-27T04:34:08.009+0000] {logging_mixin.py:188} INFO - Revenda Sonsun organizada com sucesso !
[2025-06-27T04:34:09.326+0000] {logging_mixin.py:188} INFO - Revenda Sophos Projetos organizada com sucesso !
[2025-06-27T04:34:10.549+0000] {logging_mixin.py:188} INFO - Revenda Sparta Gestão e Contabilidade - DEOCLESYSTEM organizada com sucesso !
[2025-06-27T04:34:11.867+0000] {logging_mixin.py:188} INFO - Revenda Speed Automação Comercial organizada com sucesso !
[2025-06-27T04:34:13.281+0000] {logging_mixin.py:188} INFO - Revenda SS Informatica - Bahia organizada com sucesso !
[2025-06-27T04:34:14.779+0000] {logging_mixin.py:188} INFO - Revenda SS Informática - Maranhão organizada com sucesso !
[2025-06-27T04:34:16.032+0000] {logging_mixin.py:188} INFO - Revenda Syscom Sistemas organizada com sucesso !
[2025-06-27T04:34:17.389+0000] {logging_mixin.py:188} INFO - Revenda SYSFOUR - Intelligent Systems organizada com sucesso !
[2025-06-27T04:34:17.878+0000] {logging_mixin.py:188} INFO - Revenda System Bella Automação Comercial organizada com sucesso !
[2025-06-27T04:34:19.153+0000] {logging_mixin.py:188} INFO - Revenda TB Automação e Informática organizada com sucesso !
[2025-06-27T04:34:20.406+0000] {logging_mixin.py:188} INFO - Revenda TC Maquinas organizada com sucesso !
[2025-06-27T04:34:21.683+0000] {logging_mixin.py:188} INFO - Revenda Technoside Informatica organizada com sucesso !
[2025-06-27T04:34:23.019+0000] {logging_mixin.py:188} INFO - Revenda Tecmicro Informática organizada com sucesso !
[2025-06-27T04:34:24.433+0000] {logging_mixin.py:188} INFO - Revenda Tecnoinfo organizada com sucesso !
[2025-06-27T04:34:25.788+0000] {logging_mixin.py:188} INFO - Revenda TECSOLUTION organizada com sucesso !
[2025-06-27T04:34:27.229+0000] {logging_mixin.py:188} INFO - Revenda Tefcom organizada com sucesso !
[2025-06-27T04:34:29.364+0000] {logging_mixin.py:188} INFO - Revenda TFA Tecnologia e Soluções  organizada com sucesso !
[2025-06-27T04:34:30.650+0000] {logging_mixin.py:188} INFO - Revenda TI-Brasil Sistemas organizada com sucesso !
[2025-06-27T04:34:32.242+0000] {logging_mixin.py:188} INFO - Revenda Trends Solutions organizada com sucesso !
[2025-06-27T04:34:33.462+0000] {logging_mixin.py:188} INFO - Revenda TS TECH organizada com sucesso !
[2025-06-27T04:34:34.777+0000] {logging_mixin.py:188} INFO - Revenda Unisoft Sistemas ** Hardtech organizada com sucesso !
[2025-06-27T04:34:36.112+0000] {logging_mixin.py:188} INFO - Revenda Unitek Soluções organizada com sucesso !
[2025-06-27T04:34:37.630+0000] {logging_mixin.py:188} INFO - Revenda Uniup Sistema - Automação e CFTV organizada com sucesso !
[2025-06-27T04:34:38.850+0000] {logging_mixin.py:188} INFO - Revenda Universal Automação Comercial  organizada com sucesso !
[2025-06-27T04:34:40.282+0000] {logging_mixin.py:188} INFO - Revenda Universo Sistemas organizada com sucesso !
[2025-06-27T04:34:41.615+0000] {logging_mixin.py:188} INFO - Revenda Valor Tecnologia organizada com sucesso !
[2025-06-27T04:34:42.883+0000] {logging_mixin.py:188} INFO - Revenda VGI TECHNOLOGY organizada com sucesso !
[2025-06-27T04:34:44.172+0000] {logging_mixin.py:188} INFO - Revenda Via Nova Soluções em Tecnologia organizada com sucesso !
[2025-06-27T04:34:45.428+0000] {logging_mixin.py:188} INFO - Revenda Virtual Informatica_MG organizada com sucesso !
[2025-06-27T04:34:46.769+0000] {logging_mixin.py:188} INFO - Revenda Virtual Sistemas_SC organizada com sucesso !
[2025-06-27T04:34:48.437+0000] {logging_mixin.py:188} INFO - Revenda VPN Solucoes em Informatica organizada com sucesso !
[2025-06-27T04:34:49.779+0000] {logging_mixin.py:188} INFO - Revenda Vzan Automação Comercial organizada com sucesso !
[2025-06-27T04:34:50.998+0000] {logging_mixin.py:188} INFO - Revenda Walltech Informatica organizada com sucesso !
[2025-06-27T04:34:52.293+0000] {logging_mixin.py:188} INFO - Revenda W C Sistemas organizada com sucesso !
[2025-06-27T04:34:53.553+0000] {logging_mixin.py:188} INFO - Revenda WGE informatica organizada com sucesso !
[2025-06-27T04:34:54.828+0000] {logging_mixin.py:188} INFO - Revenda WMX Soluções em Tecnologia organizada com sucesso !
[2025-06-27T04:34:56.127+0000] {logging_mixin.py:188} INFO - Revenda X1 Automação organizada com sucesso !
[2025-06-27T04:34:56.220+0000] {python.py:201} INFO - Done. Returned value was: None
[2025-06-27T04:34:56.238+0000] {taskinstance.py:1138} INFO - Marking task as SUCCESS. dag_id=DAG_atualizacao_cadastral_revendas, task_id=organized_response_database, execution_date=20250626T043000, start_date=20250627T043005, end_date=20250627T043456
[2025-06-27T04:34:56.386+0000] {local_task_job_runner.py:234} INFO - Task exited with return code 0
[2025-06-27T04:34:56.425+0000] {taskinstance.py:3280} INFO - 1 downstream tasks scheduled from follow-on schedule check
