[2025-06-23T20:15:09.493+0000] {taskinstance.py:1956} INFO - Dependencies all met for dep_context=non-requeueable deps ti=<TaskInstance: relatorio_revendas_diario.enviar_email_csvs manual__2025-06-23T20:14:56.213665+00:00 [queued]>
[2025-06-23T20:15:09.511+0000] {taskinstance.py:1956} INFO - Dependencies all met for dep_context=requeueable deps ti=<TaskInstance: relatorio_revendas_diario.enviar_email_csvs manual__2025-06-23T20:14:56.213665+00:00 [queued]>
[2025-06-23T20:15:09.512+0000] {taskinstance.py:2170} INFO - Starting attempt 1 of 1
[2025-06-23T20:15:09.570+0000] {taskinstance.py:2191} INFO - Executing <Task(PythonOperator): enviar_email_csvs> on 2025-06-23 20:14:56.213665+00:00
[2025-06-23T20:15:09.579+0000] {standard_task_runner.py:60} INFO - Started process 160610 to run task
[2025-06-23T20:15:09.584+0000] {standard_task_runner.py:87} INFO - Running: ['***', 'tasks', 'run', 'relatorio_revendas_diario', 'enviar_email_csvs', 'manual__2025-06-23T20:14:56.213665+00:00', '--job-id', '184', '--raw', '--subdir', 'DAGS_FOLDER/DagEnviarRelatorioDesempenho.py', '--cfg-path', '/tmp/tmp07vzjkgx']
[2025-06-23T20:15:09.588+0000] {standard_task_runner.py:88} INFO - Job 184: Subtask enviar_email_csvs
[2025-06-23T20:15:09.706+0000] {task_command.py:423} INFO - Running <TaskInstance: relatorio_revendas_diario.enviar_email_csvs manual__2025-06-23T20:14:56.213665+00:00 [running]> on host 99f5714845f7
[2025-06-23T20:15:12.214+0000] {taskinstance.py:2480} INFO - Exporting env vars: AIRFLOW_CTX_DAG_OWNER='***' AIRFLOW_CTX_DAG_ID='relatorio_revendas_diario' AIRFLOW_CTX_TASK_ID='enviar_email_csvs' AIRFLOW_CTX_EXECUTION_DATE='2025-06-23T20:14:56.213665+00:00' AIRFLOW_CTX_TRY_NUMBER='1' AIRFLOW_CTX_DAG_RUN_ID='manual__2025-06-23T20:14:56.213665+00:00'
[2025-06-23T20:15:14.520+0000] {logging_mixin.py:188} INFO - Email enviado para barbara.goedert@intelidata.inf.br
[2025-06-23T20:15:16.790+0000] {logging_mixin.py:188} INFO - Email enviado para comercial.coletivo@intelidata.inf.br
[2025-06-23T20:15:18.571+0000] {logging_mixin.py:188} INFO - Email enviado para emerson.mello@intelidata.inf.br
[2025-06-23T20:15:20.355+0000] {logging_mixin.py:188} INFO - Email enviado para harry.laube@intelidata.inf.br
[2025-06-23T20:15:22.407+0000] {logging_mixin.py:188} INFO - Email enviado para integração@intelidata.inf.br
[2025-06-23T20:15:24.193+0000] {logging_mixin.py:188} INFO - Email enviado para leticia.borges@intelidata.inf.br
[2025-06-23T20:15:25.656+0000] {logging_mixin.py:188} INFO - Email enviado para sabrina.lima@intelidata.inf.br
[2025-06-23T20:15:25.657+0000] {python.py:201} INFO - Done. Returned value was: None
[2025-06-23T20:15:25.673+0000] {taskinstance.py:1138} INFO - Marking task as SUCCESS. dag_id=relatorio_revendas_diario, task_id=enviar_email_csvs, execution_date=20250623T201456, start_date=20250623T201509, end_date=20250623T201525
[2025-06-23T20:15:25.801+0000] {local_task_job_runner.py:234} INFO - Task exited with return code 0
[2025-06-23T20:15:25.830+0000] {taskinstance.py:3280} INFO - 0 downstream tasks scheduled from follow-on schedule check
