[2025-07-11T04:30:08.066+0000] {taskinstance.py:1956} INFO - Dependencies all met for dep_context=non-requeueable deps ti=<TaskInstance: DAG_atualizacao_cadastral_revendas.insert_database scheduled__2025-07-10T04:30:00+00:00 [queued]>
[2025-07-11T04:30:08.083+0000] {taskinstance.py:1956} INFO - Dependencies all met for dep_context=requeueable deps ti=<TaskInstance: DAG_atualizacao_cadastral_revendas.insert_database scheduled__2025-07-10T04:30:00+00:00 [queued]>
[2025-07-11T04:30:08.084+0000] {taskinstance.py:2170} INFO - Starting attempt 1 of 1
[2025-07-11T04:30:08.127+0000] {taskinstance.py:2191} INFO - Executing <Task(PythonOperator): insert_database> on 2025-07-10 04:30:00+00:00
[2025-07-11T04:30:08.134+0000] {standard_task_runner.py:60} INFO - Started process 1053645 to run task
[2025-07-11T04:30:08.140+0000] {standard_task_runner.py:87} INFO - Running: ['***', 'tasks', 'run', 'DAG_atualizacao_cadastral_revendas', 'insert_database', 'scheduled__2025-07-10T04:30:00+00:00', '--job-id', '463', '--raw', '--subdir', 'DAGS_FOLDER/DagDatasetComercial.py', '--cfg-path', '/tmp/tmp_rz3cijj']
[2025-07-11T04:30:08.143+0000] {standard_task_runner.py:88} INFO - Job 463: Subtask insert_database
[2025-07-11T04:30:08.252+0000] {task_command.py:423} INFO - Running <TaskInstance: DAG_atualizacao_cadastral_revendas.insert_database scheduled__2025-07-10T04:30:00+00:00 [running]> on host 99f5714845f7
[2025-07-11T04:30:08.461+0000] {taskinstance.py:2480} INFO - Exporting env vars: AIRFLOW_CTX_DAG_OWNER='***' AIRFLOW_CTX_DAG_ID='DAG_atualizacao_cadastral_revendas' AIRFLOW_CTX_TASK_ID='insert_database' AIRFLOW_CTX_EXECUTION_DATE='2025-07-10T04:30:00+00:00' AIRFLOW_CTX_TRY_NUMBER='1' AIRFLOW_CTX_DAG_RUN_ID='scheduled__2025-07-10T04:30:00+00:00'
[2025-07-11T04:30:08.515+0000] {base.py:83} INFO - Using connection ID 'dataset_comercial_database' for task execution.
[2025-07-11T04:30:09.856+0000] {logging_mixin.py:188} INFO - Revenda A7 Soluções Atualizada com sucesso !
[2025-07-11T04:30:10.133+0000] {logging_mixin.py:188} INFO - Revenda AB Soluções em TI Atualizada com sucesso !
[2025-07-11T04:30:10.409+0000] {logging_mixin.py:188} INFO - Revenda Adonai Automação Comercial Atualizada com sucesso !
[2025-07-11T04:30:10.685+0000] {logging_mixin.py:188} INFO - Revenda ADV SIG Atualizada com sucesso !
[2025-07-11T04:30:10.960+0000] {logging_mixin.py:188} INFO - Revenda A e A Dist. de Informática - Softart Atualizada com sucesso !
[2025-07-11T04:30:11.239+0000] {logging_mixin.py:188} INFO - Revenda Af Suporte Atualizada com sucesso !
[2025-07-11T04:30:11.515+0000] {logging_mixin.py:188} INFO - Revenda Agedata Sistemas Atualizada com sucesso !
[2025-07-11T04:30:11.795+0000] {logging_mixin.py:188} INFO - Revenda AIO Solucoes Atualizada com sucesso !
[2025-07-11T04:30:12.073+0000] {logging_mixin.py:188} INFO - Revenda AllTecInfo Atualizada com sucesso !
[2025-07-11T04:30:12.349+0000] {logging_mixin.py:188} INFO - Revenda Alpha Systemas e informática Atualizada com sucesso !
[2025-07-11T04:30:12.624+0000] {logging_mixin.py:188} INFO - Revenda Alternativa Automação Comercial Atualizada com sucesso !
[2025-07-11T04:30:12.899+0000] {logging_mixin.py:188} INFO - Revenda Amigo do Micro Atualizada com sucesso !
[2025-07-11T04:30:13.175+0000] {logging_mixin.py:188} INFO - Revenda AND Consultores Associados Atualizada com sucesso !
[2025-07-11T04:30:13.450+0000] {logging_mixin.py:188} INFO - Revenda APRN Soluções Atualizada com sucesso !
[2025-07-11T04:30:13.726+0000] {logging_mixin.py:188} INFO - Revenda Ary Sistemas de Gestão e Informatica (RNS) Atualizada com sucesso !
[2025-07-11T04:30:14.002+0000] {logging_mixin.py:188} INFO - Revenda Asteqesystem Atualizada com sucesso !
[2025-07-11T04:30:14.280+0000] {logging_mixin.py:188} INFO - Revenda Atrium Sistemas Atualizada com sucesso !
[2025-07-11T04:30:14.557+0000] {logging_mixin.py:188} INFO - Revenda Automac Digitron Atualizada com sucesso !
[2025-07-11T04:30:14.832+0000] {logging_mixin.py:188} INFO - Revenda Automaquinas - Automação Comercial Atualizada com sucesso !
[2025-07-11T04:30:15.108+0000] {logging_mixin.py:188} INFO - Revenda Autosyste Tecnologia e Inovação Atualizada com sucesso !
[2025-07-11T04:30:15.385+0000] {logging_mixin.py:188} INFO - Revenda Autotech Informática Atualizada com sucesso !
[2025-07-11T04:30:15.661+0000] {logging_mixin.py:188} INFO - Revenda Bellabyte Atualizada com sucesso !
[2025-07-11T04:30:15.938+0000] {logging_mixin.py:188} INFO - Revenda Bitech Atualizada com sucesso !
[2025-07-11T04:30:16.215+0000] {logging_mixin.py:188} INFO - Revenda Boldtsoft Sistemas Atualizada com sucesso !
[2025-07-11T04:30:16.491+0000] {logging_mixin.py:188} INFO - Revenda BRAZ TI Atualizada com sucesso !
[2025-07-11T04:30:16.770+0000] {logging_mixin.py:188} INFO - Revenda Brusoft Informatica Atualizada com sucesso !
[2025-07-11T04:30:17.053+0000] {logging_mixin.py:188} INFO - Revenda Brvatech Atualizada com sucesso !
[2025-07-11T04:30:17.334+0000] {logging_mixin.py:188} INFO - Revenda Canal Tecnico (Lumi) Atualizada com sucesso !
[2025-07-11T04:30:17.609+0000] {logging_mixin.py:188} INFO - Revenda Casa das Impressoras Atualizada com sucesso !
[2025-07-11T04:30:17.885+0000] {logging_mixin.py:188} INFO - Revenda CASTERS Atualizada com sucesso !
[2025-07-11T04:30:18.161+0000] {logging_mixin.py:188} INFO - Revenda Centec Equipamentos Atualizada com sucesso !
[2025-07-11T04:30:18.440+0000] {logging_mixin.py:188} INFO - Revenda CK Tech Consultoria Atualizada com sucesso !
[2025-07-11T04:30:18.717+0000] {logging_mixin.py:188} INFO - Revenda Compass Tecnologia da Informação Atualizada com sucesso !
[2025-07-11T04:30:18.993+0000] {logging_mixin.py:188} INFO - Revenda Compucenter Software Atualizada com sucesso !
[2025-07-11T04:30:19.274+0000] {logging_mixin.py:188} INFO - Revenda Conexão Informática Ltda Atualizada com sucesso !
[2025-07-11T04:30:19.555+0000] {logging_mixin.py:188} INFO - Revenda Connect System Soluções em Tecnologia Atualizada com sucesso !
[2025-07-11T04:30:19.839+0000] {logging_mixin.py:188} INFO - Revenda Conte Certo Serviços Atualizada com sucesso !
[2025-07-11T04:30:20.135+0000] {logging_mixin.py:188} INFO - Revenda Control Biz Atualizada com sucesso !
[2025-07-11T04:30:20.412+0000] {logging_mixin.py:188} INFO - Revenda CTi - Centro Técnico de Informática Atualizada com sucesso !
[2025-07-11T04:30:20.688+0000] {logging_mixin.py:188} INFO - Revenda D&A Automação Comercial Atualizada com sucesso !
[2025-07-11T04:30:20.964+0000] {logging_mixin.py:188} INFO - Revenda DALTEC Automacao Comercial Atualizada com sucesso !
[2025-07-11T04:30:21.240+0000] {logging_mixin.py:188} INFO - Revenda DataConta Gestão de Negócios Atualizada com sucesso !
[2025-07-11T04:30:21.515+0000] {logging_mixin.py:188} INFO - Revenda Dataproxy Atualizada com sucesso !
[2025-07-11T04:30:21.790+0000] {logging_mixin.py:188} INFO - Revenda DCODER Atualizada com sucesso !
[2025-07-11T04:30:22.066+0000] {logging_mixin.py:188} INFO - Revenda D Data Soluções Atualizada com sucesso !
[2025-07-11T04:30:22.350+0000] {logging_mixin.py:188} INFO - Revenda DGTEC Atualizada com sucesso !
[2025-07-11T04:30:22.634+0000] {logging_mixin.py:188} INFO - Revenda Digito Informatica Atualizada com sucesso !
[2025-07-11T04:30:22.916+0000] {logging_mixin.py:188} INFO - Revenda Dikoc Soluções em Software Atualizada com sucesso !
[2025-07-11T04:30:23.194+0000] {logging_mixin.py:188} INFO - Revenda DMK Sistemas e Soluções - HSI Atualizada com sucesso !
[2025-07-11T04:30:23.479+0000] {logging_mixin.py:188} INFO - Revenda DMZ Informatica Atualizada com sucesso !
[2025-07-11T04:30:23.775+0000] {logging_mixin.py:188} INFO - Revenda Dolphin Consultoria Atualizada com sucesso !
[2025-07-11T04:30:24.052+0000] {logging_mixin.py:188} INFO - Revenda DSM Consultoria em T.I. Atualizada com sucesso !
[2025-07-11T04:30:24.329+0000] {logging_mixin.py:188} INFO - Revenda Duall Tech Atualizada com sucesso !
[2025-07-11T04:30:24.605+0000] {logging_mixin.py:188} INFO - Revenda DWH Comercio de Alimentos Atualizada com sucesso !
[2025-07-11T04:30:24.881+0000] {logging_mixin.py:188} INFO - Revenda Edcom Automação Comercial Atualizada com sucesso !
[2025-07-11T04:30:25.158+0000] {logging_mixin.py:188} INFO - Revenda Eleve Tecnologia Atualizada com sucesso !
[2025-07-11T04:30:25.436+0000] {logging_mixin.py:188} INFO - Revenda Emlink Solucoes Empresariais Atualizada com sucesso !
[2025-07-11T04:30:25.712+0000] {logging_mixin.py:188} INFO - Revenda Exatop Certificação Digital e Sistemas Atualizada com sucesso !
[2025-07-11T04:30:25.988+0000] {logging_mixin.py:188} INFO - Revenda Exodus Informática Atualizada com sucesso !
[2025-07-11T04:30:26.264+0000] {logging_mixin.py:188} INFO - Revenda Extrema Software de Gestão Atualizada com sucesso !
[2025-07-11T04:30:26.541+0000] {logging_mixin.py:188} INFO - Revenda F5 Suporte e Automacão Comercial Atualizada com sucesso !
[2025-07-11T04:30:26.817+0000] {logging_mixin.py:188} INFO - Revenda Facilita Sistemas Atualizada com sucesso !
[2025-07-11T04:30:27.094+0000] {logging_mixin.py:188} INFO - Revenda Facilsys Atualizada com sucesso !
[2025-07-11T04:30:27.367+0000] {logging_mixin.py:188} INFO - Revenda F & F Soluções Empresariais Atualizada com sucesso !
[2025-07-11T04:30:27.650+0000] {logging_mixin.py:188} INFO - Revenda FKSIS - Sistemas de Gestão Atualizada com sucesso !
[2025-07-11T04:30:27.927+0000] {logging_mixin.py:188} INFO - Revenda FlorySoftt Atualizada com sucesso !
[2025-07-11T04:30:28.207+0000] {logging_mixin.py:188} INFO - Revenda Fn Info House Atualizada com sucesso !
[2025-07-11T04:30:28.483+0000] {logging_mixin.py:188} INFO - Revenda FS Informatica Atualizada com sucesso !
[2025-07-11T04:30:28.760+0000] {logging_mixin.py:188} INFO - Revenda Fusion Sistemas e Informatica Atualizada com sucesso !
[2025-07-11T04:30:29.038+0000] {logging_mixin.py:188} INFO - Revenda Gilmaq Automação Comercial Atualizada com sucesso !
[2025-07-11T04:30:29.314+0000] {logging_mixin.py:188} INFO - Revenda GM Soluções em Informática Atualizada com sucesso !
[2025-07-11T04:30:29.590+0000] {logging_mixin.py:188} INFO - Revenda Grupo GUUW Atualizada com sucesso !
[2025-07-11T04:30:29.869+0000] {logging_mixin.py:188} INFO - Revenda Guaxutec Atualizada com sucesso !
[2025-07-11T04:30:30.144+0000] {logging_mixin.py:188} INFO - Revenda HSI Automação Comercial Atualizada com sucesso !
[2025-07-11T04:30:30.421+0000] {logging_mixin.py:188} INFO - Revenda HWC Soluções Atualizada com sucesso !
[2025-07-11T04:30:30.698+0000] {logging_mixin.py:188} INFO - Revenda I7 Automação Comercial Atualizada com sucesso !
[2025-07-11T04:30:30.973+0000] {logging_mixin.py:188} INFO - Revenda Ideal Soluções Empresariais Atualizada com sucesso !
[2025-07-11T04:30:31.248+0000] {logging_mixin.py:188} INFO - Revenda ID Tecnologia Atualizada com sucesso !
[2025-07-11T04:30:31.524+0000] {logging_mixin.py:188} INFO - Revenda IFFI Soluções Atualizada com sucesso !
[2025-07-11T04:30:31.800+0000] {logging_mixin.py:188} INFO - Revenda IG TEC Atualizada com sucesso !
[2025-07-11T04:30:32.076+0000] {logging_mixin.py:188} INFO - Revenda INFOPRINTER Atualizada com sucesso !
[2025-07-11T04:30:32.353+0000] {logging_mixin.py:188} INFO - Revenda INFORMIT Atualizada com sucesso !
[2025-07-11T04:30:32.630+0000] {logging_mixin.py:188} INFO - Revenda Infor Serviços Atualizada com sucesso !
[2025-07-11T04:30:32.903+0000] {logging_mixin.py:188} INFO - Revenda Infortec Automacao Comercial Atualizada com sucesso !
[2025-07-11T04:30:33.181+0000] {logging_mixin.py:188} INFO - Revenda Infotek Atualizada com sucesso !
[2025-07-11T04:30:33.460+0000] {logging_mixin.py:188} INFO - Revenda Innovati Tecnologia (INW Store) Atualizada com sucesso !
[2025-07-11T04:30:33.736+0000] {logging_mixin.py:188} INFO - Revenda Inova Software Atualizada com sucesso !
[2025-07-11T04:30:34.012+0000] {logging_mixin.py:188} INFO - Revenda Inspire Consult & Informatica  Atualizada com sucesso !
[2025-07-11T04:30:34.289+0000] {logging_mixin.py:188} INFO - Revenda Inteltix Tecnologia (Center) Atualizada com sucesso !
[2025-07-11T04:30:34.565+0000] {logging_mixin.py:188} INFO - Revenda J7 Automação Comercial - System HD Atualizada com sucesso !
[2025-07-11T04:30:34.841+0000] {logging_mixin.py:188} INFO - Revenda Jann Informatica Atualizada com sucesso !
[2025-07-11T04:30:35.116+0000] {logging_mixin.py:188} INFO - Revenda JB Tecnologia Atualizada com sucesso !
[2025-07-11T04:30:35.391+0000] {logging_mixin.py:188} INFO - Revenda J & E Soluções Atualizada com sucesso !
[2025-07-11T04:30:35.666+0000] {logging_mixin.py:188} INFO - Revenda JExpress Atualizada com sucesso !
[2025-07-11T04:30:35.943+0000] {logging_mixin.py:188} INFO - Revenda J F Soluções Informatica Atualizada com sucesso !
[2025-07-11T04:30:36.218+0000] {logging_mixin.py:188} INFO - Revenda J F Tech Tecnologia & Sistemas Atualizada com sucesso !
[2025-07-11T04:30:36.495+0000] {logging_mixin.py:188} INFO - Revenda JHLS Automação Comercial Atualizada com sucesso !
[2025-07-11T04:30:36.771+0000] {logging_mixin.py:188} INFO - Revenda Jinsei Contabilidade Atualizada com sucesso !
[2025-07-11T04:30:37.047+0000] {logging_mixin.py:188} INFO - Revenda JJ Serviços Atualizada com sucesso !
[2025-07-11T04:30:37.324+0000] {logging_mixin.py:188} INFO - Revenda JM Informatica Atualizada com sucesso !
[2025-07-11T04:30:37.601+0000] {logging_mixin.py:188} INFO - Revenda JP Automação Comercial Atualizada com sucesso !
[2025-07-11T04:30:37.877+0000] {logging_mixin.py:188} INFO - Revenda JSR Automação Comercial  Atualizada com sucesso !
[2025-07-11T04:30:38.153+0000] {logging_mixin.py:188} INFO - Revenda Kernel Sistemas Atualizada com sucesso !
[2025-07-11T04:30:38.431+0000] {logging_mixin.py:188} INFO - Revenda KMCI Tecnologia em Automação Atualizada com sucesso !
[2025-07-11T04:30:38.707+0000] {logging_mixin.py:188} INFO - Revenda Komputronic do Brasil Atualizada com sucesso !
[2025-07-11T04:30:38.986+0000] {logging_mixin.py:188} INFO - Revenda KSC Sistemas Atualizada com sucesso !
[2025-07-11T04:30:39.275+0000] {logging_mixin.py:188} INFO - Revenda L&D Comercio e Tecnologia Atualizada com sucesso !
[2025-07-11T04:30:39.551+0000] {logging_mixin.py:188} INFO - Revenda LD Tech Atualizada com sucesso !
[2025-07-11T04:30:39.829+0000] {logging_mixin.py:188} INFO - Revenda LF Sistemas Atualizada com sucesso !
[2025-07-11T04:30:40.107+0000] {logging_mixin.py:188} INFO - Revenda LiderTech Atualizada com sucesso !
[2025-07-11T04:30:40.385+0000] {logging_mixin.py:188} INFO - Revenda Life Sistemas  Atualizada com sucesso !
[2025-07-11T04:30:40.662+0000] {logging_mixin.py:188} INFO - Revenda LL Tecnologia Atualizada com sucesso !
[2025-07-11T04:30:40.937+0000] {logging_mixin.py:188} INFO - Revenda LMD Sistemas Atualizada com sucesso !
[2025-07-11T04:30:41.214+0000] {logging_mixin.py:188} INFO - Revenda Logitec 2000 Informatica Atualizada com sucesso !
[2025-07-11T04:30:41.490+0000] {logging_mixin.py:188} INFO - Revenda Macmos Atualizada com sucesso !
[2025-07-11T04:30:41.766+0000] {logging_mixin.py:188} INFO - Revenda Mape Informatica Atualizada com sucesso !
[2025-07-11T04:30:42.042+0000] {logging_mixin.py:188} INFO - Revenda Marcka Informática e Sistemas Atualizada com sucesso !
[2025-07-11T04:30:42.325+0000] {logging_mixin.py:188} INFO - Revenda Matechinfo Atualizada com sucesso !
[2025-07-11T04:30:42.601+0000] {logging_mixin.py:188} INFO - Revenda MB Tecnologia Atualizada com sucesso !
[2025-07-11T04:30:42.876+0000] {logging_mixin.py:188} INFO - Revenda MC2 Tecnologia Atualizada com sucesso !
[2025-07-11T04:30:43.151+0000] {logging_mixin.py:188} INFO - Revenda MCR Sistemas (RS-AMX) Atualizada com sucesso !
[2025-07-11T04:30:43.428+0000] {logging_mixin.py:188} INFO - Revenda MD Tech Automação Atualizada com sucesso !
[2025-07-11T04:30:43.704+0000] {logging_mixin.py:188} INFO - Revenda Megasoft Informatica Atualizada com sucesso !
[2025-07-11T04:30:43.981+0000] {logging_mixin.py:188} INFO - Revenda Mercantec Soluções Atualizada com sucesso !
[2025-07-11T04:30:44.257+0000] {logging_mixin.py:188} INFO - Revenda Mikrox "Somadatta" Atualizada com sucesso !
[2025-07-11T04:30:44.533+0000] {logging_mixin.py:188} INFO - Revenda M. Nobre (Terabyte) Atualizada com sucesso !
[2025-07-11T04:30:44.809+0000] {logging_mixin.py:188} INFO - Revenda MRsis Automação Atualizada com sucesso !
[2025-07-11T04:30:45.107+0000] {logging_mixin.py:188} INFO - Revenda M&R Soluções - Grupo ATL Atualizada com sucesso !
[2025-07-11T04:30:45.385+0000] {logging_mixin.py:188} INFO - Revenda Multi Soft Atualizada com sucesso !
[2025-07-11T04:30:45.667+0000] {logging_mixin.py:188} INFO - Revenda NewCompras.com.br Atualizada com sucesso !
[2025-07-11T04:30:45.948+0000] {logging_mixin.py:188} INFO - Revenda NEWTEF Automação Atualizada com sucesso !
[2025-07-11T04:30:46.228+0000] {logging_mixin.py:188} INFO - Revenda Next Store Atualizada com sucesso !
[2025-07-11T04:30:46.508+0000] {logging_mixin.py:188} INFO - Revenda Nova Loja Atualizada com sucesso !
[2025-07-11T04:30:46.787+0000] {logging_mixin.py:188} INFO - Revenda NovaPC Atualizada com sucesso !
[2025-07-11T04:30:47.062+0000] {logging_mixin.py:188} INFO - Revenda Optimus - Gestão Atualizada com sucesso !
[2025-07-11T04:30:47.339+0000] {logging_mixin.py:188} INFO - Revenda Otimizer Consultoria em Sistemas Atualizada com sucesso !
[2025-07-11T04:30:47.615+0000] {logging_mixin.py:188} INFO - Revenda Otimize Soluções Atualizada com sucesso !
[2025-07-11T04:30:47.892+0000] {logging_mixin.py:188} INFO - Revenda P21 Software Atualizada com sucesso !
[2025-07-11T04:30:48.167+0000] {logging_mixin.py:188} INFO - Revenda PALM Soluções Atualizada com sucesso !
[2025-07-11T04:30:48.444+0000] {logging_mixin.py:188} INFO - Revenda Parceria Informatica Atualizada com sucesso !
[2025-07-11T04:30:48.720+0000] {logging_mixin.py:188} INFO - Revenda PDV Automação Atualizada com sucesso !
[2025-07-11T04:30:48.996+0000] {logging_mixin.py:188} INFO - Revenda PEG Informatica Atualizada com sucesso !
[2025-07-11T04:30:49.272+0000] {logging_mixin.py:188} INFO - Revenda Piramide Automação e Informatica Atualizada com sucesso !
[2025-07-11T04:30:49.551+0000] {logging_mixin.py:188} INFO - Revenda Plus Solutions Atualizada com sucesso !
[2025-07-11T04:30:49.828+0000] {logging_mixin.py:188} INFO - Revenda Ponte Atualizada com sucesso !
[2025-07-11T04:30:50.103+0000] {logging_mixin.py:188} INFO - Revenda Pratic Informática Atualizada com sucesso !
[2025-07-11T04:30:50.379+0000] {logging_mixin.py:188} INFO - Revenda PROFISC - Consultoria  Atualizada com sucesso !
[2025-07-11T04:30:50.682+0000] {logging_mixin.py:188} INFO - Revenda Pryamos Atualizada com sucesso !
[2025-07-11T04:30:50.963+0000] {logging_mixin.py:188} INFO - Revenda Quality Automação e Recargas Atualizada com sucesso !
[2025-07-11T04:30:51.242+0000] {logging_mixin.py:188} INFO - Revenda Rafah Soluções em Sistema Atualizada com sucesso !
[2025-07-11T04:30:51.519+0000] {logging_mixin.py:188} INFO - Revenda RC Automação Atualizada com sucesso !
[2025-07-11T04:30:51.802+0000] {logging_mixin.py:188} INFO - Revenda RCM Tecnologia Atualizada com sucesso !
[2025-07-11T04:30:52.094+0000] {logging_mixin.py:188} INFO - Revenda RedeEllo Atualizada com sucesso !
[2025-07-11T04:30:52.375+0000] {logging_mixin.py:188} INFO - Revenda Rieger Consultoria e Serviços  Atualizada com sucesso !
[2025-07-11T04:30:52.651+0000] {logging_mixin.py:188} INFO - Revenda RKS Tecnologia Atualizada com sucesso !
[2025-07-11T04:30:52.927+0000] {logging_mixin.py:188} INFO - Revenda Rondoniatec Sistemas e Soluções Atualizada com sucesso !
[2025-07-11T04:30:53.201+0000] {logging_mixin.py:188} INFO - Revenda Royal Ti Atualizada com sucesso !
[2025-07-11T04:30:53.474+0000] {logging_mixin.py:188} INFO - Revenda RPD Tech Soluções em T.I. Atualizada com sucesso !
[2025-07-11T04:30:53.753+0000] {logging_mixin.py:188} INFO - Revenda RPDV Soluções em Tecnologia Atualizada com sucesso !
[2025-07-11T04:30:54.029+0000] {logging_mixin.py:188} INFO - Revenda RS Informatica Atualizada com sucesso !
[2025-07-11T04:30:54.305+0000] {logging_mixin.py:188} INFO - Revenda Rtek Atualizada com sucesso !
[2025-07-11T04:30:54.579+0000] {logging_mixin.py:188} INFO - Revenda SDN Sistemas de Gestão Atualizada com sucesso !
[2025-07-11T04:30:54.855+0000] {logging_mixin.py:188} INFO - Revenda Seed Tecnologia Atualizada com sucesso !
[2025-07-11T04:30:55.139+0000] {logging_mixin.py:188} INFO - Revenda Shopseg Sistemas Atualizada com sucesso !
[2025-07-11T04:30:55.415+0000] {logging_mixin.py:188} INFO - Revenda Sig Sistemas Corporativos Atualizada com sucesso !
[2025-07-11T04:30:55.693+0000] {logging_mixin.py:188} INFO - Revenda Sistech Sistemas Atualizada com sucesso !
[2025-07-11T04:30:55.968+0000] {logging_mixin.py:188} INFO - Revenda Sistema Completo Atualizada com sucesso !
[2025-07-11T04:30:56.243+0000] {logging_mixin.py:188} INFO - Revenda Sistema Uniplus - Vitória da Conquista Atualizada com sucesso !
[2025-07-11T04:30:56.519+0000] {logging_mixin.py:188} INFO - Revenda Skill Automação Comercial Atualizada com sucesso !
[2025-07-11T04:30:56.795+0000] {logging_mixin.py:188} INFO - Revenda SM10 Sistemas de Gestão e Automação Comercial  (AM10) Atualizada com sucesso !
[2025-07-11T04:30:57.071+0000] {logging_mixin.py:188} INFO - Revenda Smith Tecnologias Atualizada com sucesso !
[2025-07-11T04:30:57.347+0000] {logging_mixin.py:188} INFO - Revenda SMQ Tecnologia Atualizada com sucesso !
[2025-07-11T04:30:57.624+0000] {logging_mixin.py:188} INFO - Revenda Softech Tecnologia Atualizada com sucesso !
[2025-07-11T04:30:57.899+0000] {logging_mixin.py:188} INFO - Revenda SoftGadol Atualizada com sucesso !
[2025-07-11T04:30:58.175+0000] {logging_mixin.py:188} INFO - Revenda Softkore Atualizada com sucesso !
[2025-07-11T04:30:58.451+0000] {logging_mixin.py:188} INFO - Revenda Softmaq Tecnologia Atualizada com sucesso !
[2025-07-11T04:30:58.727+0000] {logging_mixin.py:188} INFO - Revenda Softpollus Atualizada com sucesso !
[2025-07-11T04:30:59.003+0000] {logging_mixin.py:188} INFO - Revenda Solem Tecnologia Atualizada com sucesso !
[2025-07-11T04:30:59.279+0000] {logging_mixin.py:188} INFO - Revenda Sonaglio Automação Atualizada com sucesso !
[2025-07-11T04:30:59.556+0000] {logging_mixin.py:188} INFO - Revenda Sonsun Atualizada com sucesso !
[2025-07-11T04:30:59.832+0000] {logging_mixin.py:188} INFO - Revenda Sophos Projetos Atualizada com sucesso !
[2025-07-11T04:31:00.121+0000] {logging_mixin.py:188} INFO - Revenda Sparta Gestão e Contabilidade - DEOCLESYSTEM Atualizada com sucesso !
[2025-07-11T04:31:00.396+0000] {logging_mixin.py:188} INFO - Revenda Speed Automação Comercial Atualizada com sucesso !
[2025-07-11T04:31:00.673+0000] {logging_mixin.py:188} INFO - Revenda SS Informatica - Bahia Atualizada com sucesso !
[2025-07-11T04:31:00.949+0000] {logging_mixin.py:188} INFO - Revenda SS Informática - Maranhão Atualizada com sucesso !
[2025-07-11T04:31:01.226+0000] {logging_mixin.py:188} INFO - Revenda Syscom Sistemas Atualizada com sucesso !
[2025-07-11T04:31:01.503+0000] {logging_mixin.py:188} INFO - Revenda SYSFOUR - Intelligent Systems Atualizada com sucesso !
[2025-07-11T04:31:01.779+0000] {logging_mixin.py:188} INFO - Revenda System Bella Automação Comercial Atualizada com sucesso !
[2025-07-11T04:31:02.056+0000] {logging_mixin.py:188} INFO - Revenda TB Automação e Informática Atualizada com sucesso !
[2025-07-11T04:31:02.331+0000] {logging_mixin.py:188} INFO - Revenda TC Maquinas Atualizada com sucesso !
[2025-07-11T04:31:02.608+0000] {logging_mixin.py:188} INFO - Revenda Technoside Informatica Atualizada com sucesso !
[2025-07-11T04:31:02.884+0000] {logging_mixin.py:188} INFO - Revenda Tecmicro Informática Atualizada com sucesso !
[2025-07-11T04:31:03.160+0000] {logging_mixin.py:188} INFO - Revenda Tecnoinfo Atualizada com sucesso !
[2025-07-11T04:31:03.436+0000] {logging_mixin.py:188} INFO - Revenda TECSOLUTION Atualizada com sucesso !
[2025-07-11T04:31:03.714+0000] {logging_mixin.py:188} INFO - Revenda Tefcom Atualizada com sucesso !
[2025-07-11T04:31:03.991+0000] {logging_mixin.py:188} INFO - Revenda TFA Tecnologia e Soluções  Atualizada com sucesso !
[2025-07-11T04:31:04.267+0000] {logging_mixin.py:188} INFO - Revenda TI-Brasil Sistemas Atualizada com sucesso !
[2025-07-11T04:31:04.543+0000] {logging_mixin.py:188} INFO - Revenda Trends Solutions Atualizada com sucesso !
[2025-07-11T04:31:04.819+0000] {logging_mixin.py:188} INFO - Revenda TS TECH Atualizada com sucesso !
[2025-07-11T04:31:05.102+0000] {logging_mixin.py:188} INFO - Revenda Unisoft Sistemas ** Hardtech Atualizada com sucesso !
[2025-07-11T04:31:05.376+0000] {logging_mixin.py:188} INFO - Revenda Unitek Soluções Atualizada com sucesso !
[2025-07-11T04:31:05.648+0000] {logging_mixin.py:188} INFO - Revenda Uniup Sistema - Automação e CFTV Atualizada com sucesso !
[2025-07-11T04:31:05.922+0000] {logging_mixin.py:188} INFO - Revenda Universal Automação Comercial  Atualizada com sucesso !
[2025-07-11T04:31:06.194+0000] {logging_mixin.py:188} INFO - Revenda Universo Sistemas Atualizada com sucesso !
[2025-07-11T04:31:06.467+0000] {logging_mixin.py:188} INFO - Revenda VGI TECHNOLOGY Atualizada com sucesso !
[2025-07-11T04:31:06.739+0000] {logging_mixin.py:188} INFO - Revenda Via Nova Soluções em Tecnologia Atualizada com sucesso !
[2025-07-11T04:31:07.013+0000] {logging_mixin.py:188} INFO - Revenda Virtual Informatica_MG Atualizada com sucesso !
[2025-07-11T04:31:07.290+0000] {logging_mixin.py:188} INFO - Revenda Virtual Sistemas_SC Atualizada com sucesso !
[2025-07-11T04:31:07.565+0000] {logging_mixin.py:188} INFO - Revenda VPN Solucoes em Informatica Atualizada com sucesso !
[2025-07-11T04:31:07.841+0000] {logging_mixin.py:188} INFO - Revenda Vzan Automação Comercial Atualizada com sucesso !
[2025-07-11T04:31:08.118+0000] {logging_mixin.py:188} INFO - Revenda Walltech Informatica Atualizada com sucesso !
[2025-07-11T04:31:08.394+0000] {logging_mixin.py:188} INFO - Revenda W C Sistemas Atualizada com sucesso !
[2025-07-11T04:31:08.669+0000] {logging_mixin.py:188} INFO - Revenda WGE informatica Atualizada com sucesso !
[2025-07-11T04:31:08.945+0000] {logging_mixin.py:188} INFO - Revenda WMX Soluções em Tecnologia Atualizada com sucesso !
[2025-07-11T04:31:09.220+0000] {logging_mixin.py:188} INFO - Revenda X1 Automação Atualizada com sucesso !
[2025-07-11T04:31:09.357+0000] {python.py:201} INFO - Done. Returned value was: None
[2025-07-11T04:31:09.381+0000] {taskinstance.py:1138} INFO - Marking task as SUCCESS. dag_id=DAG_atualizacao_cadastral_revendas, task_id=insert_database, execution_date=20250710T043000, start_date=20250711T043008, end_date=20250711T043109
[2025-07-11T04:31:09.445+0000] {local_task_job_runner.py:234} INFO - Task exited with return code 0
[2025-07-11T04:31:09.474+0000] {taskinstance.py:3280} INFO - 0 downstream tasks scheduled from follow-on schedule check
