[2025-07-01T04:30:05.134+0000] {taskinstance.py:1956} INFO - Dependencies all met for dep_context=non-requeueable deps ti=<TaskInstance: DAG_atualizacao_cadastral_revendas.organized_response_database scheduled__2025-06-30T04:30:00+00:00 [queued]>
[2025-07-01T04:30:05.152+0000] {taskinstance.py:1956} INFO - Dependencies all met for dep_context=requeueable deps ti=<TaskInstance: DAG_atualizacao_cadastral_revendas.organized_response_database scheduled__2025-06-30T04:30:00+00:00 [queued]>
[2025-07-01T04:30:05.153+0000] {taskinstance.py:2170} INFO - Starting attempt 1 of 1
[2025-07-01T04:30:05.201+0000] {taskinstance.py:2191} INFO - Executing <Task(PythonOperator): organized_response_database> on 2025-06-30 04:30:00+00:00
[2025-07-01T04:30:05.211+0000] {standard_task_runner.py:60} INFO - Started process 538510 to run task
[2025-07-01T04:30:05.218+0000] {standard_task_runner.py:87} INFO - Running: ['***', 'tasks', 'run', 'DAG_atualizacao_cadastral_revendas', 'organized_response_database', 'scheduled__2025-06-30T04:30:00+00:00', '--job-id', '319', '--raw', '--subdir', 'DAGS_FOLDER/DagDatasetComercial.py', '--cfg-path', '/tmp/tmp0syxc5dr']
[2025-07-01T04:30:05.221+0000] {standard_task_runner.py:88} INFO - Job 319: Subtask organized_response_database
[2025-07-01T04:30:05.333+0000] {task_command.py:423} INFO - Running <TaskInstance: DAG_atualizacao_cadastral_revendas.organized_response_database scheduled__2025-06-30T04:30:00+00:00 [running]> on host 99f5714845f7
[2025-07-01T04:30:05.738+0000] {taskinstance.py:2480} INFO - Exporting env vars: AIRFLOW_CTX_DAG_OWNER='***' AIRFLOW_CTX_DAG_ID='DAG_atualizacao_cadastral_revendas' AIRFLOW_CTX_TASK_ID='organized_response_database' AIRFLOW_CTX_EXECUTION_DATE='2025-06-30T04:30:00+00:00' AIRFLOW_CTX_TRY_NUMBER='1' AIRFLOW_CTX_DAG_RUN_ID='scheduled__2025-06-30T04:30:00+00:00'
[2025-07-01T04:30:07.319+0000] {logging_mixin.py:188} INFO - Revenda A7 Soluções organizada com sucesso !
[2025-07-01T04:30:08.596+0000] {logging_mixin.py:188} INFO - Revenda AB Soluções em TI organizada com sucesso !
[2025-07-01T04:30:09.898+0000] {logging_mixin.py:188} INFO - Revenda Adonai Automação Comercial organizada com sucesso !
[2025-07-01T04:30:11.116+0000] {logging_mixin.py:188} INFO - Revenda ADV SIG organizada com sucesso !
[2025-07-01T04:30:12.344+0000] {logging_mixin.py:188} INFO - Revenda A e A Dist. de Informática - Softart organizada com sucesso !
[2025-07-01T04:30:13.597+0000] {logging_mixin.py:188} INFO - Revenda Af Suporte organizada com sucesso !
[2025-07-01T04:30:14.804+0000] {logging_mixin.py:188} INFO - Revenda Agedata Sistemas organizada com sucesso !
[2025-07-01T04:30:16.193+0000] {logging_mixin.py:188} INFO - Revenda AIO Solucoes organizada com sucesso !
[2025-07-01T04:30:17.595+0000] {logging_mixin.py:188} INFO - Revenda AllTecInfo organizada com sucesso !
[2025-07-01T04:30:18.798+0000] {logging_mixin.py:188} INFO - Revenda Alpha Systemas e informática organizada com sucesso !
[2025-07-01T04:30:20.115+0000] {logging_mixin.py:188} INFO - Revenda Alternativa Automação Comercial organizada com sucesso !
[2025-07-01T04:30:21.377+0000] {logging_mixin.py:188} INFO - Revenda Amigo do Micro organizada com sucesso !
[2025-07-01T04:30:21.865+0000] {logging_mixin.py:188} INFO - Revenda AND Consultores Associados organizada com sucesso !
[2025-07-01T04:30:23.076+0000] {logging_mixin.py:188} INFO - Revenda APRN Soluções organizada com sucesso !
[2025-07-01T04:30:24.303+0000] {logging_mixin.py:188} INFO - Revenda Ary Sistemas de Gestão e Informatica (RNS) organizada com sucesso !
[2025-07-01T04:30:25.479+0000] {logging_mixin.py:188} INFO - Revenda Asteqesystem organizada com sucesso !
[2025-07-01T04:30:26.706+0000] {logging_mixin.py:188} INFO - Revenda Atrium Sistemas organizada com sucesso !
[2025-07-01T04:30:28.178+0000] {logging_mixin.py:188} INFO - Revenda Automac Digitron organizada com sucesso !
[2025-07-01T04:30:29.410+0000] {logging_mixin.py:188} INFO - Revenda Automaquinas - Automação Comercial organizada com sucesso !
[2025-07-01T04:30:30.877+0000] {logging_mixin.py:188} INFO - Revenda Autosyste Tecnologia e Inovação organizada com sucesso !
[2025-07-01T04:30:32.153+0000] {logging_mixin.py:188} INFO - Revenda Autotech Informática organizada com sucesso !
[2025-07-01T04:30:33.488+0000] {logging_mixin.py:188} INFO - Revenda Bellabyte organizada com sucesso !
[2025-07-01T04:30:34.630+0000] {logging_mixin.py:188} INFO - Revenda Bitech organizada com sucesso !
[2025-07-01T04:30:35.790+0000] {logging_mixin.py:188} INFO - Revenda Boldtsoft Sistemas organizada com sucesso !
[2025-07-01T04:30:36.980+0000] {logging_mixin.py:188} INFO - Revenda BRAZ TI organizada com sucesso !
[2025-07-01T04:30:38.902+0000] {logging_mixin.py:188} INFO - Revenda Brusoft Informatica organizada com sucesso !
[2025-07-01T04:30:40.053+0000] {logging_mixin.py:188} INFO - Revenda Brvatech organizada com sucesso !
[2025-07-01T04:30:41.412+0000] {logging_mixin.py:188} INFO - Revenda Canal Tecnico (Lumi) organizada com sucesso !
[2025-07-01T04:30:42.586+0000] {logging_mixin.py:188} INFO - Revenda Casa das Impressoras organizada com sucesso !
[2025-07-01T04:30:43.877+0000] {logging_mixin.py:188} INFO - Revenda CASTERS organizada com sucesso !
[2025-07-01T04:30:45.053+0000] {logging_mixin.py:188} INFO - Revenda Centec Equipamentos organizada com sucesso !
[2025-07-01T04:30:46.362+0000] {logging_mixin.py:188} INFO - Revenda CK Tech Consultoria organizada com sucesso !
[2025-07-01T04:30:47.654+0000] {logging_mixin.py:188} INFO - Revenda Compass Tecnologia da Informação organizada com sucesso !
[2025-07-01T04:30:48.816+0000] {logging_mixin.py:188} INFO - Revenda Compucenter Software organizada com sucesso !
[2025-07-01T04:30:49.307+0000] {logging_mixin.py:188} INFO - Revenda Conexão Informática Ltda organizada com sucesso !
[2025-07-01T04:30:50.532+0000] {logging_mixin.py:188} INFO - Revenda Connect System Soluções em Tecnologia organizada com sucesso !
[2025-07-01T04:30:51.690+0000] {logging_mixin.py:188} INFO - Revenda Conte Certo Serviços organizada com sucesso !
[2025-07-01T04:30:52.968+0000] {logging_mixin.py:188} INFO - Revenda Control Biz organizada com sucesso !
[2025-07-01T04:30:54.231+0000] {logging_mixin.py:188} INFO - Revenda CTi - Centro Técnico de Informática organizada com sucesso !
[2025-07-01T04:30:55.405+0000] {logging_mixin.py:188} INFO - Revenda D&A Automação Comercial organizada com sucesso !
[2025-07-01T04:30:56.560+0000] {logging_mixin.py:188} INFO - Revenda DALTEC Automacao Comercial organizada com sucesso !
[2025-07-01T04:30:58.034+0000] {logging_mixin.py:188} INFO - Revenda DataConta Gestão de Negócios organizada com sucesso !
[2025-07-01T04:30:59.222+0000] {logging_mixin.py:188} INFO - Revenda Dataproxy organizada com sucesso !
[2025-07-01T04:31:00.551+0000] {logging_mixin.py:188} INFO - Revenda DCODER organizada com sucesso !
[2025-07-01T04:31:01.918+0000] {logging_mixin.py:188} INFO - Revenda D Data Soluções organizada com sucesso !
[2025-07-01T04:31:03.372+0000] {logging_mixin.py:188} INFO - Revenda DGTEC organizada com sucesso !
[2025-07-01T04:31:04.632+0000] {logging_mixin.py:188} INFO - Revenda Digito Informatica organizada com sucesso !
[2025-07-01T04:31:05.957+0000] {logging_mixin.py:188} INFO - Revenda Dikoc Soluções em Software organizada com sucesso !
[2025-07-01T04:31:07.112+0000] {logging_mixin.py:188} INFO - Revenda DMK Sistemas e Soluções - HSI organizada com sucesso !
[2025-07-01T04:31:08.414+0000] {logging_mixin.py:188} INFO - Revenda DMZ Informatica organizada com sucesso !
[2025-07-01T04:31:09.750+0000] {logging_mixin.py:188} INFO - Revenda Dolphin Consultoria organizada com sucesso !
[2025-07-01T04:31:11.154+0000] {logging_mixin.py:188} INFO - Revenda DSM Consultoria em T.I. organizada com sucesso !
[2025-07-01T04:31:12.580+0000] {logging_mixin.py:188} INFO - Revenda Duall Tech organizada com sucesso !
[2025-07-01T04:31:13.772+0000] {logging_mixin.py:188} INFO - Revenda DWH Comercio de Alimentos organizada com sucesso !
[2025-07-01T04:31:15.114+0000] {logging_mixin.py:188} INFO - Revenda Edcom Automação Comercial organizada com sucesso !
[2025-07-01T04:31:16.399+0000] {logging_mixin.py:188} INFO - Revenda Eleve Tecnologia organizada com sucesso !
[2025-07-01T04:31:17.670+0000] {logging_mixin.py:188} INFO - Revenda Emlink Solucoes Empresariais organizada com sucesso !
[2025-07-01T04:31:18.839+0000] {logging_mixin.py:188} INFO - Revenda Exatop Certificação Digital e Sistemas organizada com sucesso !
[2025-07-01T04:31:20.068+0000] {logging_mixin.py:188} INFO - Revenda Exodus Informática organizada com sucesso !
[2025-07-01T04:31:21.256+0000] {logging_mixin.py:188} INFO - Revenda Extrema Software de Gestão organizada com sucesso !
[2025-07-01T04:31:22.493+0000] {logging_mixin.py:188} INFO - Revenda F5 Suporte e Automacão Comercial organizada com sucesso !
[2025-07-01T04:31:23.705+0000] {logging_mixin.py:188} INFO - Revenda Facilita Sistemas organizada com sucesso !
[2025-07-01T04:31:24.176+0000] {logging_mixin.py:188} INFO - Revenda Facilsys organizada com sucesso !
[2025-07-01T04:31:25.463+0000] {logging_mixin.py:188} INFO - Revenda F & F Soluções Empresariais organizada com sucesso !
[2025-07-01T04:31:26.742+0000] {logging_mixin.py:188} INFO - Revenda FKSIS - Sistemas de Gestão organizada com sucesso !
[2025-07-01T04:31:27.965+0000] {logging_mixin.py:188} INFO - Revenda FlorySoftt organizada com sucesso !
[2025-07-01T04:31:29.145+0000] {logging_mixin.py:188} INFO - Revenda Fn Info House organizada com sucesso !
[2025-07-01T04:31:30.305+0000] {logging_mixin.py:188} INFO - Revenda FS Informatica organizada com sucesso !
[2025-07-01T04:31:31.755+0000] {logging_mixin.py:188} INFO - Revenda Fusion Sistemas e Informatica organizada com sucesso !
[2025-07-01T04:31:32.922+0000] {logging_mixin.py:188} INFO - Revenda Gilmaq Automação Comercial organizada com sucesso !
[2025-07-01T04:31:34.095+0000] {logging_mixin.py:188} INFO - Revenda GM Soluções em Informática organizada com sucesso !
[2025-07-01T04:31:35.336+0000] {logging_mixin.py:188} INFO - Revenda Grupo GUUW organizada com sucesso !
[2025-07-01T04:31:35.815+0000] {logging_mixin.py:188} INFO - Revenda Guaxutec organizada com sucesso !
[2025-07-01T04:31:37.099+0000] {logging_mixin.py:188} INFO - Revenda HSI Automação Comercial organizada com sucesso !
[2025-07-01T04:31:38.890+0000] {logging_mixin.py:188} INFO - Revenda HWC Soluções organizada com sucesso !
[2025-07-01T04:31:40.128+0000] {logging_mixin.py:188} INFO - Revenda I7 Automação Comercial organizada com sucesso !
[2025-07-01T04:31:41.322+0000] {logging_mixin.py:188} INFO - Revenda Ideal Soluções Empresariais organizada com sucesso !
[2025-07-01T04:31:42.510+0000] {logging_mixin.py:188} INFO - Revenda ID Tecnologia organizada com sucesso !
[2025-07-01T04:31:43.804+0000] {logging_mixin.py:188} INFO - Revenda IFFI Soluções organizada com sucesso !
[2025-07-01T04:31:45.331+0000] {logging_mixin.py:188} INFO - Revenda IG TEC organizada com sucesso !
[2025-07-01T04:31:46.508+0000] {logging_mixin.py:188} INFO - Revenda INFOPRINTER organizada com sucesso !
[2025-07-01T04:31:47.770+0000] {logging_mixin.py:188} INFO - Revenda INFORMIT organizada com sucesso !
[2025-07-01T04:31:48.992+0000] {logging_mixin.py:188} INFO - Revenda Infor Serviços organizada com sucesso !
[2025-07-01T04:31:50.261+0000] {logging_mixin.py:188} INFO - Revenda Infortec Automacao Comercial organizada com sucesso !
[2025-07-01T04:31:51.543+0000] {logging_mixin.py:188} INFO - Revenda Infotek organizada com sucesso !
[2025-07-01T04:31:52.737+0000] {logging_mixin.py:188} INFO - Revenda Innovati Tecnologia (INW Store) organizada com sucesso !
[2025-07-01T04:31:53.986+0000] {logging_mixin.py:188} INFO - Revenda Inova Software organizada com sucesso !
[2025-07-01T04:31:55.470+0000] {logging_mixin.py:188} INFO - Revenda Inspire Consult & Informatica  organizada com sucesso !
[2025-07-01T04:31:56.648+0000] {logging_mixin.py:188} INFO - Revenda Inteltix Tecnologia (Center) organizada com sucesso !
[2025-07-01T04:31:58.077+0000] {logging_mixin.py:188} INFO - Revenda J7 Automação Comercial - System HD organizada com sucesso !
[2025-07-01T04:31:59.397+0000] {logging_mixin.py:188} INFO - Revenda Jann Informatica organizada com sucesso !
[2025-07-01T04:32:00.601+0000] {logging_mixin.py:188} INFO - Revenda JB Tecnologia organizada com sucesso !
[2025-07-01T04:32:01.972+0000] {logging_mixin.py:188} INFO - Revenda J & E Soluções organizada com sucesso !
[2025-07-01T04:32:03.232+0000] {logging_mixin.py:188} INFO - Revenda JExpress organizada com sucesso !
[2025-07-01T04:32:04.701+0000] {logging_mixin.py:188} INFO - Revenda J F Soluções Informatica organizada com sucesso !
[2025-07-01T04:32:05.896+0000] {logging_mixin.py:188} INFO - Revenda J F Tech Tecnologia & Sistemas organizada com sucesso !
[2025-07-01T04:32:07.325+0000] {logging_mixin.py:188} INFO - Revenda JHLS Automação Comercial organizada com sucesso !
[2025-07-01T04:32:09.565+0000] {logging_mixin.py:188} INFO - Revenda Jinsei Contabilidade organizada com sucesso !
[2025-07-01T04:32:10.752+0000] {logging_mixin.py:188} INFO - Revenda JJ Serviços organizada com sucesso !
[2025-07-01T04:32:11.961+0000] {logging_mixin.py:188} INFO - Revenda JM Informatica organizada com sucesso !
[2025-07-01T04:32:13.209+0000] {logging_mixin.py:188} INFO - Revenda JP Automação Comercial organizada com sucesso !
[2025-07-01T04:32:14.574+0000] {logging_mixin.py:188} INFO - Revenda JSR Automação Comercial  organizada com sucesso !
[2025-07-01T04:32:15.743+0000] {logging_mixin.py:188} INFO - Revenda Kernel Sistemas organizada com sucesso !
[2025-07-01T04:32:17.858+0000] {logging_mixin.py:188} INFO - Revenda KMCI Tecnologia em Automação organizada com sucesso !
[2025-07-01T04:32:19.065+0000] {logging_mixin.py:188} INFO - Revenda Komputronic do Brasil organizada com sucesso !
[2025-07-01T04:32:20.267+0000] {logging_mixin.py:188} INFO - Revenda KSC Sistemas organizada com sucesso !
[2025-07-01T04:32:21.470+0000] {logging_mixin.py:188} INFO - Revenda L&D Comercio e Tecnologia organizada com sucesso !
[2025-07-01T04:32:22.893+0000] {logging_mixin.py:188} INFO - Revenda LD Tech organizada com sucesso !
[2025-07-01T04:32:24.102+0000] {logging_mixin.py:188} INFO - Revenda LF Sistemas organizada com sucesso !
[2025-07-01T04:32:25.263+0000] {logging_mixin.py:188} INFO - Revenda LiderTech organizada com sucesso !
[2025-07-01T04:32:26.474+0000] {logging_mixin.py:188} INFO - Revenda Life Sistemas  organizada com sucesso !
[2025-07-01T04:32:28.429+0000] {logging_mixin.py:188} INFO - Revenda LL Tecnologia organizada com sucesso !
[2025-07-01T04:32:29.798+0000] {logging_mixin.py:188} INFO - Revenda LMD Sistemas organizada com sucesso !
[2025-07-01T04:32:31.058+0000] {logging_mixin.py:188} INFO - Revenda Logitec 2000 Informatica organizada com sucesso !
[2025-07-01T04:32:32.286+0000] {logging_mixin.py:188} INFO - Revenda Macmos organizada com sucesso !
[2025-07-01T04:32:33.471+0000] {logging_mixin.py:188} INFO - Revenda Mape Informatica organizada com sucesso !
[2025-07-01T04:32:34.774+0000] {logging_mixin.py:188} INFO - Revenda Marcka Informática e Sistemas organizada com sucesso !
[2025-07-01T04:32:36.106+0000] {logging_mixin.py:188} INFO - Revenda Matechinfo organizada com sucesso !
[2025-07-01T04:32:37.302+0000] {logging_mixin.py:188} INFO - Revenda MB Tecnologia organizada com sucesso !
[2025-07-01T04:32:38.441+0000] {logging_mixin.py:188} INFO - Revenda MC2 Tecnologia organizada com sucesso !
[2025-07-01T04:32:39.598+0000] {logging_mixin.py:188} INFO - Revenda MCR Sistemas (RS-AMX) organizada com sucesso !
[2025-07-01T04:32:40.786+0000] {logging_mixin.py:188} INFO - Revenda MD Tech Automação organizada com sucesso !
[2025-07-01T04:32:42.008+0000] {logging_mixin.py:188} INFO - Revenda Megasoft Informatica organizada com sucesso !
[2025-07-01T04:32:43.256+0000] {logging_mixin.py:188} INFO - Revenda Mercantec Soluções organizada com sucesso !
[2025-07-01T04:32:44.412+0000] {logging_mixin.py:188} INFO - Revenda Mikrox "Somadatta" organizada com sucesso !
[2025-07-01T04:32:45.832+0000] {logging_mixin.py:188} INFO - Revenda M. Nobre (Terabyte) organizada com sucesso !
[2025-07-01T04:32:47.066+0000] {logging_mixin.py:188} INFO - Revenda MRsis Automação organizada com sucesso !
[2025-07-01T04:32:48.234+0000] {logging_mixin.py:188} INFO - Revenda M&R Soluções - Grupo ATL organizada com sucesso !
[2025-07-01T04:32:49.616+0000] {logging_mixin.py:188} INFO - Revenda Multi Soft organizada com sucesso !
[2025-07-01T04:32:50.875+0000] {logging_mixin.py:188} INFO - Revenda NewCompras.com.br organizada com sucesso !
[2025-07-01T04:32:52.108+0000] {logging_mixin.py:188} INFO - Revenda NEWTEF Automação organizada com sucesso !
[2025-07-01T04:32:53.280+0000] {logging_mixin.py:188} INFO - Revenda Next Store organizada com sucesso !
[2025-07-01T04:32:54.496+0000] {logging_mixin.py:188} INFO - Revenda Nova Loja organizada com sucesso !
[2025-07-01T04:32:55.846+0000] {logging_mixin.py:188} INFO - Revenda NovaPC organizada com sucesso !
[2025-07-01T04:32:57.182+0000] {logging_mixin.py:188} INFO - Revenda Optimus - Gestão organizada com sucesso !
[2025-07-01T04:32:59.234+0000] {logging_mixin.py:188} INFO - Revenda Otimizer Consultoria em Sistemas organizada com sucesso !
[2025-07-01T04:32:59.708+0000] {logging_mixin.py:188} INFO - Revenda Otimize Soluções organizada com sucesso !
[2025-07-01T04:33:00.978+0000] {logging_mixin.py:188} INFO - Revenda P21 Software organizada com sucesso !
[2025-07-01T04:33:02.163+0000] {logging_mixin.py:188} INFO - Revenda PALM Soluções organizada com sucesso !
[2025-07-01T04:33:03.440+0000] {logging_mixin.py:188} INFO - Revenda Parceria Informatica organizada com sucesso !
[2025-07-01T04:33:04.790+0000] {logging_mixin.py:188} INFO - Revenda PDV Automação organizada com sucesso !
[2025-07-01T04:33:06.102+0000] {logging_mixin.py:188} INFO - Revenda PEG Informatica organizada com sucesso !
[2025-07-01T04:33:06.579+0000] {logging_mixin.py:188} INFO - Revenda Piramide Automação e Informatica organizada com sucesso !
[2025-07-01T04:33:07.979+0000] {logging_mixin.py:188} INFO - Revenda Plus Solutions organizada com sucesso !
[2025-07-01T04:33:09.156+0000] {logging_mixin.py:188} INFO - Revenda Ponte organizada com sucesso !
[2025-07-01T04:33:10.278+0000] {logging_mixin.py:188} INFO - Revenda Pratic Informática organizada com sucesso !
[2025-07-01T04:33:11.509+0000] {logging_mixin.py:188} INFO - Revenda PROFISC - Consultoria  organizada com sucesso !
[2025-07-01T04:33:11.969+0000] {logging_mixin.py:188} INFO - Erro no get_geolocalization: Expecting value: line 1 column 1 (char 0)
[2025-07-01T04:33:11.973+0000] {logging_mixin.py:188} INFO - Revenda Pryamos organizada com sucesso !
[2025-07-01T04:33:13.216+0000] {logging_mixin.py:188} INFO - Revenda Quality Automação e Recargas organizada com sucesso !
[2025-07-01T04:33:14.443+0000] {logging_mixin.py:188} INFO - Revenda Rafah Soluções em Sistema organizada com sucesso !
[2025-07-01T04:33:15.624+0000] {logging_mixin.py:188} INFO - Revenda RC Automação organizada com sucesso !
[2025-07-01T04:33:16.853+0000] {logging_mixin.py:188} INFO - Revenda RCM Tecnologia organizada com sucesso !
[2025-07-01T04:33:18.024+0000] {logging_mixin.py:188} INFO - Revenda RedeEllo organizada com sucesso !
[2025-07-01T04:33:19.232+0000] {logging_mixin.py:188} INFO - Revenda Rieger Consultoria e Serviços  organizada com sucesso !
[2025-07-01T04:33:20.449+0000] {logging_mixin.py:188} INFO - Revenda RKS Tecnologia organizada com sucesso !
[2025-07-01T04:33:21.753+0000] {logging_mixin.py:188} INFO - Revenda Rondoniatec Sistemas e Soluções organizada com sucesso !
[2025-07-01T04:33:23.117+0000] {logging_mixin.py:188} INFO - Revenda Royal Ti organizada com sucesso !
[2025-07-01T04:33:24.348+0000] {logging_mixin.py:188} INFO - Revenda RPD Tech Soluções em T.I. organizada com sucesso !
[2025-07-01T04:33:25.579+0000] {logging_mixin.py:188} INFO - Revenda RPDV Soluções em Tecnologia organizada com sucesso !
[2025-07-01T04:33:26.816+0000] {logging_mixin.py:188} INFO - Revenda RS Informatica organizada com sucesso !
[2025-07-01T04:33:28.032+0000] {logging_mixin.py:188} INFO - Revenda Rtek organizada com sucesso !
[2025-07-01T04:33:29.234+0000] {logging_mixin.py:188} INFO - Revenda SDN Sistemas de Gestão organizada com sucesso !
[2025-07-01T04:33:31.357+0000] {logging_mixin.py:188} INFO - Revenda Seed Tecnologia organizada com sucesso !
[2025-07-01T04:33:32.589+0000] {logging_mixin.py:188} INFO - Revenda Shopseg Sistemas organizada com sucesso !
[2025-07-01T04:33:33.759+0000] {logging_mixin.py:188} INFO - Revenda Sig Sistemas Corporativos organizada com sucesso !
[2025-07-01T04:33:35.043+0000] {logging_mixin.py:188} INFO - Revenda Sistech Sistemas organizada com sucesso !
[2025-07-01T04:33:36.265+0000] {logging_mixin.py:188} INFO - Revenda Sistema Completo organizada com sucesso !
[2025-07-01T04:33:37.591+0000] {logging_mixin.py:188} INFO - Revenda Sistema Uniplus - Vitória da Conquista organizada com sucesso !
[2025-07-01T04:33:38.061+0000] {logging_mixin.py:188} INFO - Revenda Skill Automação Comercial organizada com sucesso !
[2025-07-01T04:33:39.302+0000] {logging_mixin.py:188} INFO - Revenda SM10 Sistemas de Gestão e Automação Comercial  (AM10) organizada com sucesso !
[2025-07-01T04:33:40.512+0000] {logging_mixin.py:188} INFO - Revenda Smith Tecnologias organizada com sucesso !
[2025-07-01T04:33:41.699+0000] {logging_mixin.py:188} INFO - Revenda SMQ Tecnologia organizada com sucesso !
[2025-07-01T04:33:42.986+0000] {logging_mixin.py:188} INFO - Revenda Softech Tecnologia organizada com sucesso !
[2025-07-01T04:33:44.201+0000] {logging_mixin.py:188} INFO - Revenda SoftGadol organizada com sucesso !
[2025-07-01T04:33:45.405+0000] {logging_mixin.py:188} INFO - Revenda Softkore organizada com sucesso !
[2025-07-01T04:33:46.626+0000] {logging_mixin.py:188} INFO - Revenda Softmaq Tecnologia organizada com sucesso !
[2025-07-01T04:33:47.884+0000] {logging_mixin.py:188} INFO - Revenda Softpollus organizada com sucesso !
[2025-07-01T04:33:49.225+0000] {logging_mixin.py:188} INFO - Revenda Solem Tecnologia organizada com sucesso !
[2025-07-01T04:33:49.710+0000] {logging_mixin.py:188} INFO - Revenda Sonaglio Automação organizada com sucesso !
[2025-07-01T04:33:50.913+0000] {logging_mixin.py:188} INFO - Revenda Sonsun organizada com sucesso !
[2025-07-01T04:33:52.127+0000] {logging_mixin.py:188} INFO - Revenda Sophos Projetos organizada com sucesso !
[2025-07-01T04:33:53.303+0000] {logging_mixin.py:188} INFO - Revenda Sparta Gestão e Contabilidade - DEOCLESYSTEM organizada com sucesso !
[2025-07-01T04:33:54.528+0000] {logging_mixin.py:188} INFO - Revenda Speed Automação Comercial organizada com sucesso !
[2025-07-01T04:33:55.768+0000] {logging_mixin.py:188} INFO - Revenda SS Informatica - Bahia organizada com sucesso !
[2025-07-01T04:33:57.119+0000] {logging_mixin.py:188} INFO - Revenda SS Informática - Maranhão organizada com sucesso !
[2025-07-01T04:33:58.331+0000] {logging_mixin.py:188} INFO - Revenda Syscom Sistemas organizada com sucesso !
[2025-07-01T04:33:59.581+0000] {logging_mixin.py:188} INFO - Revenda SYSFOUR - Intelligent Systems organizada com sucesso !
[2025-07-01T04:34:00.053+0000] {logging_mixin.py:188} INFO - Revenda System Bella Automação Comercial organizada com sucesso !
[2025-07-01T04:34:01.257+0000] {logging_mixin.py:188} INFO - Revenda TB Automação e Informática organizada com sucesso !
[2025-07-01T04:34:02.452+0000] {logging_mixin.py:188} INFO - Revenda TC Maquinas organizada com sucesso !
[2025-07-01T04:34:03.616+0000] {logging_mixin.py:188} INFO - Revenda Technoside Informatica organizada com sucesso !
[2025-07-01T04:34:04.923+0000] {logging_mixin.py:188} INFO - Revenda Tecmicro Informática organizada com sucesso !
[2025-07-01T04:34:06.204+0000] {logging_mixin.py:188} INFO - Revenda Tecnoinfo organizada com sucesso !
[2025-07-01T04:34:07.507+0000] {logging_mixin.py:188} INFO - Revenda TECSOLUTION organizada com sucesso !
[2025-07-01T04:34:08.803+0000] {logging_mixin.py:188} INFO - Revenda Tefcom organizada com sucesso !
[2025-07-01T04:34:10.029+0000] {logging_mixin.py:188} INFO - Revenda TFA Tecnologia e Soluções  organizada com sucesso !
[2025-07-01T04:34:11.247+0000] {logging_mixin.py:188} INFO - Revenda TI-Brasil Sistemas organizada com sucesso !
[2025-07-01T04:34:12.615+0000] {logging_mixin.py:188} INFO - Revenda Trends Solutions organizada com sucesso !
[2025-07-01T04:34:13.764+0000] {logging_mixin.py:188} INFO - Revenda TS TECH organizada com sucesso !
[2025-07-01T04:34:14.984+0000] {logging_mixin.py:188} INFO - Revenda Unisoft Sistemas ** Hardtech organizada com sucesso !
[2025-07-01T04:34:16.231+0000] {logging_mixin.py:188} INFO - Revenda Unitek Soluções organizada com sucesso !
[2025-07-01T04:34:17.619+0000] {logging_mixin.py:188} INFO - Revenda Uniup Sistema - Automação e CFTV organizada com sucesso !
[2025-07-01T04:34:18.795+0000] {logging_mixin.py:188} INFO - Revenda Universal Automação Comercial  organizada com sucesso !
[2025-07-01T04:34:20.132+0000] {logging_mixin.py:188} INFO - Revenda Universo Sistemas organizada com sucesso !
[2025-07-01T04:34:21.401+0000] {logging_mixin.py:188} INFO - Revenda Valor Tecnologia organizada com sucesso !
[2025-07-01T04:34:22.584+0000] {logging_mixin.py:188} INFO - Revenda VGI TECHNOLOGY organizada com sucesso !
[2025-07-01T04:34:23.806+0000] {logging_mixin.py:188} INFO - Revenda Via Nova Soluções em Tecnologia organizada com sucesso !
[2025-07-01T04:34:24.991+0000] {logging_mixin.py:188} INFO - Revenda Virtual Informatica_MG organizada com sucesso !
[2025-07-01T04:34:26.333+0000] {logging_mixin.py:188} INFO - Revenda Virtual Sistemas_SC organizada com sucesso !
[2025-07-01T04:34:27.913+0000] {logging_mixin.py:188} INFO - Revenda VPN Solucoes em Informatica organizada com sucesso !
[2025-07-01T04:34:29.125+0000] {logging_mixin.py:188} INFO - Revenda Vzan Automação Comercial organizada com sucesso !
[2025-07-01T04:34:30.289+0000] {logging_mixin.py:188} INFO - Revenda Walltech Informatica organizada com sucesso !
[2025-07-01T04:34:31.513+0000] {logging_mixin.py:188} INFO - Revenda W C Sistemas organizada com sucesso !
[2025-07-01T04:34:33.413+0000] {logging_mixin.py:188} INFO - Revenda WGE informatica organizada com sucesso !
[2025-07-01T04:34:34.639+0000] {logging_mixin.py:188} INFO - Revenda WMX Soluções em Tecnologia organizada com sucesso !
[2025-07-01T04:34:36.667+0000] {logging_mixin.py:188} INFO - Revenda X1 Automação organizada com sucesso !
[2025-07-01T04:34:36.738+0000] {python.py:201} INFO - Done. Returned value was: None
[2025-07-01T04:34:36.763+0000] {taskinstance.py:1138} INFO - Marking task as SUCCESS. dag_id=DAG_atualizacao_cadastral_revendas, task_id=organized_response_database, execution_date=20250630T043000, start_date=20250701T043005, end_date=20250701T043436
[2025-07-01T04:34:36.897+0000] {local_task_job_runner.py:234} INFO - Task exited with return code 0
[2025-07-01T04:34:36.939+0000] {taskinstance.py:3280} INFO - 1 downstream tasks scheduled from follow-on schedule check
