[2025-07-11T09:00:16.524+0000] {taskinstance.py:1956} INFO - Dependencies all met for dep_context=non-requeueable deps ti=<TaskInstance: DAG_relatorio_revendas_diario.enviar_email_csvs scheduled__2025-07-10T09:00:00+00:00 [queued]>
[2025-07-11T09:00:16.547+0000] {taskinstance.py:1956} INFO - Dependencies all met for dep_context=requeueable deps ti=<TaskInstance: DAG_relatorio_revendas_diario.enviar_email_csvs scheduled__2025-07-10T09:00:00+00:00 [queued]>
[2025-07-11T09:00:16.548+0000] {taskinstance.py:2170} INFO - Starting attempt 1 of 1
[2025-07-11T09:00:16.612+0000] {taskinstance.py:2191} INFO - Executing <Task(PythonOperator): enviar_email_csvs> on 2025-07-10 09:00:00+00:00
[2025-07-11T09:00:16.622+0000] {standard_task_runner.py:60} INFO - Started process 1063328 to run task
[2025-07-11T09:00:16.628+0000] {standard_task_runner.py:87} INFO - Running: ['***', 'tasks', 'run', 'DAG_relatorio_revendas_diario', 'enviar_email_csvs', 'scheduled__2025-07-10T09:00:00+00:00', '--job-id', '467', '--raw', '--subdir', 'DAGS_FOLDER/DagEnviarRelatorioDesempenho.py', '--cfg-path', '/tmp/tmp198hzl4p']
[2025-07-11T09:00:16.633+0000] {standard_task_runner.py:88} INFO - Job 467: Subtask enviar_email_csvs
[2025-07-11T09:00:16.808+0000] {task_command.py:423} INFO - Running <TaskInstance: DAG_relatorio_revendas_diario.enviar_email_csvs scheduled__2025-07-10T09:00:00+00:00 [running]> on host 99f5714845f7
[2025-07-11T09:00:17.208+0000] {taskinstance.py:2480} INFO - Exporting env vars: AIRFLOW_CTX_DAG_OWNER='***' AIRFLOW_CTX_DAG_ID='DAG_relatorio_revendas_diario' AIRFLOW_CTX_TASK_ID='enviar_email_csvs' AIRFLOW_CTX_EXECUTION_DATE='2025-07-10T09:00:00+00:00' AIRFLOW_CTX_TRY_NUMBER='1' AIRFLOW_CTX_DAG_RUN_ID='scheduled__2025-07-10T09:00:00+00:00'
[2025-07-11T09:00:21.151+0000] {logging_mixin.py:188} INFO - Email enviado para barbara.goedert@intelidata.inf.br
[2025-07-11T09:00:22.856+0000] {logging_mixin.py:188} INFO - Email enviado para comercial.coletivo@intelidata.inf.br
[2025-07-11T09:00:24.801+0000] {logging_mixin.py:188} INFO - Email enviado para emerson.mello@intelidata.inf.br
[2025-07-11T09:00:28.619+0000] {logging_mixin.py:188} INFO - Email enviado para harry.laube@intelidata.inf.br
[2025-07-11T09:00:37.840+0000] {logging_mixin.py:188} INFO - Email enviado para integração@intelidata.inf.br
[2025-07-11T09:00:39.509+0000] {logging_mixin.py:188} INFO - Email enviado para leticia.borges@intelidata.inf.br
[2025-07-11T09:00:46.082+0000] {logging_mixin.py:188} INFO - Email enviado para sabrina.lima@intelidata.inf.br
[2025-07-11T09:00:46.083+0000] {python.py:201} INFO - Done. Returned value was: None
[2025-07-11T09:00:46.100+0000] {taskinstance.py:1138} INFO - Marking task as SUCCESS. dag_id=DAG_relatorio_revendas_diario, task_id=enviar_email_csvs, execution_date=20250710T090000, start_date=20250711T090016, end_date=20250711T090046
[2025-07-11T09:00:46.208+0000] {local_task_job_runner.py:234} INFO - Task exited with return code 0
[2025-07-11T09:00:46.237+0000] {taskinstance.py:3280} INFO - 0 downstream tasks scheduled from follow-on schedule check
