[2025-07-17T04:30:07.373+0000] {taskinstance.py:1956} INFO - Dependencies all met for dep_context=non-requeueable deps ti=<TaskInstance: DAG_atualizacao_cadastral_revendas.insert_database scheduled__2025-07-16T04:30:00+00:00 [queued]>
[2025-07-17T04:30:07.389+0000] {taskinstance.py:1956} INFO - Dependencies all met for dep_context=requeueable deps ti=<TaskInstance: DAG_atualizacao_cadastral_revendas.insert_database scheduled__2025-07-16T04:30:00+00:00 [queued]>
[2025-07-17T04:30:07.390+0000] {taskinstance.py:2170} INFO - Starting attempt 1 of 1
[2025-07-17T04:30:07.442+0000] {taskinstance.py:2191} INFO - Executing <Task(PythonOperator): insert_database> on 2025-07-16 04:30:00+00:00
[2025-07-17T04:30:07.451+0000] {standard_task_runner.py:60} INFO - Started process 1362815 to run task
[2025-07-17T04:30:07.457+0000] {standard_task_runner.py:87} INFO - Running: ['***', 'tasks', 'run', 'DAG_atualizacao_cadastral_revendas', 'insert_database', 'scheduled__2025-07-16T04:30:00+00:00', '--job-id', '554', '--raw', '--subdir', 'DAGS_FOLDER/DagDatasetComercial.py', '--cfg-path', '/tmp/tmprg7jgiez']
[2025-07-17T04:30:07.459+0000] {standard_task_runner.py:88} INFO - Job 554: Subtask insert_database
[2025-07-17T04:30:07.568+0000] {task_command.py:423} INFO - Running <TaskInstance: DAG_atualizacao_cadastral_revendas.insert_database scheduled__2025-07-16T04:30:00+00:00 [running]> on host 99f5714845f7
[2025-07-17T04:30:07.784+0000] {taskinstance.py:2480} INFO - Exporting env vars: AIRFLOW_CTX_DAG_OWNER='***' AIRFLOW_CTX_DAG_ID='DAG_atualizacao_cadastral_revendas' AIRFLOW_CTX_TASK_ID='insert_database' AIRFLOW_CTX_EXECUTION_DATE='2025-07-16T04:30:00+00:00' AIRFLOW_CTX_TRY_NUMBER='1' AIRFLOW_CTX_DAG_RUN_ID='scheduled__2025-07-16T04:30:00+00:00'
[2025-07-17T04:30:07.839+0000] {base.py:83} INFO - Using connection ID 'dataset_comercial_database' for task execution.
[2025-07-17T04:30:09.154+0000] {logging_mixin.py:188} INFO - Revenda A7 Soluções Atualizada com sucesso !
[2025-07-17T04:30:09.430+0000] {logging_mixin.py:188} INFO - Revenda AB Soluções em TI Atualizada com sucesso !
[2025-07-17T04:30:09.709+0000] {logging_mixin.py:188} INFO - Revenda Adonai Automação Comercial Atualizada com sucesso !
[2025-07-17T04:30:09.985+0000] {logging_mixin.py:188} INFO - Revenda ADV SIG Atualizada com sucesso !
[2025-07-17T04:30:10.260+0000] {logging_mixin.py:188} INFO - Revenda A e A Dist. de Informática - Softart Atualizada com sucesso !
[2025-07-17T04:30:10.537+0000] {logging_mixin.py:188} INFO - Revenda Af Suporte Atualizada com sucesso !
[2025-07-17T04:30:10.812+0000] {logging_mixin.py:188} INFO - Revenda Agedata Sistemas Atualizada com sucesso !
[2025-07-17T04:30:11.089+0000] {logging_mixin.py:188} INFO - Revenda AIO Solucoes Atualizada com sucesso !
[2025-07-17T04:30:11.363+0000] {logging_mixin.py:188} INFO - Revenda AllTecInfo Atualizada com sucesso !
[2025-07-17T04:30:11.637+0000] {logging_mixin.py:188} INFO - Revenda Alpha Systemas e informática Atualizada com sucesso !
[2025-07-17T04:30:11.913+0000] {logging_mixin.py:188} INFO - Revenda Alternativa Automação Comercial Atualizada com sucesso !
[2025-07-17T04:30:12.189+0000] {logging_mixin.py:188} INFO - Revenda Amigo do Micro Atualizada com sucesso !
[2025-07-17T04:30:12.465+0000] {logging_mixin.py:188} INFO - Revenda AND Consultores Associados Atualizada com sucesso !
[2025-07-17T04:30:12.742+0000] {logging_mixin.py:188} INFO - Revenda APRN Soluções Atualizada com sucesso !
[2025-07-17T04:30:13.018+0000] {logging_mixin.py:188} INFO - Revenda Ary Sistemas de Gestão e Informatica (RNS) Atualizada com sucesso !
[2025-07-17T04:30:13.294+0000] {logging_mixin.py:188} INFO - Revenda Asteqesystem Atualizada com sucesso !
[2025-07-17T04:30:13.571+0000] {logging_mixin.py:188} INFO - Revenda Atrium Sistemas Atualizada com sucesso !
[2025-07-17T04:30:13.846+0000] {logging_mixin.py:188} INFO - Revenda Automac Digitron Atualizada com sucesso !
[2025-07-17T04:30:14.123+0000] {logging_mixin.py:188} INFO - Revenda Automaquinas - Automação Comercial Atualizada com sucesso !
[2025-07-17T04:30:14.400+0000] {logging_mixin.py:188} INFO - Revenda Autosyste Tecnologia e Inovação Atualizada com sucesso !
[2025-07-17T04:30:14.676+0000] {logging_mixin.py:188} INFO - Revenda Autotech Informática Atualizada com sucesso !
[2025-07-17T04:30:14.951+0000] {logging_mixin.py:188} INFO - Revenda Bellabyte Atualizada com sucesso !
[2025-07-17T04:30:15.226+0000] {logging_mixin.py:188} INFO - Revenda Bitech Atualizada com sucesso !
[2025-07-17T04:30:15.501+0000] {logging_mixin.py:188} INFO - Revenda Boldtsoft Sistemas Atualizada com sucesso !
[2025-07-17T04:30:15.776+0000] {logging_mixin.py:188} INFO - Revenda BRAZ TI Atualizada com sucesso !
[2025-07-17T04:30:16.054+0000] {logging_mixin.py:188} INFO - Revenda Brusoft Informatica Atualizada com sucesso !
[2025-07-17T04:30:16.328+0000] {logging_mixin.py:188} INFO - Revenda Brvatech Atualizada com sucesso !
[2025-07-17T04:30:16.603+0000] {logging_mixin.py:188} INFO - Revenda Canal Tecnico (Lumi) Atualizada com sucesso !
[2025-07-17T04:30:16.878+0000] {logging_mixin.py:188} INFO - Revenda Casa das Impressoras Atualizada com sucesso !
[2025-07-17T04:30:17.167+0000] {logging_mixin.py:188} INFO - Revenda CASTERS Atualizada com sucesso !
[2025-07-17T04:30:17.445+0000] {logging_mixin.py:188} INFO - Revenda Centec Equipamentos Atualizada com sucesso !
[2025-07-17T04:30:17.720+0000] {logging_mixin.py:188} INFO - Revenda CK Tech Consultoria Atualizada com sucesso !
[2025-07-17T04:30:17.997+0000] {logging_mixin.py:188} INFO - Revenda Compass Tecnologia da Informação Atualizada com sucesso !
[2025-07-17T04:30:18.272+0000] {logging_mixin.py:188} INFO - Revenda Compucenter Software Atualizada com sucesso !
[2025-07-17T04:30:18.548+0000] {logging_mixin.py:188} INFO - Revenda Conexão Informática Ltda Atualizada com sucesso !
[2025-07-17T04:30:18.823+0000] {logging_mixin.py:188} INFO - Revenda Connect System Soluções em Tecnologia Atualizada com sucesso !
[2025-07-17T04:30:19.099+0000] {logging_mixin.py:188} INFO - Revenda Conte Certo Serviços Atualizada com sucesso !
[2025-07-17T04:30:19.378+0000] {logging_mixin.py:188} INFO - Revenda Control Biz Atualizada com sucesso !
[2025-07-17T04:30:19.653+0000] {logging_mixin.py:188} INFO - Revenda CTi - Centro Técnico de Informática Atualizada com sucesso !
[2025-07-17T04:30:19.928+0000] {logging_mixin.py:188} INFO - Revenda D&A Automação Comercial Atualizada com sucesso !
[2025-07-17T04:30:20.205+0000] {logging_mixin.py:188} INFO - Revenda DALTEC Automacao Comercial Atualizada com sucesso !
[2025-07-17T04:30:20.481+0000] {logging_mixin.py:188} INFO - Revenda DataConta Gestão de Negócios Atualizada com sucesso !
[2025-07-17T04:30:20.756+0000] {logging_mixin.py:188} INFO - Revenda Dataproxy Atualizada com sucesso !
[2025-07-17T04:30:21.033+0000] {logging_mixin.py:188} INFO - Revenda DCODER Atualizada com sucesso !
[2025-07-17T04:30:21.309+0000] {logging_mixin.py:188} INFO - Revenda D Data Soluções Atualizada com sucesso !
[2025-07-17T04:30:21.584+0000] {logging_mixin.py:188} INFO - Revenda DGTEC Atualizada com sucesso !
[2025-07-17T04:30:21.860+0000] {logging_mixin.py:188} INFO - Revenda Digito Informatica Atualizada com sucesso !
[2025-07-17T04:30:22.135+0000] {logging_mixin.py:188} INFO - Revenda Dikoc Soluções em Software Atualizada com sucesso !
[2025-07-17T04:30:22.409+0000] {logging_mixin.py:188} INFO - Revenda DMK Sistemas e Soluções - HSI Atualizada com sucesso !
[2025-07-17T04:30:22.685+0000] {logging_mixin.py:188} INFO - Revenda DMZ Informatica Atualizada com sucesso !
[2025-07-17T04:30:22.960+0000] {logging_mixin.py:188} INFO - Revenda Dolphin Consultoria Atualizada com sucesso !
[2025-07-17T04:30:23.235+0000] {logging_mixin.py:188} INFO - Revenda DSM Consultoria em T.I. Atualizada com sucesso !
[2025-07-17T04:30:23.512+0000] {logging_mixin.py:188} INFO - Revenda DTEC Tecnologia Atualizada com sucesso !
[2025-07-17T04:30:23.787+0000] {logging_mixin.py:188} INFO - Revenda Duall Tech Atualizada com sucesso !
[2025-07-17T04:30:24.063+0000] {logging_mixin.py:188} INFO - Revenda DWH Comercio de Alimentos Atualizada com sucesso !
[2025-07-17T04:30:24.340+0000] {logging_mixin.py:188} INFO - Revenda Edcom Automação Comercial Atualizada com sucesso !
[2025-07-17T04:30:24.616+0000] {logging_mixin.py:188} INFO - Revenda Eleve Tecnologia Atualizada com sucesso !
[2025-07-17T04:30:24.895+0000] {logging_mixin.py:188} INFO - Revenda Emlink Solucoes Empresariais Atualizada com sucesso !
[2025-07-17T04:30:25.170+0000] {logging_mixin.py:188} INFO - Revenda Exatop Certificação Digital e Sistemas Atualizada com sucesso !
[2025-07-17T04:30:25.446+0000] {logging_mixin.py:188} INFO - Revenda Exodus Informática Atualizada com sucesso !
[2025-07-17T04:30:25.720+0000] {logging_mixin.py:188} INFO - Revenda Extrema Software de Gestão Atualizada com sucesso !
[2025-07-17T04:30:26.002+0000] {logging_mixin.py:188} INFO - Revenda F5 Suporte e Automacão Comercial Atualizada com sucesso !
[2025-07-17T04:30:26.278+0000] {logging_mixin.py:188} INFO - Revenda Facilita Sistemas Atualizada com sucesso !
[2025-07-17T04:30:26.554+0000] {logging_mixin.py:188} INFO - Revenda Facilsys Atualizada com sucesso !
[2025-07-17T04:30:26.830+0000] {logging_mixin.py:188} INFO - Revenda F & F Soluções Empresariais Atualizada com sucesso !
[2025-07-17T04:30:27.105+0000] {logging_mixin.py:188} INFO - Revenda FKSIS - Sistemas de Gestão Atualizada com sucesso !
[2025-07-17T04:30:27.380+0000] {logging_mixin.py:188} INFO - Revenda FlorySoftt Atualizada com sucesso !
[2025-07-17T04:30:27.657+0000] {logging_mixin.py:188} INFO - Revenda Fn Info House Atualizada com sucesso !
[2025-07-17T04:30:27.933+0000] {logging_mixin.py:188} INFO - Revenda FS Informatica Atualizada com sucesso !
[2025-07-17T04:30:28.209+0000] {logging_mixin.py:188} INFO - Revenda Fusion Sistemas e Informatica Atualizada com sucesso !
[2025-07-17T04:30:28.484+0000] {logging_mixin.py:188} INFO - Revenda Gilmaq Automação Comercial Atualizada com sucesso !
[2025-07-17T04:30:28.758+0000] {logging_mixin.py:188} INFO - Revenda GM Soluções em Informática Atualizada com sucesso !
[2025-07-17T04:30:29.033+0000] {logging_mixin.py:188} INFO - Revenda Grupo GUUW Atualizada com sucesso !
[2025-07-17T04:30:29.309+0000] {logging_mixin.py:188} INFO - Revenda Guaxutec Atualizada com sucesso !
[2025-07-17T04:30:29.584+0000] {logging_mixin.py:188} INFO - Revenda HSI Automação Comercial Atualizada com sucesso !
[2025-07-17T04:30:29.857+0000] {logging_mixin.py:188} INFO - Revenda HWC Soluções Atualizada com sucesso !
[2025-07-17T04:30:30.133+0000] {logging_mixin.py:188} INFO - Revenda I7 Automação Comercial Atualizada com sucesso !
[2025-07-17T04:30:30.409+0000] {logging_mixin.py:188} INFO - Revenda Ideal Soluções Empresariais Atualizada com sucesso !
[2025-07-17T04:30:30.684+0000] {logging_mixin.py:188} INFO - Revenda ID Tecnologia Atualizada com sucesso !
[2025-07-17T04:30:30.961+0000] {logging_mixin.py:188} INFO - Revenda IFFI Soluções Atualizada com sucesso !
[2025-07-17T04:30:31.237+0000] {logging_mixin.py:188} INFO - Revenda IG TEC Atualizada com sucesso !
[2025-07-17T04:30:31.514+0000] {logging_mixin.py:188} INFO - Revenda INFOPRINTER Atualizada com sucesso !
[2025-07-17T04:30:31.788+0000] {logging_mixin.py:188} INFO - Revenda INFORMIT Atualizada com sucesso !
[2025-07-17T04:30:32.066+0000] {logging_mixin.py:188} INFO - Revenda Infor Serviços Atualizada com sucesso !
[2025-07-17T04:30:32.342+0000] {logging_mixin.py:188} INFO - Revenda Infortec Automacao Comercial Atualizada com sucesso !
[2025-07-17T04:30:32.618+0000] {logging_mixin.py:188} INFO - Revenda Infotek Atualizada com sucesso !
[2025-07-17T04:30:32.893+0000] {logging_mixin.py:188} INFO - Revenda Innovati Tecnologia (INW Store) Atualizada com sucesso !
[2025-07-17T04:30:33.167+0000] {logging_mixin.py:188} INFO - Revenda Inova Software Atualizada com sucesso !
[2025-07-17T04:30:33.446+0000] {logging_mixin.py:188} INFO - Revenda Inspire Consult & Informatica  Atualizada com sucesso !
[2025-07-17T04:30:33.723+0000] {logging_mixin.py:188} INFO - Revenda Inteltix Tecnologia (Center) Atualizada com sucesso !
[2025-07-17T04:30:33.999+0000] {logging_mixin.py:188} INFO - Revenda J7 Automação Comercial - System HD Atualizada com sucesso !
[2025-07-17T04:30:34.275+0000] {logging_mixin.py:188} INFO - Revenda Jann Informatica Atualizada com sucesso !
[2025-07-17T04:30:34.549+0000] {logging_mixin.py:188} INFO - Revenda JB Tecnologia Atualizada com sucesso !
[2025-07-17T04:30:34.825+0000] {logging_mixin.py:188} INFO - Revenda J & E Soluções Atualizada com sucesso !
[2025-07-17T04:30:35.100+0000] {logging_mixin.py:188} INFO - Revenda JExpress Atualizada com sucesso !
[2025-07-17T04:30:35.374+0000] {logging_mixin.py:188} INFO - Revenda J F Soluções Informatica Atualizada com sucesso !
[2025-07-17T04:30:35.649+0000] {logging_mixin.py:188} INFO - Revenda J F Tech Tecnologia & Sistemas Atualizada com sucesso !
[2025-07-17T04:30:35.925+0000] {logging_mixin.py:188} INFO - Revenda JHLS Automação Comercial Atualizada com sucesso !
[2025-07-17T04:30:36.200+0000] {logging_mixin.py:188} INFO - Revenda Jinsei Contabilidade Atualizada com sucesso !
[2025-07-17T04:30:36.476+0000] {logging_mixin.py:188} INFO - Revenda JJ Serviços Atualizada com sucesso !
[2025-07-17T04:30:36.752+0000] {logging_mixin.py:188} INFO - Revenda JM Informatica Atualizada com sucesso !
[2025-07-17T04:30:37.027+0000] {logging_mixin.py:188} INFO - Revenda JP Automação Comercial Atualizada com sucesso !
[2025-07-17T04:30:37.302+0000] {logging_mixin.py:188} INFO - Revenda JSR Automação Comercial  Atualizada com sucesso !
[2025-07-17T04:30:37.578+0000] {logging_mixin.py:188} INFO - Revenda Kernel Sistemas Atualizada com sucesso !
[2025-07-17T04:30:37.853+0000] {logging_mixin.py:188} INFO - Revenda KMCI Tecnologia em Automação Atualizada com sucesso !
[2025-07-17T04:30:38.128+0000] {logging_mixin.py:188} INFO - Revenda Komputronic do Brasil Atualizada com sucesso !
[2025-07-17T04:30:38.403+0000] {logging_mixin.py:188} INFO - Revenda KSC Sistemas Atualizada com sucesso !
[2025-07-17T04:30:38.679+0000] {logging_mixin.py:188} INFO - Revenda L&D Comercio e Tecnologia Atualizada com sucesso !
[2025-07-17T04:30:38.958+0000] {logging_mixin.py:188} INFO - Revenda LD Tech Atualizada com sucesso !
[2025-07-17T04:30:39.234+0000] {logging_mixin.py:188} INFO - Revenda LF Sistemas Atualizada com sucesso !
[2025-07-17T04:30:39.509+0000] {logging_mixin.py:188} INFO - Revenda LiderTech Atualizada com sucesso !
[2025-07-17T04:30:39.785+0000] {logging_mixin.py:188} INFO - Revenda Life Sistemas  Atualizada com sucesso !
[2025-07-17T04:30:40.068+0000] {logging_mixin.py:188} INFO - Revenda LL Tecnologia Atualizada com sucesso !
[2025-07-17T04:30:40.343+0000] {logging_mixin.py:188} INFO - Revenda LMD Sistemas Atualizada com sucesso !
[2025-07-17T04:30:40.617+0000] {logging_mixin.py:188} INFO - Revenda Logitec 2000 Informatica Atualizada com sucesso !
[2025-07-17T04:30:40.892+0000] {logging_mixin.py:188} INFO - Revenda Macmos Atualizada com sucesso !
[2025-07-17T04:30:41.170+0000] {logging_mixin.py:188} INFO - Revenda Mape Informatica Atualizada com sucesso !
[2025-07-17T04:30:41.447+0000] {logging_mixin.py:188} INFO - Revenda Marcka Informática e Sistemas Atualizada com sucesso !
[2025-07-17T04:30:41.723+0000] {logging_mixin.py:188} INFO - Revenda Matechinfo Atualizada com sucesso !
[2025-07-17T04:30:41.997+0000] {logging_mixin.py:188} INFO - Revenda MB Tecnologia Atualizada com sucesso !
[2025-07-17T04:30:42.274+0000] {logging_mixin.py:188} INFO - Revenda MC2 Tecnologia Atualizada com sucesso !
[2025-07-17T04:30:42.548+0000] {logging_mixin.py:188} INFO - Revenda MCR Sistemas (RS-AMX) Atualizada com sucesso !
[2025-07-17T04:30:42.823+0000] {logging_mixin.py:188} INFO - Revenda MD Tech Automação Atualizada com sucesso !
[2025-07-17T04:30:43.098+0000] {logging_mixin.py:188} INFO - Revenda Megasoft Informatica Atualizada com sucesso !
[2025-07-17T04:30:43.374+0000] {logging_mixin.py:188} INFO - Revenda Mercantec Soluções Atualizada com sucesso !
[2025-07-17T04:30:43.649+0000] {logging_mixin.py:188} INFO - Revenda Mikrox "Somadatta" Atualizada com sucesso !
[2025-07-17T04:30:43.926+0000] {logging_mixin.py:188} INFO - Revenda M. Nobre (Terabyte) Atualizada com sucesso !
[2025-07-17T04:30:44.201+0000] {logging_mixin.py:188} INFO - Revenda MRsis Automação Atualizada com sucesso !
[2025-07-17T04:30:44.477+0000] {logging_mixin.py:188} INFO - Revenda M&R Soluções - Grupo ATL Atualizada com sucesso !
[2025-07-17T04:30:44.753+0000] {logging_mixin.py:188} INFO - Revenda Multi Soft Atualizada com sucesso !
[2025-07-17T04:30:45.028+0000] {logging_mixin.py:188} INFO - Revenda NewCompras.com.br Atualizada com sucesso !
[2025-07-17T04:30:45.306+0000] {logging_mixin.py:188} INFO - Revenda NEWTEF Automação Atualizada com sucesso !
[2025-07-17T04:30:45.582+0000] {logging_mixin.py:188} INFO - Revenda Next Store Atualizada com sucesso !
[2025-07-17T04:30:45.861+0000] {logging_mixin.py:188} INFO - Revenda Nova Loja Atualizada com sucesso !
[2025-07-17T04:30:46.138+0000] {logging_mixin.py:188} INFO - Revenda NovaPC Atualizada com sucesso !
[2025-07-17T04:30:46.417+0000] {logging_mixin.py:188} INFO - Revenda Optimus - Gestão Atualizada com sucesso !
[2025-07-17T04:30:46.693+0000] {logging_mixin.py:188} INFO - Revenda Otimizer Consultoria em Sistemas Atualizada com sucesso !
[2025-07-17T04:30:46.970+0000] {logging_mixin.py:188} INFO - Revenda Otimize Soluções Atualizada com sucesso !
[2025-07-17T04:30:47.248+0000] {logging_mixin.py:188} INFO - Revenda P21 Software Atualizada com sucesso !
[2025-07-17T04:30:47.526+0000] {logging_mixin.py:188} INFO - Revenda PALM Soluções Atualizada com sucesso !
[2025-07-17T04:30:47.801+0000] {logging_mixin.py:188} INFO - Revenda Parceria Informatica Atualizada com sucesso !
[2025-07-17T04:30:48.077+0000] {logging_mixin.py:188} INFO - Revenda PDV Automação Atualizada com sucesso !
[2025-07-17T04:30:48.352+0000] {logging_mixin.py:188} INFO - Revenda PEG Informatica Atualizada com sucesso !
[2025-07-17T04:30:48.627+0000] {logging_mixin.py:188} INFO - Revenda Piramide Automação e Informatica Atualizada com sucesso !
[2025-07-17T04:30:48.903+0000] {logging_mixin.py:188} INFO - Revenda Plus Solutions Atualizada com sucesso !
[2025-07-17T04:30:49.176+0000] {logging_mixin.py:188} INFO - Revenda Ponte Atualizada com sucesso !
[2025-07-17T04:30:49.454+0000] {logging_mixin.py:188} INFO - Revenda Pratic Informática Atualizada com sucesso !
[2025-07-17T04:30:49.729+0000] {logging_mixin.py:188} INFO - Revenda PROFISC - Consultoria  Atualizada com sucesso !
[2025-07-17T04:30:50.005+0000] {logging_mixin.py:188} INFO - Revenda Pryamos Atualizada com sucesso !
[2025-07-17T04:30:50.280+0000] {logging_mixin.py:188} INFO - Revenda Quality Automação e Recargas Atualizada com sucesso !
[2025-07-17T04:30:50.556+0000] {logging_mixin.py:188} INFO - Revenda Rafah Soluções em Sistema Atualizada com sucesso !
[2025-07-17T04:30:50.832+0000] {logging_mixin.py:188} INFO - Revenda RC Automação Atualizada com sucesso !
[2025-07-17T04:30:51.108+0000] {logging_mixin.py:188} INFO - Revenda RCM Tecnologia Atualizada com sucesso !
[2025-07-17T04:30:51.384+0000] {logging_mixin.py:188} INFO - Revenda RedeEllo Atualizada com sucesso !
[2025-07-17T04:30:51.659+0000] {logging_mixin.py:188} INFO - Revenda Rieger Consultoria e Serviços  Atualizada com sucesso !
[2025-07-17T04:30:51.953+0000] {logging_mixin.py:188} INFO - Revenda RKS Tecnologia Atualizada com sucesso !
[2025-07-17T04:30:52.229+0000] {logging_mixin.py:188} INFO - Revenda Rondoniatec Sistemas e Soluções Atualizada com sucesso !
[2025-07-17T04:30:52.504+0000] {logging_mixin.py:188} INFO - Revenda Royal Ti Atualizada com sucesso !
[2025-07-17T04:30:52.779+0000] {logging_mixin.py:188} INFO - Revenda RPD Tech Soluções em T.I. Atualizada com sucesso !
[2025-07-17T04:30:53.054+0000] {logging_mixin.py:188} INFO - Revenda RPDV Soluções em Tecnologia Atualizada com sucesso !
[2025-07-17T04:30:53.328+0000] {logging_mixin.py:188} INFO - Revenda RS Informatica Atualizada com sucesso !
[2025-07-17T04:30:53.603+0000] {logging_mixin.py:188} INFO - Revenda Rtek Atualizada com sucesso !
[2025-07-17T04:30:53.877+0000] {logging_mixin.py:188} INFO - Revenda SDN Sistemas de Gestão Atualizada com sucesso !
[2025-07-17T04:30:54.151+0000] {logging_mixin.py:188} INFO - Revenda Seed Tecnologia Atualizada com sucesso !
[2025-07-17T04:30:54.424+0000] {logging_mixin.py:188} INFO - Revenda Shopseg Sistemas Atualizada com sucesso !
[2025-07-17T04:30:54.699+0000] {logging_mixin.py:188} INFO - Revenda Sig Sistemas Corporativos Atualizada com sucesso !
[2025-07-17T04:30:54.972+0000] {logging_mixin.py:188} INFO - Revenda Sistech Sistemas Atualizada com sucesso !
[2025-07-17T04:30:55.246+0000] {logging_mixin.py:188} INFO - Revenda Sistema Completo Atualizada com sucesso !
[2025-07-17T04:30:55.518+0000] {logging_mixin.py:188} INFO - Revenda Sistema Uniplus - Vitória da Conquista Atualizada com sucesso !
[2025-07-17T04:30:55.791+0000] {logging_mixin.py:188} INFO - Revenda Skill Automação Comercial Atualizada com sucesso !
[2025-07-17T04:30:56.067+0000] {logging_mixin.py:188} INFO - Revenda SM10 Sistemas de Gestão e Automação Comercial  (AM10) Atualizada com sucesso !
[2025-07-17T04:30:56.342+0000] {logging_mixin.py:188} INFO - Revenda Smith Tecnologias Atualizada com sucesso !
[2025-07-17T04:30:56.616+0000] {logging_mixin.py:188} INFO - Revenda SMQ Tecnologia Atualizada com sucesso !
[2025-07-17T04:30:56.891+0000] {logging_mixin.py:188} INFO - Revenda Softech Tecnologia Atualizada com sucesso !
[2025-07-17T04:30:57.169+0000] {logging_mixin.py:188} INFO - Revenda SoftGadol Atualizada com sucesso !
[2025-07-17T04:30:57.444+0000] {logging_mixin.py:188} INFO - Revenda Softkore Atualizada com sucesso !
[2025-07-17T04:30:57.720+0000] {logging_mixin.py:188} INFO - Revenda Softmaq Tecnologia Atualizada com sucesso !
[2025-07-17T04:30:57.999+0000] {logging_mixin.py:188} INFO - Revenda Softpollus Atualizada com sucesso !
[2025-07-17T04:30:58.283+0000] {logging_mixin.py:188} INFO - Revenda Solem Tecnologia Atualizada com sucesso !
[2025-07-17T04:30:58.559+0000] {logging_mixin.py:188} INFO - Revenda Sonaglio Automação Atualizada com sucesso !
[2025-07-17T04:30:58.833+0000] {logging_mixin.py:188} INFO - Revenda Sonsun Atualizada com sucesso !
[2025-07-17T04:30:59.112+0000] {logging_mixin.py:188} INFO - Revenda Sophos Projetos Atualizada com sucesso !
[2025-07-17T04:30:59.391+0000] {logging_mixin.py:188} INFO - Revenda Sparta Gestão e Contabilidade - DEOCLESYSTEM Atualizada com sucesso !
[2025-07-17T04:30:59.668+0000] {logging_mixin.py:188} INFO - Revenda Speed Automação Comercial Atualizada com sucesso !
[2025-07-17T04:30:59.943+0000] {logging_mixin.py:188} INFO - Revenda SS Informatica - Bahia Atualizada com sucesso !
[2025-07-17T04:31:00.251+0000] {logging_mixin.py:188} INFO - Revenda SS Informática - Maranhão Atualizada com sucesso !
[2025-07-17T04:31:00.526+0000] {logging_mixin.py:188} INFO - Revenda Syscom Sistemas Atualizada com sucesso !
[2025-07-17T04:31:00.802+0000] {logging_mixin.py:188} INFO - Revenda SYSFOUR - Intelligent Systems Atualizada com sucesso !
[2025-07-17T04:31:01.077+0000] {logging_mixin.py:188} INFO - Revenda System Bella Automação Comercial Atualizada com sucesso !
[2025-07-17T04:31:01.353+0000] {logging_mixin.py:188} INFO - Revenda TB Automação e Informática Atualizada com sucesso !
[2025-07-17T04:31:01.635+0000] {logging_mixin.py:188} INFO - Revenda TC Maquinas Atualizada com sucesso !
[2025-07-17T04:31:01.912+0000] {logging_mixin.py:188} INFO - Revenda Technoside Informatica Atualizada com sucesso !
[2025-07-17T04:31:02.187+0000] {logging_mixin.py:188} INFO - Revenda Tecmicro Informática Atualizada com sucesso !
[2025-07-17T04:31:02.462+0000] {logging_mixin.py:188} INFO - Revenda Tecnoinfo Atualizada com sucesso !
[2025-07-17T04:31:02.738+0000] {logging_mixin.py:188} INFO - Revenda TECSOLUTION Atualizada com sucesso !
[2025-07-17T04:31:03.013+0000] {logging_mixin.py:188} INFO - Revenda Tefcom Atualizada com sucesso !
[2025-07-17T04:31:03.290+0000] {logging_mixin.py:188} INFO - Revenda TFA Tecnologia e Soluções  Atualizada com sucesso !
[2025-07-17T04:31:03.568+0000] {logging_mixin.py:188} INFO - Revenda TI-Brasil Sistemas Atualizada com sucesso !
[2025-07-17T04:31:03.845+0000] {logging_mixin.py:188} INFO - Revenda Trends Solutions Atualizada com sucesso !
[2025-07-17T04:31:04.120+0000] {logging_mixin.py:188} INFO - Revenda TS TECH Atualizada com sucesso !
[2025-07-17T04:31:04.397+0000] {logging_mixin.py:188} INFO - Revenda Unisoft Sistemas ** Hardtech Atualizada com sucesso !
[2025-07-17T04:31:04.673+0000] {logging_mixin.py:188} INFO - Revenda Unitek Soluções Atualizada com sucesso !
[2025-07-17T04:31:04.949+0000] {logging_mixin.py:188} INFO - Revenda Uniup Sistema - Automação e CFTV Atualizada com sucesso !
[2025-07-17T04:31:05.226+0000] {logging_mixin.py:188} INFO - Revenda Universal Automação Comercial  Atualizada com sucesso !
[2025-07-17T04:31:05.501+0000] {logging_mixin.py:188} INFO - Revenda Universo Sistemas Atualizada com sucesso !
[2025-07-17T04:31:05.777+0000] {logging_mixin.py:188} INFO - Revenda VGI TECHNOLOGY Atualizada com sucesso !
[2025-07-17T04:31:06.053+0000] {logging_mixin.py:188} INFO - Revenda Via Nova Soluções em Tecnologia Atualizada com sucesso !
[2025-07-17T04:31:06.329+0000] {logging_mixin.py:188} INFO - Revenda Virtual Informatica_MG Atualizada com sucesso !
[2025-07-17T04:31:06.605+0000] {logging_mixin.py:188} INFO - Revenda Virtual Sistemas_SC Atualizada com sucesso !
[2025-07-17T04:31:06.880+0000] {logging_mixin.py:188} INFO - Revenda VPN Solucoes em Informatica Atualizada com sucesso !
[2025-07-17T04:31:07.158+0000] {logging_mixin.py:188} INFO - Revenda Vzan Automação Comercial Atualizada com sucesso !
[2025-07-17T04:31:07.433+0000] {logging_mixin.py:188} INFO - Revenda W C Sistemas Atualizada com sucesso !
[2025-07-17T04:31:07.708+0000] {logging_mixin.py:188} INFO - Revenda WGE informatica Atualizada com sucesso !
[2025-07-17T04:31:07.983+0000] {logging_mixin.py:188} INFO - Revenda WMX Soluções em Tecnologia Atualizada com sucesso !
[2025-07-17T04:31:08.259+0000] {logging_mixin.py:188} INFO - Revenda X1 Automação Atualizada com sucesso !
[2025-07-17T04:31:08.398+0000] {python.py:201} INFO - Done. Returned value was: None
[2025-07-17T04:31:08.423+0000] {taskinstance.py:1138} INFO - Marking task as SUCCESS. dag_id=DAG_atualizacao_cadastral_revendas, task_id=insert_database, execution_date=20250716T043000, start_date=20250717T043007, end_date=20250717T043108
[2025-07-17T04:31:08.547+0000] {local_task_job_runner.py:234} INFO - Task exited with return code 0
[2025-07-17T04:31:08.577+0000] {taskinstance.py:3280} INFO - 0 downstream tasks scheduled from follow-on schedule check
