[2025-06-23T04:30:05.067+0000] {taskinstance.py:1956} INFO - Dependencies all met for dep_context=non-requeueable deps ti=<TaskInstance: DAG_atualizacao_cadastral_revendas.organized_response_database scheduled__2025-06-22T04:30:00+00:00 [queued]>
[2025-06-23T04:30:05.084+0000] {taskinstance.py:1956} INFO - Dependencies all met for dep_context=requeueable deps ti=<TaskInstance: DAG_atualizacao_cadastral_revendas.organized_response_database scheduled__2025-06-22T04:30:00+00:00 [queued]>
[2025-06-23T04:30:05.085+0000] {taskinstance.py:2170} INFO - Starting attempt 1 of 1
[2025-06-23T04:30:05.124+0000] {taskinstance.py:2191} INFO - Executing <Task(PythonOperator): organized_response_database> on 2025-06-22 04:30:00+00:00
[2025-06-23T04:30:05.132+0000] {standard_task_runner.py:60} INFO - Started process 126693 to run task
[2025-06-23T04:30:05.146+0000] {standard_task_runner.py:87} INFO - Running: ['***', 'tasks', 'run', 'DAG_atualizacao_cadastral_revendas', 'organized_response_database', 'scheduled__2025-06-22T04:30:00+00:00', '--job-id', '103', '--raw', '--subdir', 'DAGS_FOLDER/DagDatasetComercial.py', '--cfg-path', '/tmp/tmpa0649_lg']
[2025-06-23T04:30:05.152+0000] {standard_task_runner.py:88} INFO - Job 103: Subtask organized_response_database
[2025-06-23T04:30:05.271+0000] {task_command.py:423} INFO - Running <TaskInstance: DAG_atualizacao_cadastral_revendas.organized_response_database scheduled__2025-06-22T04:30:00+00:00 [running]> on host 99f5714845f7
[2025-06-23T04:30:05.493+0000] {taskinstance.py:2480} INFO - Exporting env vars: AIRFLOW_CTX_DAG_OWNER='***' AIRFLOW_CTX_DAG_ID='DAG_atualizacao_cadastral_revendas' AIRFLOW_CTX_TASK_ID='organized_response_database' AIRFLOW_CTX_EXECUTION_DATE='2025-06-22T04:30:00+00:00' AIRFLOW_CTX_TRY_NUMBER='1' AIRFLOW_CTX_DAG_RUN_ID='scheduled__2025-06-22T04:30:00+00:00'
[2025-06-23T04:30:06.857+0000] {logging_mixin.py:188} INFO - Revenda A7 Soluções organizada com sucesso !
[2025-06-23T04:30:08.265+0000] {logging_mixin.py:188} INFO - Revenda AB Soluções em TI organizada com sucesso !
[2025-06-23T04:30:09.686+0000] {logging_mixin.py:188} INFO - Revenda Adonai Automação Comercial organizada com sucesso !
[2025-06-23T04:30:11.039+0000] {logging_mixin.py:188} INFO - Revenda ADV SIG organizada com sucesso !
[2025-06-23T04:30:12.440+0000] {logging_mixin.py:188} INFO - Revenda A e A Dist. de Informática - Softart organizada com sucesso !
[2025-06-23T04:30:13.856+0000] {logging_mixin.py:188} INFO - Revenda Af Suporte organizada com sucesso !
[2025-06-23T04:30:15.176+0000] {logging_mixin.py:188} INFO - Revenda Agedata Sistemas organizada com sucesso !
[2025-06-23T04:30:16.909+0000] {logging_mixin.py:188} INFO - Revenda AIO Solucoes organizada com sucesso !
[2025-06-23T04:30:18.553+0000] {logging_mixin.py:188} INFO - Revenda AllTecInfo organizada com sucesso !
[2025-06-23T04:30:19.872+0000] {logging_mixin.py:188} INFO - Revenda Alpha Systemas e informática organizada com sucesso !
[2025-06-23T04:30:21.312+0000] {logging_mixin.py:188} INFO - Revenda Alternativa Automação Comercial organizada com sucesso !
[2025-06-23T04:30:22.734+0000] {logging_mixin.py:188} INFO - Revenda Amigo do Micro organizada com sucesso !
[2025-06-23T04:30:23.202+0000] {logging_mixin.py:188} INFO - Revenda AND Consultores Associados organizada com sucesso !
[2025-06-23T04:30:24.426+0000] {logging_mixin.py:188} INFO - Revenda APRN Soluções organizada com sucesso !
[2025-06-23T04:30:25.837+0000] {logging_mixin.py:188} INFO - Revenda Ary Sistemas de Gestão e Informatica (RNS) organizada com sucesso !
[2025-06-23T04:30:27.133+0000] {logging_mixin.py:188} INFO - Revenda Asteqesystem organizada com sucesso !
[2025-06-23T04:30:28.477+0000] {logging_mixin.py:188} INFO - Revenda Atrium Sistemas organizada com sucesso !
[2025-06-23T04:30:30.276+0000] {logging_mixin.py:188} INFO - Revenda Automac Digitron organizada com sucesso !
[2025-06-23T04:30:31.612+0000] {logging_mixin.py:188} INFO - Revenda Automaquinas - Automação Comercial organizada com sucesso !
[2025-06-23T04:30:33.273+0000] {logging_mixin.py:188} INFO - Revenda Autosyste Tecnologia e Inovação organizada com sucesso !
[2025-06-23T04:30:34.672+0000] {logging_mixin.py:188} INFO - Revenda Autotech Informática organizada com sucesso !
[2025-06-23T04:30:36.163+0000] {logging_mixin.py:188} INFO - Revenda Bellabyte organizada com sucesso !
[2025-06-23T04:30:37.416+0000] {logging_mixin.py:188} INFO - Revenda Bitech organizada com sucesso !
[2025-06-23T04:30:38.672+0000] {logging_mixin.py:188} INFO - Revenda Boldtsoft Sistemas organizada com sucesso !
[2025-06-23T04:30:39.963+0000] {logging_mixin.py:188} INFO - Revenda BRAZ TI organizada com sucesso !
[2025-06-23T04:30:41.493+0000] {logging_mixin.py:188} INFO - Revenda Brusoft Informatica organizada com sucesso !
[2025-06-23T04:30:42.738+0000] {logging_mixin.py:188} INFO - Revenda Brvatech organizada com sucesso !
[2025-06-23T04:30:44.502+0000] {logging_mixin.py:188} INFO - Revenda Canal Tecnico (Lumi) organizada com sucesso !
[2025-06-23T04:30:45.746+0000] {logging_mixin.py:188} INFO - Revenda Casa das Impressoras organizada com sucesso !
[2025-06-23T04:30:47.147+0000] {logging_mixin.py:188} INFO - Revenda CASTERS organizada com sucesso !
[2025-06-23T04:30:48.395+0000] {logging_mixin.py:188} INFO - Revenda Centec Equipamentos organizada com sucesso !
[2025-06-23T04:30:49.921+0000] {logging_mixin.py:188} INFO - Revenda CK Tech Consultoria organizada com sucesso !
[2025-06-23T04:30:51.405+0000] {logging_mixin.py:188} INFO - Revenda Compass Tecnologia da Informação organizada com sucesso !
[2025-06-23T04:30:52.642+0000] {logging_mixin.py:188} INFO - Revenda Compucenter Software organizada com sucesso !
[2025-06-23T04:30:53.114+0000] {logging_mixin.py:188} INFO - Revenda Conexão Informática Ltda organizada com sucesso !
[2025-06-23T04:30:54.547+0000] {logging_mixin.py:188} INFO - Revenda Connect System Soluções em Tecnologia organizada com sucesso !
[2025-06-23T04:30:55.819+0000] {logging_mixin.py:188} INFO - Revenda Conte Certo Serviços organizada com sucesso !
[2025-06-23T04:30:57.267+0000] {logging_mixin.py:188} INFO - Revenda Control Biz organizada com sucesso !
[2025-06-23T04:30:58.618+0000] {logging_mixin.py:188} INFO - Revenda CTi - Centro Técnico de Informática organizada com sucesso !
[2025-06-23T04:30:59.989+0000] {logging_mixin.py:188} INFO - Revenda D&A Automação Comercial organizada com sucesso !
[2025-06-23T04:31:01.285+0000] {logging_mixin.py:188} INFO - Revenda DALTEC Automacao Comercial organizada com sucesso !
[2025-06-23T04:31:03.031+0000] {logging_mixin.py:188} INFO - Revenda DataConta Gestão de Negócios organizada com sucesso !
[2025-06-23T04:31:04.364+0000] {logging_mixin.py:188} INFO - Revenda Dataproxy organizada com sucesso !
[2025-06-23T04:31:05.829+0000] {logging_mixin.py:188} INFO - Revenda DCODER organizada com sucesso !
[2025-06-23T04:31:07.499+0000] {logging_mixin.py:188} INFO - Revenda D Data Soluções organizada com sucesso !
[2025-06-23T04:31:09.166+0000] {logging_mixin.py:188} INFO - Revenda DGTEC organizada com sucesso !
[2025-06-23T04:31:10.610+0000] {logging_mixin.py:188} INFO - Revenda Digito Informatica organizada com sucesso !
[2025-06-23T04:31:12.067+0000] {logging_mixin.py:188} INFO - Revenda Dikoc Soluções em Software organizada com sucesso !
[2025-06-23T04:31:13.340+0000] {logging_mixin.py:188} INFO - Revenda DMK Sistemas e Soluções - HSI organizada com sucesso !
[2025-06-23T04:31:14.982+0000] {logging_mixin.py:188} INFO - Revenda DMZ Informatica organizada com sucesso !
[2025-06-23T04:31:16.514+0000] {logging_mixin.py:188} INFO - Revenda Dolphin Consultoria organizada com sucesso !
[2025-06-23T04:31:19.468+0000] {logging_mixin.py:188} INFO - Revenda DSM Consultoria em T.I. organizada com sucesso !
[2025-06-23T04:31:21.051+0000] {logging_mixin.py:188} INFO - Revenda Duall Tech organizada com sucesso !
[2025-06-23T04:31:22.365+0000] {logging_mixin.py:188} INFO - Revenda DWH Comercio de Alimentos organizada com sucesso !
[2025-06-23T04:31:23.837+0000] {logging_mixin.py:188} INFO - Revenda Edcom Automação Comercial organizada com sucesso !
[2025-06-23T04:31:25.263+0000] {logging_mixin.py:188} INFO - Revenda Eleve Tecnologia organizada com sucesso !
[2025-06-23T04:31:26.689+0000] {logging_mixin.py:188} INFO - Revenda Emlink Solucoes Empresariais organizada com sucesso !
[2025-06-23T04:31:27.953+0000] {logging_mixin.py:188} INFO - Revenda Exatop Certificação Digital e Sistemas organizada com sucesso !
[2025-06-23T04:31:29.305+0000] {logging_mixin.py:188} INFO - Revenda Exodus Informática organizada com sucesso !
[2025-06-23T04:31:30.639+0000] {logging_mixin.py:188} INFO - Revenda Extrema Software de Gestão organizada com sucesso !
[2025-06-23T04:31:32.023+0000] {logging_mixin.py:188} INFO - Revenda F5 Suporte e Automacão Comercial organizada com sucesso !
[2025-06-23T04:31:33.264+0000] {logging_mixin.py:188} INFO - Revenda Facilita Sistemas organizada com sucesso !
[2025-06-23T04:31:33.725+0000] {logging_mixin.py:188} INFO - Revenda Facilsys organizada com sucesso !
[2025-06-23T04:31:35.234+0000] {logging_mixin.py:188} INFO - Revenda F & F Soluções Empresariais organizada com sucesso !
[2025-06-23T04:31:36.608+0000] {logging_mixin.py:188} INFO - Revenda FKSIS - Sistemas de Gestão organizada com sucesso !
[2025-06-23T04:31:38.181+0000] {logging_mixin.py:188} INFO - Revenda FlorySoftt organizada com sucesso !
[2025-06-23T04:31:39.537+0000] {logging_mixin.py:188} INFO - Revenda Fn Info House organizada com sucesso !
[2025-06-23T04:31:40.747+0000] {logging_mixin.py:188} INFO - Revenda FS Informatica organizada com sucesso !
[2025-06-23T04:31:42.648+0000] {logging_mixin.py:188} INFO - Revenda Fusion Sistemas e Informatica organizada com sucesso !
[2025-06-23T04:31:43.992+0000] {logging_mixin.py:188} INFO - Revenda Gilmaq Automação Comercial organizada com sucesso !
[2025-06-23T04:31:45.280+0000] {logging_mixin.py:188} INFO - Revenda GM Soluções em Informática organizada com sucesso !
[2025-06-23T04:31:46.662+0000] {logging_mixin.py:188} INFO - Revenda Grupo GUUW organizada com sucesso !
[2025-06-23T04:31:47.131+0000] {logging_mixin.py:188} INFO - Revenda Guaxutec organizada com sucesso !
[2025-06-23T04:31:48.561+0000] {logging_mixin.py:188} INFO - Revenda HSI Automação Comercial organizada com sucesso !
[2025-06-23T04:31:50.868+0000] {logging_mixin.py:188} INFO - Revenda HWC Soluções organizada com sucesso !
[2025-06-23T04:31:52.180+0000] {logging_mixin.py:188} INFO - Revenda I7 Automação Comercial organizada com sucesso !
[2025-06-23T04:31:53.496+0000] {logging_mixin.py:188} INFO - Revenda Ideal Soluções Empresariais organizada com sucesso !
[2025-06-23T04:31:54.765+0000] {logging_mixin.py:188} INFO - Revenda ID Tecnologia organizada com sucesso !
[2025-06-23T04:31:56.337+0000] {logging_mixin.py:188} INFO - Revenda IFFI Soluções organizada com sucesso !
[2025-06-23T04:31:59.156+0000] {logging_mixin.py:188} INFO - Revenda IG TEC organizada com sucesso !
[2025-06-23T04:32:00.380+0000] {logging_mixin.py:188} INFO - Revenda INFOPRINTER organizada com sucesso !
[2025-06-23T04:32:01.845+0000] {logging_mixin.py:188} INFO - Revenda INFORMIT organizada com sucesso !
[2025-06-23T04:32:03.312+0000] {logging_mixin.py:188} INFO - Revenda Infor Serviços organizada com sucesso !
[2025-06-23T04:32:04.719+0000] {logging_mixin.py:188} INFO - Revenda Infortec Automacao Comercial organizada com sucesso !
[2025-06-23T04:32:06.151+0000] {logging_mixin.py:188} INFO - Revenda Infotek organizada com sucesso !
[2025-06-23T04:32:07.437+0000] {logging_mixin.py:188} INFO - Revenda Innovati Tecnologia (INW Store) organizada com sucesso !
[2025-06-23T04:32:08.695+0000] {logging_mixin.py:188} INFO - Revenda Inova Software organizada com sucesso !
[2025-06-23T04:32:10.625+0000] {logging_mixin.py:188} INFO - Revenda Inspire Consult & Informatica  organizada com sucesso !
[2025-06-23T04:32:11.881+0000] {logging_mixin.py:188} INFO - Revenda Inteltix Tecnologia (Center) organizada com sucesso !
[2025-06-23T04:32:13.619+0000] {logging_mixin.py:188} INFO - Revenda J7 Automação Comercial - System HD organizada com sucesso !
[2025-06-23T04:32:15.157+0000] {logging_mixin.py:188} INFO - Revenda Jann Informatica organizada com sucesso !
[2025-06-23T04:32:16.505+0000] {logging_mixin.py:188} INFO - Revenda JB Tecnologia organizada com sucesso !
[2025-06-23T04:32:18.269+0000] {logging_mixin.py:188} INFO - Revenda J & E Soluções organizada com sucesso !
[2025-06-23T04:32:19.644+0000] {logging_mixin.py:188} INFO - Revenda JExpress organizada com sucesso !
[2025-06-23T04:32:21.388+0000] {logging_mixin.py:188} INFO - Revenda J F Soluções Informatica organizada com sucesso !
[2025-06-23T04:32:22.730+0000] {logging_mixin.py:188} INFO - Revenda J F Tech Tecnologia & Sistemas organizada com sucesso !
[2025-06-23T04:32:24.378+0000] {logging_mixin.py:188} INFO - Revenda JHLS Automação Comercial organizada com sucesso !
[2025-06-23T04:32:27.843+0000] {logging_mixin.py:188} INFO - Revenda Jinsei Contabilidade organizada com sucesso !
[2025-06-23T04:32:29.139+0000] {logging_mixin.py:188} INFO - Revenda JJ Serviços organizada com sucesso !
[2025-06-23T04:32:30.427+0000] {logging_mixin.py:188} INFO - Revenda JM Informatica organizada com sucesso !
[2025-06-23T04:32:31.712+0000] {logging_mixin.py:188} INFO - Revenda JP Automação Comercial organizada com sucesso !
[2025-06-23T04:32:33.331+0000] {logging_mixin.py:188} INFO - Revenda JSR Automação Comercial  organizada com sucesso !
[2025-06-23T04:32:34.586+0000] {logging_mixin.py:188} INFO - Revenda Kernel Sistemas organizada com sucesso !
[2025-06-23T04:32:38.385+0000] {logging_mixin.py:188} INFO - Revenda KMCI Tecnologia em Automação organizada com sucesso !
[2025-06-23T04:32:39.758+0000] {logging_mixin.py:188} INFO - Revenda Komputronic do Brasil organizada com sucesso !
[2025-06-23T04:32:41.087+0000] {logging_mixin.py:188} INFO - Revenda KSC Sistemas organizada com sucesso !
[2025-06-23T04:32:42.452+0000] {logging_mixin.py:188} INFO - Revenda L&D Comercio e Tecnologia organizada com sucesso !
[2025-06-23T04:32:44.315+0000] {logging_mixin.py:188} INFO - Revenda LD Tech organizada com sucesso !
[2025-06-23T04:32:45.644+0000] {logging_mixin.py:188} INFO - Revenda LF Sistemas organizada com sucesso !
[2025-06-23T04:32:46.936+0000] {logging_mixin.py:188} INFO - Revenda LiderTech organizada com sucesso !
[2025-06-23T04:32:48.218+0000] {logging_mixin.py:188} INFO - Revenda Life Sistemas  organizada com sucesso !
[2025-06-23T04:32:49.763+0000] {logging_mixin.py:188} INFO - Revenda LL Tecnologia organizada com sucesso !
[2025-06-23T04:32:51.462+0000] {logging_mixin.py:188} INFO - Revenda LMD Sistemas organizada com sucesso !
[2025-06-23T04:32:52.780+0000] {logging_mixin.py:188} INFO - Revenda Logitec 2000 Informatica organizada com sucesso !
[2025-06-23T04:32:54.188+0000] {logging_mixin.py:188} INFO - Revenda Macmos organizada com sucesso !
[2025-06-23T04:32:55.509+0000] {logging_mixin.py:188} INFO - Revenda Mape Informatica organizada com sucesso !
[2025-06-23T04:32:56.940+0000] {logging_mixin.py:188} INFO - Revenda Marcka Informática e Sistemas organizada com sucesso !
[2025-06-23T04:32:58.517+0000] {logging_mixin.py:188} INFO - Revenda Matechinfo organizada com sucesso !
[2025-06-23T04:32:59.875+0000] {logging_mixin.py:188} INFO - Revenda MB Tecnologia organizada com sucesso !
[2025-06-23T04:33:01.132+0000] {logging_mixin.py:188} INFO - Revenda MC2 Tecnologia organizada com sucesso !
[2025-06-23T04:33:02.416+0000] {logging_mixin.py:188} INFO - Revenda MCR Sistemas (RS-AMX) organizada com sucesso !
[2025-06-23T04:33:03.808+0000] {logging_mixin.py:188} INFO - Revenda MD Tech Automação organizada com sucesso !
[2025-06-23T04:33:05.265+0000] {logging_mixin.py:188} INFO - Revenda Megasoft Informatica organizada com sucesso !
[2025-06-23T04:33:06.597+0000] {logging_mixin.py:188} INFO - Revenda Mercantec Soluções organizada com sucesso !
[2025-06-23T04:33:07.867+0000] {logging_mixin.py:188} INFO - Revenda Mikrox "Somadatta" organizada com sucesso !
[2025-06-23T04:33:09.425+0000] {logging_mixin.py:188} INFO - Revenda M. Nobre (Terabyte) organizada com sucesso !
[2025-06-23T04:33:10.705+0000] {logging_mixin.py:188} INFO - Revenda MRsis Automação organizada com sucesso !
[2025-06-23T04:33:11.991+0000] {logging_mixin.py:188} INFO - Revenda M&R Soluções - Grupo ATL organizada com sucesso !
[2025-06-23T04:33:13.617+0000] {logging_mixin.py:188} INFO - Revenda Multi Soft organizada com sucesso !
[2025-06-23T04:33:15.000+0000] {logging_mixin.py:188} INFO - Revenda NewCompras.com.br organizada com sucesso !
[2025-06-23T04:33:16.357+0000] {logging_mixin.py:188} INFO - Revenda NEWTEF Automação organizada com sucesso !
[2025-06-23T04:33:17.641+0000] {logging_mixin.py:188} INFO - Revenda Next Store organizada com sucesso !
[2025-06-23T04:33:19.013+0000] {logging_mixin.py:188} INFO - Revenda Nova Loja organizada com sucesso !
[2025-06-23T04:33:20.579+0000] {logging_mixin.py:188} INFO - Revenda NovaPC organizada com sucesso !
[2025-06-23T04:33:21.944+0000] {logging_mixin.py:188} INFO - Revenda Optimus - Gestão organizada com sucesso !
[2025-06-23T04:33:24.532+0000] {logging_mixin.py:188} INFO - Revenda Otimizer Consultoria em Sistemas organizada com sucesso !
[2025-06-23T04:33:25.007+0000] {logging_mixin.py:188} INFO - Revenda Otimize Soluções organizada com sucesso !
[2025-06-23T04:33:26.358+0000] {logging_mixin.py:188} INFO - Revenda P21 Software organizada com sucesso !
[2025-06-23T04:33:27.600+0000] {logging_mixin.py:188} INFO - Revenda PALM Soluções organizada com sucesso !
[2025-06-23T04:33:29.008+0000] {logging_mixin.py:188} INFO - Revenda Parceria Informatica organizada com sucesso !
[2025-06-23T04:33:30.571+0000] {logging_mixin.py:188} INFO - Revenda PDV Automação organizada com sucesso !
[2025-06-23T04:33:32.044+0000] {logging_mixin.py:188} INFO - Revenda PEG Informatica organizada com sucesso !
[2025-06-23T04:33:32.506+0000] {logging_mixin.py:188} INFO - Revenda Piramide Automação e Informatica organizada com sucesso !
[2025-06-23T04:33:34.075+0000] {logging_mixin.py:188} INFO - Revenda Plus Solutions organizada com sucesso !
[2025-06-23T04:33:35.234+0000] {logging_mixin.py:188} INFO - Revenda Ponte organizada com sucesso !
[2025-06-23T04:33:36.350+0000] {logging_mixin.py:188} INFO - Revenda Pratic Informática organizada com sucesso !
[2025-06-23T04:33:37.546+0000] {logging_mixin.py:188} INFO - Revenda PROFISC - Consultoria  organizada com sucesso !
[2025-06-23T04:33:37.999+0000] {logging_mixin.py:188} INFO - Erro no get_geolocalization: Expecting value: line 1 column 1 (char 0)
[2025-06-23T04:33:38.002+0000] {logging_mixin.py:188} INFO - Revenda Pryamos organizada com sucesso !
[2025-06-23T04:33:39.173+0000] {logging_mixin.py:188} INFO - Revenda Quality Automação e Recargas organizada com sucesso !
[2025-06-23T04:33:40.496+0000] {logging_mixin.py:188} INFO - Revenda Rafah Soluções em Sistema organizada com sucesso !
[2025-06-23T04:33:41.685+0000] {logging_mixin.py:188} INFO - Revenda RC Automação organizada com sucesso !
[2025-06-23T04:33:42.874+0000] {logging_mixin.py:188} INFO - Revenda RCM Tecnologia organizada com sucesso !
[2025-06-23T04:33:44.052+0000] {logging_mixin.py:188} INFO - Revenda RedeEllo organizada com sucesso !
[2025-06-23T04:33:45.244+0000] {logging_mixin.py:188} INFO - Revenda Rieger Consultoria e Serviços  organizada com sucesso !
[2025-06-23T04:33:46.469+0000] {logging_mixin.py:188} INFO - Revenda RKS Tecnologia organizada com sucesso !
[2025-06-23T04:33:47.817+0000] {logging_mixin.py:188} INFO - Revenda Rondoniatec Sistemas e Soluções organizada com sucesso !
[2025-06-23T04:33:49.165+0000] {logging_mixin.py:188} INFO - Revenda Royal Ti organizada com sucesso !
[2025-06-23T04:33:50.352+0000] {logging_mixin.py:188} INFO - Revenda RPD Tech Soluções em T.I. organizada com sucesso !
[2025-06-23T04:33:51.584+0000] {logging_mixin.py:188} INFO - Revenda RPDV Soluções em Tecnologia organizada com sucesso !
[2025-06-23T04:33:52.746+0000] {logging_mixin.py:188} INFO - Revenda RS Informatica organizada com sucesso !
[2025-06-23T04:33:53.939+0000] {logging_mixin.py:188} INFO - Revenda Rtek organizada com sucesso !
[2025-06-23T04:33:55.098+0000] {logging_mixin.py:188} INFO - Revenda SDN Sistemas de Gestão organizada com sucesso !
[2025-06-23T04:33:57.361+0000] {logging_mixin.py:188} INFO - Revenda Seed Tecnologia organizada com sucesso !
[2025-06-23T04:33:58.562+0000] {logging_mixin.py:188} INFO - Revenda Shopseg Sistemas organizada com sucesso !
[2025-06-23T04:33:59.761+0000] {logging_mixin.py:188} INFO - Revenda Sig Sistemas Corporativos organizada com sucesso !
[2025-06-23T04:34:01.057+0000] {logging_mixin.py:188} INFO - Revenda Sistech Sistemas organizada com sucesso !
[2025-06-23T04:34:02.260+0000] {logging_mixin.py:188} INFO - Revenda Sistema Completo organizada com sucesso !
[2025-06-23T04:34:03.656+0000] {logging_mixin.py:188} INFO - Revenda Sistema Uniplus - Vitória da Conquista organizada com sucesso !
[2025-06-23T04:34:04.138+0000] {logging_mixin.py:188} INFO - Revenda Skill Automação Comercial organizada com sucesso !
[2025-06-23T04:34:05.348+0000] {logging_mixin.py:188} INFO - Revenda SM10 Sistemas de Gestão e Automação Comercial  (AM10) organizada com sucesso !
[2025-06-23T04:34:06.560+0000] {logging_mixin.py:188} INFO - Revenda Smith Tecnologias organizada com sucesso !
[2025-06-23T04:34:07.795+0000] {logging_mixin.py:188} INFO - Revenda SMQ Tecnologia organizada com sucesso !
[2025-06-23T04:34:09.007+0000] {logging_mixin.py:188} INFO - Revenda Softech Tecnologia organizada com sucesso !
[2025-06-23T04:34:10.213+0000] {logging_mixin.py:188} INFO - Revenda SoftGadol organizada com sucesso !
[2025-06-23T04:34:11.389+0000] {logging_mixin.py:188} INFO - Revenda Softkore organizada com sucesso !
[2025-06-23T04:34:12.595+0000] {logging_mixin.py:188} INFO - Revenda Softmaq organizada com sucesso !
[2025-06-23T04:34:13.915+0000] {logging_mixin.py:188} INFO - Revenda Solem Tecnologia organizada com sucesso !
[2025-06-23T04:34:14.386+0000] {logging_mixin.py:188} INFO - Revenda Sonaglio Automação organizada com sucesso !
[2025-06-23T04:34:15.554+0000] {logging_mixin.py:188} INFO - Revenda Sonsun organizada com sucesso !
[2025-06-23T04:34:16.751+0000] {logging_mixin.py:188} INFO - Revenda Sophos Projetos organizada com sucesso !
[2025-06-23T04:34:17.935+0000] {logging_mixin.py:188} INFO - Revenda Sparta Gestão e Contabilidade - DEOCLESYSTEM organizada com sucesso !
[2025-06-23T04:34:19.139+0000] {logging_mixin.py:188} INFO - Revenda Speed Automação Comercial organizada com sucesso !
[2025-06-23T04:34:20.376+0000] {logging_mixin.py:188} INFO - Revenda SS Informatica - Bahia organizada com sucesso !
[2025-06-23T04:34:21.747+0000] {logging_mixin.py:188} INFO - Revenda SS Informática - Maranhão organizada com sucesso !
[2025-06-23T04:34:22.920+0000] {logging_mixin.py:188} INFO - Revenda Syscom Sistemas organizada com sucesso !
[2025-06-23T04:34:24.148+0000] {logging_mixin.py:188} INFO - Revenda SYSFOUR - Intelligent Systems organizada com sucesso !
[2025-06-23T04:34:24.633+0000] {logging_mixin.py:188} INFO - Revenda System Bella Automação Comercial organizada com sucesso !
[2025-06-23T04:34:25.826+0000] {logging_mixin.py:188} INFO - Revenda TB Automação e Informática organizada com sucesso !
[2025-06-23T04:34:26.999+0000] {logging_mixin.py:188} INFO - Revenda TC Maquinas organizada com sucesso !
[2025-06-23T04:34:28.170+0000] {logging_mixin.py:188} INFO - Revenda Technoside Informatica organizada com sucesso !
[2025-06-23T04:34:29.417+0000] {logging_mixin.py:188} INFO - Revenda Tecmicro Informática organizada com sucesso !
[2025-06-23T04:34:30.695+0000] {logging_mixin.py:188} INFO - Revenda Tecnoinfo organizada com sucesso !
[2025-06-23T04:34:32.014+0000] {logging_mixin.py:188} INFO - Revenda TECSOLUTION organizada com sucesso !
[2025-06-23T04:34:33.302+0000] {logging_mixin.py:188} INFO - Revenda Tefcom organizada com sucesso !
[2025-06-23T04:34:34.539+0000] {logging_mixin.py:188} INFO - Revenda TFA Tecnologia e Soluções  organizada com sucesso !
[2025-06-23T04:34:35.756+0000] {logging_mixin.py:188} INFO - Revenda TI-Brasil Sistemas organizada com sucesso !
[2025-06-23T04:34:37.158+0000] {logging_mixin.py:188} INFO - Revenda Trends Solutions organizada com sucesso !
[2025-06-23T04:34:38.302+0000] {logging_mixin.py:188} INFO - Revenda TS TECH organizada com sucesso !
[2025-06-23T04:34:39.499+0000] {logging_mixin.py:188} INFO - Revenda Unisoft Sistemas ** Hardtech organizada com sucesso !
[2025-06-23T04:34:40.700+0000] {logging_mixin.py:188} INFO - Revenda Unitek Soluções organizada com sucesso !
[2025-06-23T04:34:42.071+0000] {logging_mixin.py:188} INFO - Revenda Uniup Sistema - Automação e CFTV organizada com sucesso !
[2025-06-23T04:34:43.217+0000] {logging_mixin.py:188} INFO - Revenda Universal Automação Comercial  organizada com sucesso !
[2025-06-23T04:34:44.550+0000] {logging_mixin.py:188} INFO - Revenda Universo Sistemas organizada com sucesso !
[2025-06-23T04:34:45.799+0000] {logging_mixin.py:188} INFO - Revenda Valor Tecnologia organizada com sucesso !
[2025-06-23T04:34:46.979+0000] {logging_mixin.py:188} INFO - Revenda VGI TECHNOLOGY organizada com sucesso !
[2025-06-23T04:34:48.269+0000] {logging_mixin.py:188} INFO - Revenda Via Nova Soluções em Tecnologia organizada com sucesso !
[2025-06-23T04:34:49.434+0000] {logging_mixin.py:188} INFO - Revenda Virtual Informatica_MG organizada com sucesso !
[2025-06-23T04:34:51.337+0000] {logging_mixin.py:188} INFO - Revenda Virtual Sistemas_SC organizada com sucesso !
[2025-06-23T04:34:52.888+0000] {logging_mixin.py:188} INFO - Revenda VPN Solucoes em Informatica organizada com sucesso !
[2025-06-23T04:34:54.118+0000] {logging_mixin.py:188} INFO - Revenda Vzan Automação Comercial organizada com sucesso !
[2025-06-23T04:34:55.301+0000] {logging_mixin.py:188} INFO - Revenda Walltech Informatica organizada com sucesso !
[2025-06-23T04:34:56.548+0000] {logging_mixin.py:188} INFO - Revenda W C Sistemas organizada com sucesso !
[2025-06-23T04:34:57.778+0000] {logging_mixin.py:188} INFO - Revenda WGE informatica organizada com sucesso !
[2025-06-23T04:34:58.996+0000] {logging_mixin.py:188} INFO - Revenda WMX Soluções em Tecnologia organizada com sucesso !
[2025-06-23T04:35:00.222+0000] {logging_mixin.py:188} INFO - Revenda X1 Automação organizada com sucesso !
[2025-06-23T04:35:00.283+0000] {python.py:201} INFO - Done. Returned value was: None
[2025-06-23T04:35:00.314+0000] {taskinstance.py:1138} INFO - Marking task as SUCCESS. dag_id=DAG_atualizacao_cadastral_revendas, task_id=organized_response_database, execution_date=20250622T043000, start_date=20250623T043005, end_date=20250623T043500
[2025-06-23T04:35:00.370+0000] {local_task_job_runner.py:234} INFO - Task exited with return code 0
[2025-06-23T04:35:00.404+0000] {taskinstance.py:3280} INFO - 1 downstream tasks scheduled from follow-on schedule check
