[2025-07-22T01:35:06.035+0000] {taskinstance.py:1956} INFO - Dependencies all met for dep_context=non-requeueable deps ti=<TaskInstance: DAG_atualizacao_financeiro_intelidata.executar_query_gnio scheduled__2025-07-21T01:30:00+00:00 [queued]>
[2025-07-22T01:35:06.051+0000] {taskinstance.py:1956} INFO - Dependencies all met for dep_context=requeueable deps ti=<TaskInstance: DAG_atualizacao_financeiro_intelidata.executar_query_gnio scheduled__2025-07-21T01:30:00+00:00 [queued]>
[2025-07-22T01:35:06.052+0000] {taskinstance.py:2170} INFO - Starting attempt 2 of 2
[2025-07-22T01:35:06.115+0000] {taskinstance.py:2191} INFO - Executing <Task(PythonOperator): executar_query_gnio> on 2025-07-21 01:30:00+00:00
[2025-07-22T01:35:06.124+0000] {standard_task_runner.py:60} INFO - Started process 1614010 to run task
[2025-07-22T01:35:06.131+0000] {standard_task_runner.py:87} INFO - Running: ['***', 'tasks', 'run', 'DAG_atualizacao_financeiro_intelidata', 'executar_query_gnio', 'scheduled__2025-07-21T01:30:00+00:00', '--job-id', '610', '--raw', '--subdir', 'DAGS_FOLDER/Dagfinanceirointelidata.py', '--cfg-path', '/tmp/tmpp2z16rog']
[2025-07-22T01:35:06.139+0000] {standard_task_runner.py:88} INFO - Job 610: Subtask executar_query_gnio
[2025-07-22T01:35:06.538+0000] {task_command.py:423} INFO - Running <TaskInstance: DAG_atualizacao_financeiro_intelidata.executar_query_gnio scheduled__2025-07-21T01:30:00+00:00 [running]> on host 99f5714845f7
[2025-07-22T01:35:06.878+0000] {taskinstance.py:2480} INFO - Exporting env vars: AIRFLOW_CTX_DAG_OWNER='Pedro' AIRFLOW_CTX_DAG_ID='DAG_atualizacao_financeiro_intelidata' AIRFLOW_CTX_TASK_ID='executar_query_gnio' AIRFLOW_CTX_EXECUTION_DATE='2025-07-21T01:30:00+00:00' AIRFLOW_CTX_TRY_NUMBER='2' AIRFLOW_CTX_DAG_RUN_ID='scheduled__2025-07-21T01:30:00+00:00'
[2025-07-22T01:35:06.909+0000] {base.py:83} INFO - Using connection ID 'gnio' for task execution.
[2025-07-22T01:35:07.927+0000] {warnings.py:109} WARNING - /opt/***/dags/DAG_financeiro_intelidata/AtualizacaoFinanceiro.py:38: UserWarning: pandas only supports SQLAlchemy connectable (engine/connection) or database string URI or sqlite3 DBAPI2 connection. Other DBAPI2 objects are not tested. Please consider using SQLAlchemy.
  df = pd.read_sql(query, connection_gnio)

[2025-07-22T01:35:08.218+0000] {logging_mixin.py:188} INFO - 🚫 Erro na query GNIO: Query retornou DataFrame vazio!
[2025-07-22T01:35:08.219+0000] {taskinstance.py:2698} ERROR - Task failed with exception
Traceback (most recent call last):
  File "/home/airflow/.local/lib/python3.8/site-packages/airflow/models/taskinstance.py", line 433, in _execute_task
    result = execute_callable(context=context, **execute_callable_kwargs)
  File "/home/airflow/.local/lib/python3.8/site-packages/airflow/operators/python.py", line 199, in execute
    return_value = self.execute_callable()
  File "/home/airflow/.local/lib/python3.8/site-packages/airflow/operators/python.py", line 216, in execute_callable
    return self.python_callable(*self.op_args, **self.op_kwargs)
  File "/opt/airflow/dags/DAG_financeiro_intelidata/AtualizacaoFinanceiro.py", line 41, in executar_query_gnio
    raise ValueError("Query retornou DataFrame vazio!")
ValueError: Query retornou DataFrame vazio!
[2025-07-22T01:35:08.234+0000] {taskinstance.py:1138} INFO - Marking task as FAILED. dag_id=DAG_atualizacao_financeiro_intelidata, task_id=executar_query_gnio, execution_date=20250721T013000, start_date=20250722T013506, end_date=20250722T013508
[2025-07-22T01:35:08.289+0000] {standard_task_runner.py:107} ERROR - Failed to execute job 610 for task executar_query_gnio (Query retornou DataFrame vazio!; 1614010)
[2025-07-22T01:35:08.310+0000] {local_task_job_runner.py:234} INFO - Task exited with return code 1
[2025-07-22T01:35:08.605+0000] {taskinstance.py:3280} INFO - 0 downstream tasks scheduled from follow-on schedule check
