[2025-07-01T16:46:29.521+0000] {taskinstance.py:1956} INFO - Dependencies all met for dep_context=non-requeueable deps ti=<TaskInstance: DAG_atualizacao_cadastral_revendas.organized_response_database manual__2025-07-01T16:46:23.975321+00:00 [queued]>
[2025-07-01T16:46:29.539+0000] {taskinstance.py:1956} INFO - Dependencies all met for dep_context=requeueable deps ti=<TaskInstance: DAG_atualizacao_cadastral_revendas.organized_response_database manual__2025-07-01T16:46:23.975321+00:00 [queued]>
[2025-07-01T16:46:29.539+0000] {taskinstance.py:2170} INFO - Starting attempt 1 of 1
[2025-07-01T16:46:29.626+0000] {taskinstance.py:2191} INFO - Executing <Task(PythonOperator): organized_response_database> on 2025-07-01 16:46:23.975321+00:00
[2025-07-01T16:46:29.633+0000] {standard_task_runner.py:60} INFO - Started process 564837 to run task
[2025-07-01T16:46:29.640+0000] {standard_task_runner.py:87} INFO - Running: ['***', 'tasks', 'run', 'DAG_atualizacao_cadastral_revendas', 'organized_response_database', 'manual__2025-07-01T16:46:23.975321+00:00', '--job-id', '328', '--raw', '--subdir', 'DAGS_FOLDER/DagDatasetComercial.py', '--cfg-path', '/tmp/tmpwbsbekns']
[2025-07-01T16:46:29.642+0000] {standard_task_runner.py:88} INFO - Job 328: Subtask organized_response_database
[2025-07-01T16:46:29.807+0000] {task_command.py:423} INFO - Running <TaskInstance: DAG_atualizacao_cadastral_revendas.organized_response_database manual__2025-07-01T16:46:23.975321+00:00 [running]> on host 99f5714845f7
[2025-07-01T16:46:30.066+0000] {taskinstance.py:2480} INFO - Exporting env vars: AIRFLOW_CTX_DAG_OWNER='***' AIRFLOW_CTX_DAG_ID='DAG_atualizacao_cadastral_revendas' AIRFLOW_CTX_TASK_ID='organized_response_database' AIRFLOW_CTX_EXECUTION_DATE='2025-07-01T16:46:23.975321+00:00' AIRFLOW_CTX_TRY_NUMBER='1' AIRFLOW_CTX_DAG_RUN_ID='manual__2025-07-01T16:46:23.975321+00:00'
[2025-07-01T16:46:30.096+0000] {logging_mixin.py:188} INFO - Revenda A7 Soluções organizada com sucesso !
[2025-07-01T16:46:30.096+0000] {logging_mixin.py:188} INFO - Revenda AB Soluções em TI organizada com sucesso !
[2025-07-01T16:46:30.097+0000] {logging_mixin.py:188} INFO - Revenda Adonai Automação Comercial organizada com sucesso !
[2025-07-01T16:46:30.097+0000] {logging_mixin.py:188} INFO - Revenda ADV SIG organizada com sucesso !
[2025-07-01T16:46:30.098+0000] {logging_mixin.py:188} INFO - Revenda A e A Dist. de Informática - Softart organizada com sucesso !
[2025-07-01T16:46:30.098+0000] {logging_mixin.py:188} INFO - Revenda Af Suporte organizada com sucesso !
[2025-07-01T16:46:30.099+0000] {logging_mixin.py:188} INFO - Revenda Agedata Sistemas organizada com sucesso !
[2025-07-01T16:46:30.099+0000] {logging_mixin.py:188} INFO - Revenda AIO Solucoes organizada com sucesso !
[2025-07-01T16:46:30.100+0000] {logging_mixin.py:188} INFO - Revenda AllTecInfo organizada com sucesso !
[2025-07-01T16:46:30.100+0000] {logging_mixin.py:188} INFO - Revenda Alpha Systemas e informática organizada com sucesso !
[2025-07-01T16:46:30.101+0000] {logging_mixin.py:188} INFO - Revenda Alternativa Automação Comercial organizada com sucesso !
[2025-07-01T16:46:30.101+0000] {logging_mixin.py:188} INFO - Revenda Amigo do Micro organizada com sucesso !
[2025-07-01T16:46:30.102+0000] {logging_mixin.py:188} INFO - Revenda AND Consultores Associados organizada com sucesso !
[2025-07-01T16:46:30.102+0000] {logging_mixin.py:188} INFO - Revenda APRN Soluções organizada com sucesso !
[2025-07-01T16:46:30.103+0000] {logging_mixin.py:188} INFO - Revenda Ary Sistemas de Gestão e Informatica (RNS) organizada com sucesso !
[2025-07-01T16:46:30.103+0000] {logging_mixin.py:188} INFO - Revenda Asteqesystem organizada com sucesso !
[2025-07-01T16:46:30.104+0000] {logging_mixin.py:188} INFO - Revenda Atrium Sistemas organizada com sucesso !
[2025-07-01T16:46:30.105+0000] {logging_mixin.py:188} INFO - Revenda Automac Digitron organizada com sucesso !
[2025-07-01T16:46:30.105+0000] {logging_mixin.py:188} INFO - Revenda Automaquinas - Automação Comercial organizada com sucesso !
[2025-07-01T16:46:30.106+0000] {logging_mixin.py:188} INFO - Revenda Autosyste Tecnologia e Inovação organizada com sucesso !
[2025-07-01T16:46:30.107+0000] {logging_mixin.py:188} INFO - Revenda Autotech Informática organizada com sucesso !
[2025-07-01T16:46:30.107+0000] {logging_mixin.py:188} INFO - Revenda Bellabyte organizada com sucesso !
[2025-07-01T16:46:30.108+0000] {logging_mixin.py:188} INFO - Revenda Bitech organizada com sucesso !
[2025-07-01T16:46:30.108+0000] {logging_mixin.py:188} INFO - Revenda Boldtsoft Sistemas organizada com sucesso !
[2025-07-01T16:46:30.108+0000] {logging_mixin.py:188} INFO - Revenda BRAZ TI organizada com sucesso !
[2025-07-01T16:46:30.109+0000] {logging_mixin.py:188} INFO - Revenda Brusoft Informatica organizada com sucesso !
[2025-07-01T16:46:30.109+0000] {logging_mixin.py:188} INFO - Revenda Brvatech organizada com sucesso !
[2025-07-01T16:46:30.110+0000] {logging_mixin.py:188} INFO - Revenda Canal Tecnico (Lumi) organizada com sucesso !
[2025-07-01T16:46:30.110+0000] {logging_mixin.py:188} INFO - Revenda Casa das Impressoras organizada com sucesso !
[2025-07-01T16:46:30.111+0000] {logging_mixin.py:188} INFO - Revenda CASTERS organizada com sucesso !
[2025-07-01T16:46:30.111+0000] {logging_mixin.py:188} INFO - Revenda Centec Equipamentos organizada com sucesso !
[2025-07-01T16:46:30.111+0000] {logging_mixin.py:188} INFO - Revenda CK Tech Consultoria organizada com sucesso !
[2025-07-01T16:46:30.112+0000] {logging_mixin.py:188} INFO - Revenda Compass Tecnologia da Informação organizada com sucesso !
[2025-07-01T16:46:30.112+0000] {logging_mixin.py:188} INFO - Revenda Compucenter Software organizada com sucesso !
[2025-07-01T16:46:30.113+0000] {logging_mixin.py:188} INFO - Revenda Conexão Informática Ltda organizada com sucesso !
[2025-07-01T16:46:30.113+0000] {logging_mixin.py:188} INFO - Revenda Connect System Soluções em Tecnologia organizada com sucesso !
[2025-07-01T16:46:30.114+0000] {logging_mixin.py:188} INFO - Revenda Conte Certo Serviços organizada com sucesso !
[2025-07-01T16:46:30.114+0000] {logging_mixin.py:188} INFO - Revenda Control Biz organizada com sucesso !
[2025-07-01T16:46:30.114+0000] {logging_mixin.py:188} INFO - Revenda CTi - Centro Técnico de Informática organizada com sucesso !
[2025-07-01T16:46:30.115+0000] {logging_mixin.py:188} INFO - Revenda D&A Automação Comercial organizada com sucesso !
[2025-07-01T16:46:30.115+0000] {logging_mixin.py:188} INFO - Revenda DALTEC Automacao Comercial organizada com sucesso !
[2025-07-01T16:46:30.116+0000] {logging_mixin.py:188} INFO - Revenda DataConta Gestão de Negócios organizada com sucesso !
[2025-07-01T16:46:30.116+0000] {logging_mixin.py:188} INFO - Revenda Dataproxy organizada com sucesso !
[2025-07-01T16:46:30.116+0000] {logging_mixin.py:188} INFO - Revenda DCODER organizada com sucesso !
[2025-07-01T16:46:30.117+0000] {logging_mixin.py:188} INFO - Revenda D Data Soluções organizada com sucesso !
[2025-07-01T16:46:30.117+0000] {logging_mixin.py:188} INFO - Revenda DGTEC organizada com sucesso !
[2025-07-01T16:46:30.118+0000] {logging_mixin.py:188} INFO - Revenda Digito Informatica organizada com sucesso !
[2025-07-01T16:46:30.118+0000] {logging_mixin.py:188} INFO - Revenda Dikoc Soluções em Software organizada com sucesso !
[2025-07-01T16:46:30.119+0000] {logging_mixin.py:188} INFO - Revenda DMK Sistemas e Soluções - HSI organizada com sucesso !
[2025-07-01T16:46:30.119+0000] {logging_mixin.py:188} INFO - Revenda DMZ Informatica organizada com sucesso !
[2025-07-01T16:46:30.120+0000] {logging_mixin.py:188} INFO - Revenda Dolphin Consultoria organizada com sucesso !
[2025-07-01T16:46:30.121+0000] {logging_mixin.py:188} INFO - Revenda DSM Consultoria em T.I. organizada com sucesso !
[2025-07-01T16:46:30.121+0000] {logging_mixin.py:188} INFO - Revenda Duall Tech organizada com sucesso !
[2025-07-01T16:46:30.122+0000] {logging_mixin.py:188} INFO - Revenda DWH Comercio de Alimentos organizada com sucesso !
[2025-07-01T16:46:30.123+0000] {logging_mixin.py:188} INFO - Revenda Edcom Automação Comercial organizada com sucesso !
[2025-07-01T16:46:30.124+0000] {logging_mixin.py:188} INFO - Revenda Eleve Tecnologia organizada com sucesso !
[2025-07-01T16:46:30.124+0000] {logging_mixin.py:188} INFO - Revenda Emlink Solucoes Empresariais organizada com sucesso !
[2025-07-01T16:46:30.125+0000] {logging_mixin.py:188} INFO - Revenda Exatop Certificação Digital e Sistemas organizada com sucesso !
[2025-07-01T16:46:30.125+0000] {logging_mixin.py:188} INFO - Revenda Exodus Informática organizada com sucesso !
[2025-07-01T16:46:30.126+0000] {logging_mixin.py:188} INFO - Revenda Extrema Software de Gestão organizada com sucesso !
[2025-07-01T16:46:30.126+0000] {logging_mixin.py:188} INFO - Revenda F5 Suporte e Automacão Comercial organizada com sucesso !
[2025-07-01T16:46:30.127+0000] {logging_mixin.py:188} INFO - Revenda Facilita Sistemas organizada com sucesso !
[2025-07-01T16:46:30.127+0000] {logging_mixin.py:188} INFO - Revenda Facilsys organizada com sucesso !
[2025-07-01T16:46:30.127+0000] {logging_mixin.py:188} INFO - Revenda F & F Soluções Empresariais organizada com sucesso !
[2025-07-01T16:46:30.128+0000] {logging_mixin.py:188} INFO - Revenda FKSIS - Sistemas de Gestão organizada com sucesso !
[2025-07-01T16:46:30.129+0000] {logging_mixin.py:188} INFO - Revenda FlorySoftt organizada com sucesso !
[2025-07-01T16:46:30.129+0000] {logging_mixin.py:188} INFO - Revenda Fn Info House organizada com sucesso !
[2025-07-01T16:46:30.130+0000] {logging_mixin.py:188} INFO - Revenda FS Informatica organizada com sucesso !
[2025-07-01T16:46:30.130+0000] {logging_mixin.py:188} INFO - Revenda Fusion Sistemas e Informatica organizada com sucesso !
[2025-07-01T16:46:30.131+0000] {logging_mixin.py:188} INFO - Revenda Gilmaq Automação Comercial organizada com sucesso !
[2025-07-01T16:46:30.131+0000] {logging_mixin.py:188} INFO - Revenda GM Soluções em Informática organizada com sucesso !
[2025-07-01T16:46:30.131+0000] {logging_mixin.py:188} INFO - Revenda Grupo GUUW organizada com sucesso !
[2025-07-01T16:46:30.132+0000] {logging_mixin.py:188} INFO - Revenda Guaxutec organizada com sucesso !
[2025-07-01T16:46:30.132+0000] {logging_mixin.py:188} INFO - Revenda HSI Automação Comercial organizada com sucesso !
[2025-07-01T16:46:30.133+0000] {logging_mixin.py:188} INFO - Revenda HWC Soluções organizada com sucesso !
[2025-07-01T16:46:30.133+0000] {logging_mixin.py:188} INFO - Revenda I7 Automação Comercial organizada com sucesso !
[2025-07-01T16:46:30.133+0000] {logging_mixin.py:188} INFO - Revenda Ideal Soluções Empresariais organizada com sucesso !
[2025-07-01T16:46:30.134+0000] {logging_mixin.py:188} INFO - Revenda ID Tecnologia organizada com sucesso !
[2025-07-01T16:46:30.134+0000] {logging_mixin.py:188} INFO - Revenda IFFI Soluções organizada com sucesso !
[2025-07-01T16:46:30.135+0000] {logging_mixin.py:188} INFO - Revenda IG TEC organizada com sucesso !
[2025-07-01T16:46:30.135+0000] {logging_mixin.py:188} INFO - Revenda INFOPRINTER organizada com sucesso !
[2025-07-01T16:46:30.135+0000] {logging_mixin.py:188} INFO - Revenda INFORMIT organizada com sucesso !
[2025-07-01T16:46:30.136+0000] {logging_mixin.py:188} INFO - Revenda Infor Serviços organizada com sucesso !
[2025-07-01T16:46:30.136+0000] {logging_mixin.py:188} INFO - Revenda Infortec Automacao Comercial organizada com sucesso !
[2025-07-01T16:46:30.137+0000] {logging_mixin.py:188} INFO - Revenda Infotek organizada com sucesso !
[2025-07-01T16:46:30.137+0000] {logging_mixin.py:188} INFO - Revenda Innovati Tecnologia (INW Store) organizada com sucesso !
[2025-07-01T16:46:30.138+0000] {logging_mixin.py:188} INFO - Revenda Inova Software organizada com sucesso !
[2025-07-01T16:46:30.138+0000] {logging_mixin.py:188} INFO - Revenda Inspire Consult & Informatica  organizada com sucesso !
[2025-07-01T16:46:30.138+0000] {logging_mixin.py:188} INFO - Revenda Inteltix Tecnologia (Center) organizada com sucesso !
[2025-07-01T16:46:30.139+0000] {logging_mixin.py:188} INFO - Revenda J7 Automação Comercial - System HD organizada com sucesso !
[2025-07-01T16:46:30.139+0000] {logging_mixin.py:188} INFO - Revenda Jann Informatica organizada com sucesso !
[2025-07-01T16:46:30.140+0000] {logging_mixin.py:188} INFO - Revenda JB Tecnologia organizada com sucesso !
[2025-07-01T16:46:30.140+0000] {logging_mixin.py:188} INFO - Revenda J & E Soluções organizada com sucesso !
[2025-07-01T16:46:30.140+0000] {logging_mixin.py:188} INFO - Revenda JExpress organizada com sucesso !
[2025-07-01T16:46:30.141+0000] {logging_mixin.py:188} INFO - Revenda J F Soluções Informatica organizada com sucesso !
[2025-07-01T16:46:30.141+0000] {logging_mixin.py:188} INFO - Revenda J F Tech Tecnologia & Sistemas organizada com sucesso !
[2025-07-01T16:46:30.142+0000] {logging_mixin.py:188} INFO - Revenda JHLS Automação Comercial organizada com sucesso !
[2025-07-01T16:46:30.142+0000] {logging_mixin.py:188} INFO - Revenda Jinsei Contabilidade organizada com sucesso !
[2025-07-01T16:46:30.142+0000] {logging_mixin.py:188} INFO - Revenda JJ Serviços organizada com sucesso !
[2025-07-01T16:46:30.143+0000] {logging_mixin.py:188} INFO - Revenda JM Informatica organizada com sucesso !
[2025-07-01T16:46:30.143+0000] {logging_mixin.py:188} INFO - Revenda JP Automação Comercial organizada com sucesso !
[2025-07-01T16:46:30.144+0000] {logging_mixin.py:188} INFO - Revenda JSR Automação Comercial  organizada com sucesso !
[2025-07-01T16:46:30.144+0000] {logging_mixin.py:188} INFO - Revenda Kernel Sistemas organizada com sucesso !
[2025-07-01T16:46:30.144+0000] {logging_mixin.py:188} INFO - Revenda KMCI Tecnologia em Automação organizada com sucesso !
[2025-07-01T16:46:30.145+0000] {logging_mixin.py:188} INFO - Revenda Komputronic do Brasil organizada com sucesso !
[2025-07-01T16:46:30.145+0000] {logging_mixin.py:188} INFO - Revenda KSC Sistemas organizada com sucesso !
[2025-07-01T16:46:30.146+0000] {logging_mixin.py:188} INFO - Revenda L&D Comercio e Tecnologia organizada com sucesso !
[2025-07-01T16:46:30.146+0000] {logging_mixin.py:188} INFO - Revenda LD Tech organizada com sucesso !
[2025-07-01T16:46:30.146+0000] {logging_mixin.py:188} INFO - Revenda LF Sistemas organizada com sucesso !
[2025-07-01T16:46:30.147+0000] {logging_mixin.py:188} INFO - Revenda LiderTech organizada com sucesso !
[2025-07-01T16:46:30.147+0000] {logging_mixin.py:188} INFO - Revenda Life Sistemas  organizada com sucesso !
[2025-07-01T16:46:30.148+0000] {logging_mixin.py:188} INFO - Revenda LL Tecnologia organizada com sucesso !
[2025-07-01T16:46:30.148+0000] {logging_mixin.py:188} INFO - Revenda LMD Sistemas organizada com sucesso !
[2025-07-01T16:46:30.148+0000] {logging_mixin.py:188} INFO - Revenda Logitec 2000 Informatica organizada com sucesso !
[2025-07-01T16:46:30.149+0000] {logging_mixin.py:188} INFO - Revenda Macmos organizada com sucesso !
[2025-07-01T16:46:30.149+0000] {logging_mixin.py:188} INFO - Revenda Mape Informatica organizada com sucesso !
[2025-07-01T16:46:30.150+0000] {logging_mixin.py:188} INFO - Revenda Marcka Informática e Sistemas organizada com sucesso !
[2025-07-01T16:46:30.150+0000] {logging_mixin.py:188} INFO - Revenda Matechinfo organizada com sucesso !
[2025-07-01T16:46:30.150+0000] {logging_mixin.py:188} INFO - Revenda MB Tecnologia organizada com sucesso !
[2025-07-01T16:46:30.151+0000] {logging_mixin.py:188} INFO - Revenda MC2 Tecnologia organizada com sucesso !
[2025-07-01T16:46:30.151+0000] {logging_mixin.py:188} INFO - Revenda MCR Sistemas (RS-AMX) organizada com sucesso !
[2025-07-01T16:46:30.152+0000] {logging_mixin.py:188} INFO - Revenda MD Tech Automação organizada com sucesso !
[2025-07-01T16:46:30.152+0000] {logging_mixin.py:188} INFO - Revenda Megasoft Informatica organizada com sucesso !
[2025-07-01T16:46:30.152+0000] {logging_mixin.py:188} INFO - Revenda Mercantec Soluções organizada com sucesso !
[2025-07-01T16:46:30.153+0000] {logging_mixin.py:188} INFO - Revenda Mikrox "Somadatta" organizada com sucesso !
[2025-07-01T16:46:30.153+0000] {logging_mixin.py:188} INFO - Revenda M. Nobre (Terabyte) organizada com sucesso !
[2025-07-01T16:46:30.153+0000] {logging_mixin.py:188} INFO - Revenda MRsis Automação organizada com sucesso !
[2025-07-01T16:46:30.154+0000] {logging_mixin.py:188} INFO - Revenda M&R Soluções - Grupo ATL organizada com sucesso !
[2025-07-01T16:46:30.154+0000] {logging_mixin.py:188} INFO - Revenda Multi Soft organizada com sucesso !
[2025-07-01T16:46:30.155+0000] {logging_mixin.py:188} INFO - Revenda NewCompras.com.br organizada com sucesso !
[2025-07-01T16:46:30.155+0000] {logging_mixin.py:188} INFO - Revenda NEWTEF Automação organizada com sucesso !
[2025-07-01T16:46:30.155+0000] {logging_mixin.py:188} INFO - Revenda Next Store organizada com sucesso !
[2025-07-01T16:46:30.156+0000] {logging_mixin.py:188} INFO - Revenda Nova Loja organizada com sucesso !
[2025-07-01T16:46:30.156+0000] {logging_mixin.py:188} INFO - Revenda NovaPC organizada com sucesso !
[2025-07-01T16:46:30.157+0000] {logging_mixin.py:188} INFO - Revenda Optimus - Gestão organizada com sucesso !
[2025-07-01T16:46:30.157+0000] {logging_mixin.py:188} INFO - Revenda Otimizer Consultoria em Sistemas organizada com sucesso !
[2025-07-01T16:46:30.157+0000] {logging_mixin.py:188} INFO - Revenda Otimize Soluções organizada com sucesso !
[2025-07-01T16:46:30.158+0000] {logging_mixin.py:188} INFO - Revenda P21 Software organizada com sucesso !
[2025-07-01T16:46:30.158+0000] {logging_mixin.py:188} INFO - Revenda PALM Soluções organizada com sucesso !
[2025-07-01T16:46:30.159+0000] {logging_mixin.py:188} INFO - Revenda Parceria Informatica organizada com sucesso !
[2025-07-01T16:46:30.159+0000] {logging_mixin.py:188} INFO - Revenda PDV Automação organizada com sucesso !
[2025-07-01T16:46:30.159+0000] {logging_mixin.py:188} INFO - Revenda PEG Informatica organizada com sucesso !
[2025-07-01T16:46:30.160+0000] {logging_mixin.py:188} INFO - Revenda Piramide Automação e Informatica organizada com sucesso !
[2025-07-01T16:46:30.160+0000] {logging_mixin.py:188} INFO - Revenda Plus Solutions organizada com sucesso !
[2025-07-01T16:46:30.161+0000] {logging_mixin.py:188} INFO - Revenda Ponte organizada com sucesso !
[2025-07-01T16:46:30.161+0000] {logging_mixin.py:188} INFO - Revenda Pratic Informática organizada com sucesso !
[2025-07-01T16:46:30.162+0000] {logging_mixin.py:188} INFO - Revenda PROFISC - Consultoria  organizada com sucesso !
[2025-07-01T16:46:30.162+0000] {logging_mixin.py:188} INFO - Revenda Pryamos organizada com sucesso !
[2025-07-01T16:46:30.162+0000] {logging_mixin.py:188} INFO - Revenda Quality Automação e Recargas organizada com sucesso !
[2025-07-01T16:46:30.163+0000] {logging_mixin.py:188} INFO - Revenda Rafah Soluções em Sistema organizada com sucesso !
[2025-07-01T16:46:30.163+0000] {logging_mixin.py:188} INFO - Revenda RC Automação organizada com sucesso !
[2025-07-01T16:46:30.164+0000] {logging_mixin.py:188} INFO - Revenda RCM Tecnologia organizada com sucesso !
[2025-07-01T16:46:30.164+0000] {logging_mixin.py:188} INFO - Revenda RedeEllo organizada com sucesso !
[2025-07-01T16:46:30.164+0000] {logging_mixin.py:188} INFO - Revenda Rieger Consultoria e Serviços  organizada com sucesso !
[2025-07-01T16:46:30.165+0000] {logging_mixin.py:188} INFO - Revenda RKS Tecnologia organizada com sucesso !
[2025-07-01T16:46:30.165+0000] {logging_mixin.py:188} INFO - Revenda Rondoniatec Sistemas e Soluções organizada com sucesso !
[2025-07-01T16:46:30.165+0000] {logging_mixin.py:188} INFO - Revenda Royal Ti organizada com sucesso !
[2025-07-01T16:46:30.166+0000] {logging_mixin.py:188} INFO - Revenda RPD Tech Soluções em T.I. organizada com sucesso !
[2025-07-01T16:46:30.166+0000] {logging_mixin.py:188} INFO - Revenda RPDV Soluções em Tecnologia organizada com sucesso !
[2025-07-01T16:46:30.167+0000] {logging_mixin.py:188} INFO - Revenda RS Informatica organizada com sucesso !
[2025-07-01T16:46:30.167+0000] {logging_mixin.py:188} INFO - Revenda Rtek organizada com sucesso !
[2025-07-01T16:46:30.167+0000] {logging_mixin.py:188} INFO - Revenda SDN Sistemas de Gestão organizada com sucesso !
[2025-07-01T16:46:30.168+0000] {logging_mixin.py:188} INFO - Revenda Seed Tecnologia organizada com sucesso !
[2025-07-01T16:46:30.168+0000] {logging_mixin.py:188} INFO - Revenda Shopseg Sistemas organizada com sucesso !
[2025-07-01T16:46:30.169+0000] {logging_mixin.py:188} INFO - Revenda Sig Sistemas Corporativos organizada com sucesso !
[2025-07-01T16:46:30.169+0000] {logging_mixin.py:188} INFO - Revenda Sistech Sistemas organizada com sucesso !
[2025-07-01T16:46:30.169+0000] {logging_mixin.py:188} INFO - Revenda Sistema Completo organizada com sucesso !
[2025-07-01T16:46:30.170+0000] {logging_mixin.py:188} INFO - Revenda Sistema Uniplus - Vitória da Conquista organizada com sucesso !
[2025-07-01T16:46:30.170+0000] {logging_mixin.py:188} INFO - Revenda Skill Automação Comercial organizada com sucesso !
[2025-07-01T16:46:30.171+0000] {logging_mixin.py:188} INFO - Revenda SM10 Sistemas de Gestão e Automação Comercial  (AM10) organizada com sucesso !
[2025-07-01T16:46:30.171+0000] {logging_mixin.py:188} INFO - Revenda Smith Tecnologias organizada com sucesso !
[2025-07-01T16:46:30.171+0000] {logging_mixin.py:188} INFO - Revenda SMQ Tecnologia organizada com sucesso !
[2025-07-01T16:46:30.172+0000] {logging_mixin.py:188} INFO - Revenda Softech Tecnologia organizada com sucesso !
[2025-07-01T16:46:30.172+0000] {logging_mixin.py:188} INFO - Revenda SoftGadol organizada com sucesso !
[2025-07-01T16:46:30.173+0000] {logging_mixin.py:188} INFO - Revenda Softkore organizada com sucesso !
[2025-07-01T16:46:30.173+0000] {logging_mixin.py:188} INFO - Revenda Softmaq Tecnologia organizada com sucesso !
[2025-07-01T16:46:30.174+0000] {logging_mixin.py:188} INFO - Revenda Softpollus organizada com sucesso !
[2025-07-01T16:46:30.174+0000] {logging_mixin.py:188} INFO - Revenda Solem Tecnologia organizada com sucesso !
[2025-07-01T16:46:30.174+0000] {logging_mixin.py:188} INFO - Revenda Sonaglio Automação organizada com sucesso !
[2025-07-01T16:46:30.175+0000] {logging_mixin.py:188} INFO - Revenda Sonsun organizada com sucesso !
[2025-07-01T16:46:30.175+0000] {logging_mixin.py:188} INFO - Revenda Sophos Projetos organizada com sucesso !
[2025-07-01T16:46:30.176+0000] {logging_mixin.py:188} INFO - Revenda Sparta Gestão e Contabilidade - DEOCLESYSTEM organizada com sucesso !
[2025-07-01T16:46:30.176+0000] {logging_mixin.py:188} INFO - Revenda Speed Automação Comercial organizada com sucesso !
[2025-07-01T16:46:30.177+0000] {logging_mixin.py:188} INFO - Revenda SS Informatica - Bahia organizada com sucesso !
[2025-07-01T16:46:30.177+0000] {logging_mixin.py:188} INFO - Revenda SS Informática - Maranhão organizada com sucesso !
[2025-07-01T16:46:30.177+0000] {logging_mixin.py:188} INFO - Revenda Syscom Sistemas organizada com sucesso !
[2025-07-01T16:46:30.178+0000] {logging_mixin.py:188} INFO - Revenda SYSFOUR - Intelligent Systems organizada com sucesso !
[2025-07-01T16:46:30.178+0000] {logging_mixin.py:188} INFO - Revenda System Bella Automação Comercial organizada com sucesso !
[2025-07-01T16:46:30.179+0000] {logging_mixin.py:188} INFO - Revenda TB Automação e Informática organizada com sucesso !
[2025-07-01T16:46:30.179+0000] {logging_mixin.py:188} INFO - Revenda TC Maquinas organizada com sucesso !
[2025-07-01T16:46:30.179+0000] {logging_mixin.py:188} INFO - Revenda Technoside Informatica organizada com sucesso !
[2025-07-01T16:46:30.180+0000] {logging_mixin.py:188} INFO - Revenda Tecmicro Informática organizada com sucesso !
[2025-07-01T16:46:30.180+0000] {logging_mixin.py:188} INFO - Revenda Tecnoinfo organizada com sucesso !
[2025-07-01T16:46:30.181+0000] {logging_mixin.py:188} INFO - Revenda TECSOLUTION organizada com sucesso !
[2025-07-01T16:46:30.181+0000] {logging_mixin.py:188} INFO - Revenda Tefcom organizada com sucesso !
[2025-07-01T16:46:30.181+0000] {logging_mixin.py:188} INFO - Revenda TFA Tecnologia e Soluções  organizada com sucesso !
[2025-07-01T16:46:30.182+0000] {logging_mixin.py:188} INFO - Revenda TI-Brasil Sistemas organizada com sucesso !
[2025-07-01T16:46:30.182+0000] {logging_mixin.py:188} INFO - Revenda Trends Solutions organizada com sucesso !
[2025-07-01T16:46:30.183+0000] {logging_mixin.py:188} INFO - Revenda TS TECH organizada com sucesso !
[2025-07-01T16:46:30.183+0000] {logging_mixin.py:188} INFO - Revenda Unisoft Sistemas ** Hardtech organizada com sucesso !
[2025-07-01T16:46:30.183+0000] {logging_mixin.py:188} INFO - Revenda Unitek Soluções organizada com sucesso !
[2025-07-01T16:46:30.184+0000] {logging_mixin.py:188} INFO - Revenda Uniup Sistema - Automação e CFTV organizada com sucesso !
[2025-07-01T16:46:30.184+0000] {logging_mixin.py:188} INFO - Revenda Universal Automação Comercial  organizada com sucesso !
[2025-07-01T16:46:30.185+0000] {logging_mixin.py:188} INFO - Revenda Universo Sistemas organizada com sucesso !
[2025-07-01T16:46:30.185+0000] {logging_mixin.py:188} INFO - Revenda Valor Tecnologia organizada com sucesso !
[2025-07-01T16:46:30.185+0000] {logging_mixin.py:188} INFO - Revenda VGI TECHNOLOGY organizada com sucesso !
[2025-07-01T16:46:30.186+0000] {logging_mixin.py:188} INFO - Revenda Via Nova Soluções em Tecnologia organizada com sucesso !
[2025-07-01T16:46:30.186+0000] {logging_mixin.py:188} INFO - Revenda Virtual Informatica_MG organizada com sucesso !
[2025-07-01T16:46:30.187+0000] {logging_mixin.py:188} INFO - Revenda Virtual Sistemas_SC organizada com sucesso !
[2025-07-01T16:46:30.187+0000] {logging_mixin.py:188} INFO - Revenda VPN Solucoes em Informatica organizada com sucesso !
[2025-07-01T16:46:30.187+0000] {logging_mixin.py:188} INFO - Revenda Vzan Automação Comercial organizada com sucesso !
[2025-07-01T16:46:30.188+0000] {logging_mixin.py:188} INFO - Revenda Walltech Informatica organizada com sucesso !
[2025-07-01T16:46:30.188+0000] {logging_mixin.py:188} INFO - Revenda W C Sistemas organizada com sucesso !
[2025-07-01T16:46:30.189+0000] {logging_mixin.py:188} INFO - Revenda WGE informatica organizada com sucesso !
[2025-07-01T16:46:30.189+0000] {logging_mixin.py:188} INFO - Revenda WMX Soluções em Tecnologia organizada com sucesso !
[2025-07-01T16:46:30.189+0000] {logging_mixin.py:188} INFO - Revenda X1 Automação organizada com sucesso !
[2025-07-01T16:46:30.317+0000] {python.py:201} INFO - Done. Returned value was: None
[2025-07-01T16:46:30.335+0000] {taskinstance.py:1138} INFO - Marking task as SUCCESS. dag_id=DAG_atualizacao_cadastral_revendas, task_id=organized_response_database, execution_date=20250701T164623, start_date=20250701T164629, end_date=20250701T164630
[2025-07-01T16:46:30.455+0000] {local_task_job_runner.py:234} INFO - Task exited with return code 0
[2025-07-01T16:46:30.502+0000] {taskinstance.py:3280} INFO - 1 downstream tasks scheduled from follow-on schedule check
